#-----------------------------------------------------------
# Vivado v2019.1 (64-bit)
# SW Build 2552052 on Fri May 24 14:49:42 MDT 2019
# IP Build 2548770 on Fri May 24 18:01:18 MDT 2019
# Start of session at: Tue Nov  5 19:28:38 2019
# Process ID: 12656
# Current directory: D:/Users/Julian/Documents/UCSC Year THREE/CSE 100/Lab 5/Lab 5
# Command line: vivado.exe -gui_launcher_event rodinguilauncherevent9840 D:\Users\Julian\Documents\UCSC Year THREE\CSE 100\Lab 5\Lab 5\Lab 5.xpr
# Log file: D:/Users/Julian/Documents/UCSC Year THREE/CSE 100/Lab 5/Lab 5/vivado.log
# Journal file: D:/Users/Julian/Documents/UCSC Year THREE/CSE 100/Lab 5/Lab 5\vivado.jou
#-----------------------------------------------------------
start_gui
open_project {D:/Users/Julian/Documents/UCSC Year THREE/CSE 100/Lab 5/Lab 5/Lab 5.xpr}
INFO: [Project 1-313] Project file moved from 'C:/Users/Julian/Documents/Work/CSE 100/Lab 5/Lab 5' since last save.
Scanning sources...
Finished scanning sources
INFO: [IP_Flow 19-234] Refreshing IP repositories
INFO: [IP_Flow 19-1704] No user IP repositories specified
INFO: [IP_Flow 19-2313] Loaded Vivado IP repository 'D:/Xilinx/Vivado/2019.1/data/ip'.
open_project: Time (s): cpu = 00:00:17 ; elapsed = 00:00:12 . Memory (MB): peak = 687.008 ; gain = 97.586
update_compile_order -fileset sources_1
close [ open {D:/Users/Julian/Documents/UCSC Year THREE/CSE 100/Lab 5/Lab 5/Lab 5.srcs/sources_1/new/toppo.v} w ]
add_files {{D:/Users/Julian/Documents/UCSC Year THREE/CSE 100/Lab 5/Lab 5/Lab 5.srcs/sources_1/new/toppo.v}}
update_compile_order -fileset sources_1
close [ open {D:/Users/Julian/Documents/UCSC Year THREE/CSE 100/Lab 5/Lab 5/Lab 5.srcs/sources_1/new/synchronizer.v} w ]
add_files {{D:/Users/Julian/Documents/UCSC Year THREE/CSE 100/Lab 5/Lab 5/Lab 5.srcs/sources_1/new/synchronizer.v}}
update_compile_order -fileset sources_1
set_property SOURCE_SET sources_1 [get_filesets sim_1]
close [ open {D:/Users/Julian/Documents/UCSC Year THREE/CSE 100/Lab 5/Lab 5/Lab 5.srcs/sim_1/new/stateMachineTest.v} w ]
add_files -fileset sim_1 {{D:/Users/Julian/Documents/UCSC Year THREE/CSE 100/Lab 5/Lab 5/Lab 5.srcs/sim_1/new/stateMachineTest.v}}
update_compile_order -fileset sim_1
set_property top stateMachine [current_fileset]
update_compile_order -fileset sources_1
set_property top stateMachineTest [get_filesets sim_1]
set_property top_lib xil_defaultlib [get_filesets sim_1]
update_compile_order -fileset sim_1
update_compile_order -fileset sim_1
update_compile_order -fileset sim_1
launch_simulation
INFO: [Vivado 12-5682] Launching behavioral simulation in 'D:/Users/Julian/Documents/UCSC Year THREE/CSE 100/Lab 5/Lab 5/Lab 5.sim/sim_1/behav/xsim'
INFO: [SIM-utils-51] Simulation object is 'sim_1'
INFO: [SIM-utils-54] Inspecting design source files for 'stateMachineTest' in fileset 'sim_1'...
INFO: [USF-XSim-97] Finding global include files...
INFO: [USF-XSim-98] Fetching design files from 'sim_1'...
INFO: [USF-XSim-2] XSim::Compile design
INFO: [USF-XSim-61] Executing 'COMPILE and ANALYZE' step in 'D:/Users/Julian/Documents/UCSC Year THREE/CSE 100/Lab 5/Lab 5/Lab 5.sim/sim_1/behav/xsim'
"xvlog --incr --relax -prj stateMachineTest_vlog.prj"
INFO: [VRFC 10-2263] Analyzing Verilog file "D:/Users/Julian/Documents/UCSC Year THREE/CSE 100/Lab 5/Lab 5/Lab 5.srcs/sources_1/new/stateMachine.v" into library xil_defaultlib
INFO: [VRFC 10-311] analyzing module stateMachine
INFO: [VRFC 10-2263] Analyzing Verilog file "D:/Users/Julian/Documents/UCSC Year THREE/CSE 100/Lab 5/Lab 5/Lab 5.srcs/sim_1/new/stateMachineTest.v" into library xil_defaultlib
INFO: [VRFC 10-311] analyzing module stateMachineTest
INFO: [VRFC 10-2263] Analyzing Verilog file "D:/Users/Julian/Documents/UCSC Year THREE/CSE 100/Lab 5/Lab 5/Lab 5.sim/sim_1/behav/xsim/glbl.v" into library xil_defaultlib
INFO: [VRFC 10-311] analyzing module glbl
INFO: [USF-XSim-69] 'compile' step finished in '3' seconds
INFO: [USF-XSim-3] XSim::Elaborate design
INFO: [USF-XSim-61] Executing 'ELABORATE' step in 'D:/Users/Julian/Documents/UCSC Year THREE/CSE 100/Lab 5/Lab 5/Lab 5.sim/sim_1/behav/xsim'
"xelab -wto 0d366662182e4828a81114f9f1528286 --incr --debug typical --relax --mt 2 -L xil_defaultlib -L unisims_ver -L unimacro_ver -L secureip --snapshot stateMachineTest_behav xil_defaultlib.stateMachineTest xil_defaultlib.glbl -log elaborate.log"
Vivado Simulator 2019.1
Copyright 1986-1999, 2001-2019 Xilinx, Inc. All Rights Reserved.
Running: D:/Xilinx/Vivado/2019.1/bin/unwrapped/win64.o/xelab.exe -wto 0d366662182e4828a81114f9f1528286 --incr --debug typical --relax --mt 2 -L xil_defaultlib -L unisims_ver -L unimacro_ver -L secureip --snapshot stateMachineTest_behav xil_defaultlib.stateMachineTest xil_defaultlib.glbl -log elaborate.log 
Using 2 slave threads.
Starting static elaboration
Completed static elaboration
Starting simulation data flow analysis
Completed simulation data flow analysis
Time Resolution for simulation is 1ps
Compiling module unisims_ver.FDRE(INIT=1'b1)
Compiling module unisims_ver.FDRE_default
Compiling module xil_defaultlib.stateMachine
Compiling module xil_defaultlib.stateMachineTest
Compiling module xil_defaultlib.glbl
Built simulation snapshot stateMachineTest_behav

****** Webtalk v2019.1 (64-bit)
  **** SW Build 2552052 on Fri May 24 14:49:42 MDT 2019
  **** IP Build 2548770 on Fri May 24 18:01:18 MDT 2019
    ** Copyright 1986-2019 Xilinx, Inc. All Rights Reserved.

source D:/Users/Julian/Documents/UCSC -notrace
couldn't read file "D:/Users/Julian/Documents/UCSC": permission denied
INFO: [Common 17-206] Exiting Webtalk at Tue Nov  5 21:54:15 2019...
run_program: Time (s): cpu = 00:00:00 ; elapsed = 00:00:08 . Memory (MB): peak = 728.949 ; gain = 0.000
INFO: [USF-XSim-69] 'elaborate' step finished in '8' seconds
INFO: [USF-XSim-4] XSim::Simulate design
INFO: [USF-XSim-61] Executing 'SIMULATE' step in 'D:/Users/Julian/Documents/UCSC Year THREE/CSE 100/Lab 5/Lab 5/Lab 5.sim/sim_1/behav/xsim'
INFO: [USF-XSim-98] *** Running xsim
   with args "stateMachineTest_behav -key {Behavioral:sim_1:Functional:stateMachineTest} -tclbatch {stateMachineTest.tcl} -log {simulate.log}"
INFO: [USF-XSim-8] Loading simulator feature
Vivado Simulator 2019.1
Time resolution is 1 ps
source stateMachineTest.tcl
# set curr_wave [current_wave_config]
# if { [string length $curr_wave] == 0 } {
#   if { [llength [get_objects]] > 0} {
#     add_wave /
#     set_property needs_save false [current_wave_config]
#   } else {
#      send_msg_id Add_Wave-1 WARNING "No top level signals found. Simulator will start without a wave window. If you want to open a wave window go to 'File->New Waveform Configuration' or type 'create_wave_config' in the TCL console."
#   }
# }
# run 1000ns
xsim: Time (s): cpu = 00:00:10 ; elapsed = 00:00:07 . Memory (MB): peak = 758.742 ; gain = 16.031
INFO: [USF-XSim-96] XSim completed. Design snapshot 'stateMachineTest_behav' loaded.
INFO: [USF-XSim-97] XSim simulation ran for 1000ns
launch_simulation: Time (s): cpu = 00:00:12 ; elapsed = 00:00:20 . Memory (MB): peak = 758.742 ; gain = 29.793
run 2 us
relaunch_sim
INFO: [Vivado 12-5682] Launching behavioral simulation in 'D:/Users/Julian/Documents/UCSC Year THREE/CSE 100/Lab 5/Lab 5/Lab 5.sim/sim_1/behav/xsim'
INFO: [SIM-utils-51] Simulation object is 'sim_1'
INFO: [SIM-utils-54] Inspecting design source files for 'stateMachineTest' in fileset 'sim_1'...
INFO: [USF-XSim-97] Finding global include files...
INFO: [USF-XSim-98] Fetching design files from 'sim_1'...
INFO: [USF-XSim-2] XSim::Compile design
INFO: [USF-XSim-61] Executing 'COMPILE and ANALYZE' step in 'D:/Users/Julian/Documents/UCSC Year THREE/CSE 100/Lab 5/Lab 5/Lab 5.sim/sim_1/behav/xsim'
"xvlog --incr --relax -prj stateMachineTest_vlog.prj"
INFO: [VRFC 10-2263] Analyzing Verilog file "D:/Users/Julian/Documents/UCSC Year THREE/CSE 100/Lab 5/Lab 5/Lab 5.srcs/sources_1/new/stateMachine.v" into library xil_defaultlib
INFO: [VRFC 10-311] analyzing module stateMachine
INFO: [VRFC 10-2263] Analyzing Verilog file "D:/Users/Julian/Documents/UCSC Year THREE/CSE 100/Lab 5/Lab 5/Lab 5.srcs/sim_1/new/stateMachineTest.v" into library xil_defaultlib
INFO: [VRFC 10-311] analyzing module stateMachineTest
INFO: [USF-XSim-69] 'compile' step finished in '2' seconds
INFO: [Vivado 12-5682] Launching behavioral simulation in 'D:/Users/Julian/Documents/UCSC Year THREE/CSE 100/Lab 5/Lab 5/Lab 5.sim/sim_1/behav/xsim'
INFO: [USF-XSim-3] XSim::Elaborate design
INFO: [USF-XSim-61] Executing 'ELABORATE' step in 'D:/Users/Julian/Documents/UCSC Year THREE/CSE 100/Lab 5/Lab 5/Lab 5.sim/sim_1/behav/xsim'
"xelab -wto 0d366662182e4828a81114f9f1528286 --incr --debug typical --relax --mt 2 -L xil_defaultlib -L unisims_ver -L unimacro_ver -L secureip --snapshot stateMachineTest_behav xil_defaultlib.stateMachineTest xil_defaultlib.glbl -log elaborate.log"
Vivado Simulator 2019.1
Copyright 1986-1999, 2001-2019 Xilinx, Inc. All Rights Reserved.
Running: D:/Xilinx/Vivado/2019.1/bin/unwrapped/win64.o/xelab.exe -wto 0d366662182e4828a81114f9f1528286 --incr --debug typical --relax --mt 2 -L xil_defaultlib -L unisims_ver -L unimacro_ver -L secureip --snapshot stateMachineTest_behav xil_defaultlib.stateMachineTest xil_defaultlib.glbl -log elaborate.log 
Using 2 slave threads.
Starting static elaboration
Completed static elaboration
Starting simulation data flow analysis
Completed simulation data flow analysis
Time Resolution for simulation is 1ps
Compiling module unisims_ver.FDRE(INIT=1'b1)
Compiling module unisims_ver.FDRE_default
Compiling module xil_defaultlib.stateMachine
Compiling module xil_defaultlib.stateMachineTest
Compiling module xil_defaultlib.glbl
Built simulation snapshot stateMachineTest_behav
INFO: [USF-XSim-69] 'elaborate' step finished in '3' seconds
Vivado Simulator 2019.1
Time resolution is 1 ps
relaunch_sim: Time (s): cpu = 00:00:03 ; elapsed = 00:00:11 . Memory (MB): peak = 759.953 ; gain = 0.000
relaunch_sim
INFO: [Vivado 12-5682] Launching behavioral simulation in 'D:/Users/Julian/Documents/UCSC Year THREE/CSE 100/Lab 5/Lab 5/Lab 5.sim/sim_1/behav/xsim'
INFO: [SIM-utils-51] Simulation object is 'sim_1'
INFO: [SIM-utils-54] Inspecting design source files for 'stateMachineTest' in fileset 'sim_1'...
INFO: [USF-XSim-97] Finding global include files...
INFO: [USF-XSim-98] Fetching design files from 'sim_1'...
INFO: [USF-XSim-2] XSim::Compile design
INFO: [USF-XSim-61] Executing 'COMPILE and ANALYZE' step in 'D:/Users/Julian/Documents/UCSC Year THREE/CSE 100/Lab 5/Lab 5/Lab 5.sim/sim_1/behav/xsim'
"xvlog --incr --relax -prj stateMachineTest_vlog.prj"
INFO: [USF-XSim-69] 'compile' step finished in '1' seconds
INFO: [Vivado 12-5682] Launching behavioral simulation in 'D:/Users/Julian/Documents/UCSC Year THREE/CSE 100/Lab 5/Lab 5/Lab 5.sim/sim_1/behav/xsim'
INFO: [USF-XSim-3] XSim::Elaborate design
INFO: [USF-XSim-61] Executing 'ELABORATE' step in 'D:/Users/Julian/Documents/UCSC Year THREE/CSE 100/Lab 5/Lab 5/Lab 5.sim/sim_1/behav/xsim'
"xelab -wto 0d366662182e4828a81114f9f1528286 --incr --debug typical --relax --mt 2 -L xil_defaultlib -L unisims_ver -L unimacro_ver -L secureip --snapshot stateMachineTest_behav xil_defaultlib.stateMachineTest xil_defaultlib.glbl -log elaborate.log"
Vivado Simulator 2019.1
Copyright 1986-1999, 2001-2019 Xilinx, Inc. All Rights Reserved.
Running: D:/Xilinx/Vivado/2019.1/bin/unwrapped/win64.o/xelab.exe -wto 0d366662182e4828a81114f9f1528286 --incr --debug typical --relax --mt 2 -L xil_defaultlib -L unisims_ver -L unimacro_ver -L secureip --snapshot stateMachineTest_behav xil_defaultlib.stateMachineTest xil_defaultlib.glbl -log elaborate.log 
Using 2 slave threads.
Starting static elaboration
Completed static elaboration
INFO: [XSIM 43-4323] No Change in HDL. Linking previously generated obj files to create kernel
INFO: [USF-XSim-69] 'elaborate' step finished in '2' seconds
Vivado Simulator 2019.1
Time resolution is 1 ps
relaunch_sim: Time (s): cpu = 00:00:02 ; elapsed = 00:00:08 . Memory (MB): peak = 759.953 ; gain = 0.000
relaunch_sim
INFO: [Vivado 12-5682] Launching behavioral simulation in 'D:/Users/Julian/Documents/UCSC Year THREE/CSE 100/Lab 5/Lab 5/Lab 5.sim/sim_1/behav/xsim'
INFO: [SIM-utils-51] Simulation object is 'sim_1'
INFO: [SIM-utils-54] Inspecting design source files for 'stateMachineTest' in fileset 'sim_1'...
INFO: [USF-XSim-97] Finding global include files...
INFO: [USF-XSim-98] Fetching design files from 'sim_1'...
INFO: [USF-XSim-2] XSim::Compile design
INFO: [USF-XSim-61] Executing 'COMPILE and ANALYZE' step in 'D:/Users/Julian/Documents/UCSC Year THREE/CSE 100/Lab 5/Lab 5/Lab 5.sim/sim_1/behav/xsim'
"xvlog --incr --relax -prj stateMachineTest_vlog.prj"
INFO: [VRFC 10-2263] Analyzing Verilog file "D:/Users/Julian/Documents/UCSC Year THREE/CSE 100/Lab 5/Lab 5/Lab 5.srcs/sources_1/new/stateMachine.v" into library xil_defaultlib
INFO: [VRFC 10-311] analyzing module stateMachine
INFO: [VRFC 10-2263] Analyzing Verilog file "D:/Users/Julian/Documents/UCSC Year THREE/CSE 100/Lab 5/Lab 5/Lab 5.srcs/sim_1/new/stateMachineTest.v" into library xil_defaultlib
INFO: [VRFC 10-311] analyzing module stateMachineTest
INFO: [USF-XSim-69] 'compile' step finished in '1' seconds
INFO: [Vivado 12-5682] Launching behavioral simulation in 'D:/Users/Julian/Documents/UCSC Year THREE/CSE 100/Lab 5/Lab 5/Lab 5.sim/sim_1/behav/xsim'
INFO: [USF-XSim-3] XSim::Elaborate design
INFO: [USF-XSim-61] Executing 'ELABORATE' step in 'D:/Users/Julian/Documents/UCSC Year THREE/CSE 100/Lab 5/Lab 5/Lab 5.sim/sim_1/behav/xsim'
"xelab -wto 0d366662182e4828a81114f9f1528286 --incr --debug typical --relax --mt 2 -L xil_defaultlib -L unisims_ver -L unimacro_ver -L secureip --snapshot stateMachineTest_behav xil_defaultlib.stateMachineTest xil_defaultlib.glbl -log elaborate.log"
Vivado Simulator 2019.1
Copyright 1986-1999, 2001-2019 Xilinx, Inc. All Rights Reserved.
Running: D:/Xilinx/Vivado/2019.1/bin/unwrapped/win64.o/xelab.exe -wto 0d366662182e4828a81114f9f1528286 --incr --debug typical --relax --mt 2 -L xil_defaultlib -L unisims_ver -L unimacro_ver -L secureip --snapshot stateMachineTest_behav xil_defaultlib.stateMachineTest xil_defaultlib.glbl -log elaborate.log 
Using 2 slave threads.
Starting static elaboration
Completed static elaboration
Starting simulation data flow analysis
Completed simulation data flow analysis
Time Resolution for simulation is 1ps
Compiling module unisims_ver.FDRE(INIT=1'b1)
Compiling module unisims_ver.FDRE_default
Compiling module xil_defaultlib.stateMachine
Compiling module xil_defaultlib.stateMachineTest
Compiling module xil_defaultlib.glbl
Built simulation snapshot stateMachineTest_behav
INFO: [USF-XSim-69] 'elaborate' step finished in '3' seconds
Vivado Simulator 2019.1
Time resolution is 1 ps
relaunch_sim: Time (s): cpu = 00:00:03 ; elapsed = 00:00:08 . Memory (MB): peak = 759.953 ; gain = 0.000
relaunch_sim
INFO: [Vivado 12-5682] Launching behavioral simulation in 'D:/Users/Julian/Documents/UCSC Year THREE/CSE 100/Lab 5/Lab 5/Lab 5.sim/sim_1/behav/xsim'
INFO: [SIM-utils-51] Simulation object is 'sim_1'
INFO: [SIM-utils-54] Inspecting design source files for 'stateMachineTest' in fileset 'sim_1'...
INFO: [USF-XSim-97] Finding global include files...
INFO: [USF-XSim-98] Fetching design files from 'sim_1'...
INFO: [USF-XSim-2] XSim::Compile design
INFO: [USF-XSim-61] Executing 'COMPILE and ANALYZE' step in 'D:/Users/Julian/Documents/UCSC Year THREE/CSE 100/Lab 5/Lab 5/Lab 5.sim/sim_1/behav/xsim'
"xvlog --incr --relax -prj stateMachineTest_vlog.prj"
INFO: [VRFC 10-2263] Analyzing Verilog file "D:/Users/Julian/Documents/UCSC Year THREE/CSE 100/Lab 5/Lab 5/Lab 5.srcs/sources_1/new/stateMachine.v" into library xil_defaultlib
INFO: [VRFC 10-311] analyzing module stateMachine
INFO: [VRFC 10-2263] Analyzing Verilog file "D:/Users/Julian/Documents/UCSC Year THREE/CSE 100/Lab 5/Lab 5/Lab 5.srcs/sim_1/new/stateMachineTest.v" into library xil_defaultlib
INFO: [VRFC 10-311] analyzing module stateMachineTest
INFO: [USF-XSim-69] 'compile' step finished in '2' seconds
INFO: [Vivado 12-5682] Launching behavioral simulation in 'D:/Users/Julian/Documents/UCSC Year THREE/CSE 100/Lab 5/Lab 5/Lab 5.sim/sim_1/behav/xsim'
INFO: [USF-XSim-3] XSim::Elaborate design
INFO: [USF-XSim-61] Executing 'ELABORATE' step in 'D:/Users/Julian/Documents/UCSC Year THREE/CSE 100/Lab 5/Lab 5/Lab 5.sim/sim_1/behav/xsim'
"xelab -wto 0d366662182e4828a81114f9f1528286 --incr --debug typical --relax --mt 2 -L xil_defaultlib -L unisims_ver -L unimacro_ver -L secureip --snapshot stateMachineTest_behav xil_defaultlib.stateMachineTest xil_defaultlib.glbl -log elaborate.log"
Vivado Simulator 2019.1
Copyright 1986-1999, 2001-2019 Xilinx, Inc. All Rights Reserved.
Running: D:/Xilinx/Vivado/2019.1/bin/unwrapped/win64.o/xelab.exe -wto 0d366662182e4828a81114f9f1528286 --incr --debug typical --relax --mt 2 -L xil_defaultlib -L unisims_ver -L unimacro_ver -L secureip --snapshot stateMachineTest_behav xil_defaultlib.stateMachineTest xil_defaultlib.glbl -log elaborate.log 
Using 2 slave threads.
Starting static elaboration
Completed static elaboration
Starting simulation data flow analysis
Completed simulation data flow analysis
Time Resolution for simulation is 1ps
Compiling module unisims_ver.FDRE(INIT=1'b1)
Compiling module unisims_ver.FDRE_default
Compiling module xil_defaultlib.stateMachine
Compiling module xil_defaultlib.stateMachineTest
Compiling module xil_defaultlib.glbl
Built simulation snapshot stateMachineTest_behav
INFO: [USF-XSim-69] 'elaborate' step finished in '2' seconds
Vivado Simulator 2019.1
Time resolution is 1 ps
relaunch_sim: Time (s): cpu = 00:00:03 ; elapsed = 00:00:09 . Memory (MB): peak = 759.953 ; gain = 0.000
relaunch_sim
INFO: [Vivado 12-5682] Launching behavioral simulation in 'D:/Users/Julian/Documents/UCSC Year THREE/CSE 100/Lab 5/Lab 5/Lab 5.sim/sim_1/behav/xsim'
INFO: [SIM-utils-51] Simulation object is 'sim_1'
INFO: [SIM-utils-54] Inspecting design source files for 'stateMachineTest' in fileset 'sim_1'...
INFO: [USF-XSim-97] Finding global include files...
INFO: [USF-XSim-98] Fetching design files from 'sim_1'...
INFO: [USF-XSim-2] XSim::Compile design
INFO: [USF-XSim-61] Executing 'COMPILE and ANALYZE' step in 'D:/Users/Julian/Documents/UCSC Year THREE/CSE 100/Lab 5/Lab 5/Lab 5.sim/sim_1/behav/xsim'
"xvlog --incr --relax -prj stateMachineTest_vlog.prj"
INFO: [VRFC 10-2263] Analyzing Verilog file "D:/Users/Julian/Documents/UCSC Year THREE/CSE 100/Lab 5/Lab 5/Lab 5.srcs/sources_1/new/stateMachine.v" into library xil_defaultlib
INFO: [VRFC 10-311] analyzing module stateMachine
INFO: [VRFC 10-2263] Analyzing Verilog file "D:/Users/Julian/Documents/UCSC Year THREE/CSE 100/Lab 5/Lab 5/Lab 5.srcs/sim_1/new/stateMachineTest.v" into library xil_defaultlib
INFO: [VRFC 10-311] analyzing module stateMachineTest
INFO: [USF-XSim-69] 'compile' step finished in '2' seconds
INFO: [Vivado 12-5682] Launching behavioral simulation in 'D:/Users/Julian/Documents/UCSC Year THREE/CSE 100/Lab 5/Lab 5/Lab 5.sim/sim_1/behav/xsim'
INFO: [USF-XSim-3] XSim::Elaborate design
INFO: [USF-XSim-61] Executing 'ELABORATE' step in 'D:/Users/Julian/Documents/UCSC Year THREE/CSE 100/Lab 5/Lab 5/Lab 5.sim/sim_1/behav/xsim'
"xelab -wto 0d366662182e4828a81114f9f1528286 --incr --debug typical --relax --mt 2 -L xil_defaultlib -L unisims_ver -L unimacro_ver -L secureip --snapshot stateMachineTest_behav xil_defaultlib.stateMachineTest xil_defaultlib.glbl -log elaborate.log"
Vivado Simulator 2019.1
Copyright 1986-1999, 2001-2019 Xilinx, Inc. All Rights Reserved.
Running: D:/Xilinx/Vivado/2019.1/bin/unwrapped/win64.o/xelab.exe -wto 0d366662182e4828a81114f9f1528286 --incr --debug typical --relax --mt 2 -L xil_defaultlib -L unisims_ver -L unimacro_ver -L secureip --snapshot stateMachineTest_behav xil_defaultlib.stateMachineTest xil_defaultlib.glbl -log elaborate.log 
Using 2 slave threads.
Starting static elaboration
Completed static elaboration
Starting simulation data flow analysis
Completed simulation data flow analysis
Time Resolution for simulation is 1ps
Compiling module unisims_ver.FDRE(INIT=1'b1)
Compiling module unisims_ver.FDRE_default
Compiling module xil_defaultlib.stateMachine
Compiling module xil_defaultlib.stateMachineTest
Compiling module xil_defaultlib.glbl
Built simulation snapshot stateMachineTest_behav
INFO: [USF-XSim-69] 'elaborate' step finished in '2' seconds
Vivado Simulator 2019.1
Time resolution is 1 ps
relaunch_sim: Time (s): cpu = 00:00:02 ; elapsed = 00:00:08 . Memory (MB): peak = 759.953 ; gain = 0.000
relaunch_sim
INFO: [Vivado 12-5682] Launching behavioral simulation in 'D:/Users/Julian/Documents/UCSC Year THREE/CSE 100/Lab 5/Lab 5/Lab 5.sim/sim_1/behav/xsim'
INFO: [SIM-utils-51] Simulation object is 'sim_1'
INFO: [SIM-utils-54] Inspecting design source files for 'stateMachineTest' in fileset 'sim_1'...
INFO: [USF-XSim-97] Finding global include files...
INFO: [USF-XSim-98] Fetching design files from 'sim_1'...
INFO: [USF-XSim-2] XSim::Compile design
INFO: [USF-XSim-61] Executing 'COMPILE and ANALYZE' step in 'D:/Users/Julian/Documents/UCSC Year THREE/CSE 100/Lab 5/Lab 5/Lab 5.sim/sim_1/behav/xsim'
"xvlog --incr --relax -prj stateMachineTest_vlog.prj"
INFO: [VRFC 10-2263] Analyzing Verilog file "D:/Users/Julian/Documents/UCSC Year THREE/CSE 100/Lab 5/Lab 5/Lab 5.srcs/sources_1/new/stateMachine.v" into library xil_defaultlib
INFO: [VRFC 10-311] analyzing module stateMachine
INFO: [VRFC 10-2263] Analyzing Verilog file "D:/Users/Julian/Documents/UCSC Year THREE/CSE 100/Lab 5/Lab 5/Lab 5.srcs/sim_1/new/stateMachineTest.v" into library xil_defaultlib
INFO: [VRFC 10-311] analyzing module stateMachineTest
INFO: [USF-XSim-69] 'compile' step finished in '1' seconds
INFO: [Vivado 12-5682] Launching behavioral simulation in 'D:/Users/Julian/Documents/UCSC Year THREE/CSE 100/Lab 5/Lab 5/Lab 5.sim/sim_1/behav/xsim'
INFO: [USF-XSim-3] XSim::Elaborate design
INFO: [USF-XSim-61] Executing 'ELABORATE' step in 'D:/Users/Julian/Documents/UCSC Year THREE/CSE 100/Lab 5/Lab 5/Lab 5.sim/sim_1/behav/xsim'
"xelab -wto 0d366662182e4828a81114f9f1528286 --incr --debug typical --relax --mt 2 -L xil_defaultlib -L unisims_ver -L unimacro_ver -L secureip --snapshot stateMachineTest_behav xil_defaultlib.stateMachineTest xil_defaultlib.glbl -log elaborate.log"
Vivado Simulator 2019.1
Copyright 1986-1999, 2001-2019 Xilinx, Inc. All Rights Reserved.
Running: D:/Xilinx/Vivado/2019.1/bin/unwrapped/win64.o/xelab.exe -wto 0d366662182e4828a81114f9f1528286 --incr --debug typical --relax --mt 2 -L xil_defaultlib -L unisims_ver -L unimacro_ver -L secureip --snapshot stateMachineTest_behav xil_defaultlib.stateMachineTest xil_defaultlib.glbl -log elaborate.log 
Using 2 slave threads.
Starting static elaboration
Completed static elaboration
Starting simulation data flow analysis
Completed simulation data flow analysis
Time Resolution for simulation is 1ps
Compiling module unisims_ver.FDRE(INIT=1'b1)
Compiling module unisims_ver.FDRE_default
Compiling module xil_defaultlib.stateMachine
Compiling module xil_defaultlib.stateMachineTest
Compiling module xil_defaultlib.glbl
Built simulation snapshot stateMachineTest_behav
INFO: [USF-XSim-69] 'elaborate' step finished in '3' seconds
Vivado Simulator 2019.1
Time resolution is 1 ps
relaunch_sim: Time (s): cpu = 00:00:02 ; elapsed = 00:00:09 . Memory (MB): peak = 759.953 ; gain = 0.000
relaunch_sim
INFO: [Vivado 12-5682] Launching behavioral simulation in 'D:/Users/Julian/Documents/UCSC Year THREE/CSE 100/Lab 5/Lab 5/Lab 5.sim/sim_1/behav/xsim'
INFO: [SIM-utils-51] Simulation object is 'sim_1'
INFO: [SIM-utils-54] Inspecting design source files for 'stateMachineTest' in fileset 'sim_1'...
INFO: [USF-XSim-97] Finding global include files...
INFO: [USF-XSim-98] Fetching design files from 'sim_1'...
INFO: [USF-XSim-2] XSim::Compile design
INFO: [USF-XSim-61] Executing 'COMPILE and ANALYZE' step in 'D:/Users/Julian/Documents/UCSC Year THREE/CSE 100/Lab 5/Lab 5/Lab 5.sim/sim_1/behav/xsim'
"xvlog --incr --relax -prj stateMachineTest_vlog.prj"
INFO: [VRFC 10-2263] Analyzing Verilog file "D:/Users/Julian/Documents/UCSC Year THREE/CSE 100/Lab 5/Lab 5/Lab 5.srcs/sources_1/new/stateMachine.v" into library xil_defaultlib
INFO: [VRFC 10-311] analyzing module stateMachine
INFO: [VRFC 10-2263] Analyzing Verilog file "D:/Users/Julian/Documents/UCSC Year THREE/CSE 100/Lab 5/Lab 5/Lab 5.srcs/sim_1/new/stateMachineTest.v" into library xil_defaultlib
INFO: [VRFC 10-311] analyzing module stateMachineTest
INFO: [USF-XSim-69] 'compile' step finished in '2' seconds
INFO: [Vivado 12-5682] Launching behavioral simulation in 'D:/Users/Julian/Documents/UCSC Year THREE/CSE 100/Lab 5/Lab 5/Lab 5.sim/sim_1/behav/xsim'
INFO: [USF-XSim-3] XSim::Elaborate design
INFO: [USF-XSim-61] Executing 'ELABORATE' step in 'D:/Users/Julian/Documents/UCSC Year THREE/CSE 100/Lab 5/Lab 5/Lab 5.sim/sim_1/behav/xsim'
"xelab -wto 0d366662182e4828a81114f9f1528286 --incr --debug typical --relax --mt 2 -L xil_defaultlib -L unisims_ver -L unimacro_ver -L secureip --snapshot stateMachineTest_behav xil_defaultlib.stateMachineTest xil_defaultlib.glbl -log elaborate.log"
Vivado Simulator 2019.1
Copyright 1986-1999, 2001-2019 Xilinx, Inc. All Rights Reserved.
Running: D:/Xilinx/Vivado/2019.1/bin/unwrapped/win64.o/xelab.exe -wto 0d366662182e4828a81114f9f1528286 --incr --debug typical --relax --mt 2 -L xil_defaultlib -L unisims_ver -L unimacro_ver -L secureip --snapshot stateMachineTest_behav xil_defaultlib.stateMachineTest xil_defaultlib.glbl -log elaborate.log 
Using 2 slave threads.
Starting static elaboration
Completed static elaboration
Starting simulation data flow analysis
Completed simulation data flow analysis
Time Resolution for simulation is 1ps
Compiling module unisims_ver.FDRE(INIT=1'b1)
Compiling module unisims_ver.FDRE_default
Compiling module xil_defaultlib.stateMachine
Compiling module xil_defaultlib.stateMachineTest
Compiling module xil_defaultlib.glbl
Built simulation snapshot stateMachineTest_behav
INFO: [USF-XSim-69] 'elaborate' step finished in '2' seconds
Vivado Simulator 2019.1
Time resolution is 1 ps
relaunch_sim: Time (s): cpu = 00:00:02 ; elapsed = 00:00:08 . Memory (MB): peak = 759.953 ; gain = 0.000
relaunch_sim
INFO: [Vivado 12-5682] Launching behavioral simulation in 'D:/Users/Julian/Documents/UCSC Year THREE/CSE 100/Lab 5/Lab 5/Lab 5.sim/sim_1/behav/xsim'
INFO: [SIM-utils-51] Simulation object is 'sim_1'
INFO: [SIM-utils-54] Inspecting design source files for 'stateMachineTest' in fileset 'sim_1'...
INFO: [USF-XSim-97] Finding global include files...
INFO: [USF-XSim-98] Fetching design files from 'sim_1'...
INFO: [USF-XSim-2] XSim::Compile design
INFO: [USF-XSim-61] Executing 'COMPILE and ANALYZE' step in 'D:/Users/Julian/Documents/UCSC Year THREE/CSE 100/Lab 5/Lab 5/Lab 5.sim/sim_1/behav/xsim'
"xvlog --incr --relax -prj stateMachineTest_vlog.prj"
INFO: [VRFC 10-2263] Analyzing Verilog file "D:/Users/Julian/Documents/UCSC Year THREE/CSE 100/Lab 5/Lab 5/Lab 5.srcs/sources_1/new/stateMachine.v" into library xil_defaultlib
INFO: [VRFC 10-311] analyzing module stateMachine
INFO: [VRFC 10-2263] Analyzing Verilog file "D:/Users/Julian/Documents/UCSC Year THREE/CSE 100/Lab 5/Lab 5/Lab 5.srcs/sim_1/new/stateMachineTest.v" into library xil_defaultlib
INFO: [VRFC 10-311] analyzing module stateMachineTest
INFO: [USF-XSim-69] 'compile' step finished in '2' seconds
INFO: [Vivado 12-5682] Launching behavioral simulation in 'D:/Users/Julian/Documents/UCSC Year THREE/CSE 100/Lab 5/Lab 5/Lab 5.sim/sim_1/behav/xsim'
INFO: [USF-XSim-3] XSim::Elaborate design
INFO: [USF-XSim-61] Executing 'ELABORATE' step in 'D:/Users/Julian/Documents/UCSC Year THREE/CSE 100/Lab 5/Lab 5/Lab 5.sim/sim_1/behav/xsim'
"xelab -wto 0d366662182e4828a81114f9f1528286 --incr --debug typical --relax --mt 2 -L xil_defaultlib -L unisims_ver -L unimacro_ver -L secureip --snapshot stateMachineTest_behav xil_defaultlib.stateMachineTest xil_defaultlib.glbl -log elaborate.log"
Vivado Simulator 2019.1
Copyright 1986-1999, 2001-2019 Xilinx, Inc. All Rights Reserved.
Running: D:/Xilinx/Vivado/2019.1/bin/unwrapped/win64.o/xelab.exe -wto 0d366662182e4828a81114f9f1528286 --incr --debug typical --relax --mt 2 -L xil_defaultlib -L unisims_ver -L unimacro_ver -L secureip --snapshot stateMachineTest_behav xil_defaultlib.stateMachineTest xil_defaultlib.glbl -log elaborate.log 
Using 2 slave threads.
Starting static elaboration
WARNING: [VRFC 10-3091] actual bit length 1 differs from formal bit length 8 for port 'dout' [D:/Users/Julian/Documents/UCSC Year THREE/CSE 100/Lab 5/Lab 5/Lab 5.srcs/sim_1/new/stateMachineTest.v:42]
Completed static elaboration
Starting simulation data flow analysis
Completed simulation data flow analysis
Time Resolution for simulation is 1ps
Compiling module unisims_ver.FDRE(INIT=1'b1)
Compiling module unisims_ver.FDRE_default
Compiling module xil_defaultlib.stateMachine
Compiling module xil_defaultlib.stateMachineTest
Compiling module xil_defaultlib.glbl
Built simulation snapshot stateMachineTest_behav
INFO: [USF-XSim-69] 'elaborate' step finished in '2' seconds
Vivado Simulator 2019.1
Time resolution is 1 ps
relaunch_sim: Time (s): cpu = 00:00:02 ; elapsed = 00:00:09 . Memory (MB): peak = 759.953 ; gain = 0.000
relaunch_sim
INFO: [Vivado 12-5682] Launching behavioral simulation in 'D:/Users/Julian/Documents/UCSC Year THREE/CSE 100/Lab 5/Lab 5/Lab 5.sim/sim_1/behav/xsim'
INFO: [SIM-utils-51] Simulation object is 'sim_1'
INFO: [SIM-utils-54] Inspecting design source files for 'stateMachineTest' in fileset 'sim_1'...
INFO: [USF-XSim-97] Finding global include files...
INFO: [USF-XSim-98] Fetching design files from 'sim_1'...
INFO: [USF-XSim-2] XSim::Compile design
INFO: [USF-XSim-61] Executing 'COMPILE and ANALYZE' step in 'D:/Users/Julian/Documents/UCSC Year THREE/CSE 100/Lab 5/Lab 5/Lab 5.sim/sim_1/behav/xsim'
"xvlog --incr --relax -prj stateMachineTest_vlog.prj"
INFO: [VRFC 10-2263] Analyzing Verilog file "D:/Users/Julian/Documents/UCSC Year THREE/CSE 100/Lab 5/Lab 5/Lab 5.srcs/sources_1/new/stateMachine.v" into library xil_defaultlib
INFO: [VRFC 10-311] analyzing module stateMachine
INFO: [VRFC 10-2263] Analyzing Verilog file "D:/Users/Julian/Documents/UCSC Year THREE/CSE 100/Lab 5/Lab 5/Lab 5.srcs/sim_1/new/stateMachineTest.v" into library xil_defaultlib
INFO: [VRFC 10-311] analyzing module stateMachineTest
INFO: [USF-XSim-69] 'compile' step finished in '2' seconds
INFO: [Vivado 12-5682] Launching behavioral simulation in 'D:/Users/Julian/Documents/UCSC Year THREE/CSE 100/Lab 5/Lab 5/Lab 5.sim/sim_1/behav/xsim'
INFO: [USF-XSim-3] XSim::Elaborate design
INFO: [USF-XSim-61] Executing 'ELABORATE' step in 'D:/Users/Julian/Documents/UCSC Year THREE/CSE 100/Lab 5/Lab 5/Lab 5.sim/sim_1/behav/xsim'
"xelab -wto 0d366662182e4828a81114f9f1528286 --incr --debug typical --relax --mt 2 -L xil_defaultlib -L unisims_ver -L unimacro_ver -L secureip --snapshot stateMachineTest_behav xil_defaultlib.stateMachineTest xil_defaultlib.glbl -log elaborate.log"
Vivado Simulator 2019.1
Copyright 1986-1999, 2001-2019 Xilinx, Inc. All Rights Reserved.
Running: D:/Xilinx/Vivado/2019.1/bin/unwrapped/win64.o/xelab.exe -wto 0d366662182e4828a81114f9f1528286 --incr --debug typical --relax --mt 2 -L xil_defaultlib -L unisims_ver -L unimacro_ver -L secureip --snapshot stateMachineTest_behav xil_defaultlib.stateMachineTest xil_defaultlib.glbl -log elaborate.log 
Using 2 slave threads.
Starting static elaboration
WARNING: [VRFC 10-3091] actual bit length 1 differs from formal bit length 8 for port 'dout' [D:/Users/Julian/Documents/UCSC Year THREE/CSE 100/Lab 5/Lab 5/Lab 5.srcs/sim_1/new/stateMachineTest.v:43]
Completed static elaboration
Starting simulation data flow analysis
Completed simulation data flow analysis
Time Resolution for simulation is 1ps
Compiling module unisims_ver.FDRE(INIT=1'b1)
Compiling module unisims_ver.FDRE_default
Compiling module xil_defaultlib.stateMachine
Compiling module xil_defaultlib.stateMachineTest
Compiling module xil_defaultlib.glbl
Built simulation snapshot stateMachineTest_behav
INFO: [USF-XSim-69] 'elaborate' step finished in '2' seconds
Vivado Simulator 2019.1
Time resolution is 1 ps
relaunch_sim: Time (s): cpu = 00:00:02 ; elapsed = 00:00:08 . Memory (MB): peak = 759.953 ; gain = 0.000
run 2 us
relaunch_sim
INFO: [Vivado 12-5682] Launching behavioral simulation in 'D:/Users/Julian/Documents/UCSC Year THREE/CSE 100/Lab 5/Lab 5/Lab 5.sim/sim_1/behav/xsim'
INFO: [SIM-utils-51] Simulation object is 'sim_1'
INFO: [SIM-utils-54] Inspecting design source files for 'stateMachineTest' in fileset 'sim_1'...
INFO: [USF-XSim-97] Finding global include files...
INFO: [USF-XSim-98] Fetching design files from 'sim_1'...
INFO: [USF-XSim-2] XSim::Compile design
INFO: [USF-XSim-61] Executing 'COMPILE and ANALYZE' step in 'D:/Users/Julian/Documents/UCSC Year THREE/CSE 100/Lab 5/Lab 5/Lab 5.sim/sim_1/behav/xsim'
"xvlog --incr --relax -prj stateMachineTest_vlog.prj"
INFO: [USF-XSim-69] 'compile' step finished in '1' seconds
INFO: [Vivado 12-5682] Launching behavioral simulation in 'D:/Users/Julian/Documents/UCSC Year THREE/CSE 100/Lab 5/Lab 5/Lab 5.sim/sim_1/behav/xsim'
INFO: [USF-XSim-3] XSim::Elaborate design
INFO: [USF-XSim-61] Executing 'ELABORATE' step in 'D:/Users/Julian/Documents/UCSC Year THREE/CSE 100/Lab 5/Lab 5/Lab 5.sim/sim_1/behav/xsim'
"xelab -wto 0d366662182e4828a81114f9f1528286 --incr --debug typical --relax --mt 2 -L xil_defaultlib -L unisims_ver -L unimacro_ver -L secureip --snapshot stateMachineTest_behav xil_defaultlib.stateMachineTest xil_defaultlib.glbl -log elaborate.log"
Vivado Simulator 2019.1
Copyright 1986-1999, 2001-2019 Xilinx, Inc. All Rights Reserved.
Running: D:/Xilinx/Vivado/2019.1/bin/unwrapped/win64.o/xelab.exe -wto 0d366662182e4828a81114f9f1528286 --incr --debug typical --relax --mt 2 -L xil_defaultlib -L unisims_ver -L unimacro_ver -L secureip --snapshot stateMachineTest_behav xil_defaultlib.stateMachineTest xil_defaultlib.glbl -log elaborate.log 
Using 2 slave threads.
Starting static elaboration
WARNING: [VRFC 10-3091] actual bit length 1 differs from formal bit length 8 for port 'dout' [D:/Users/Julian/Documents/UCSC Year THREE/CSE 100/Lab 5/Lab 5/Lab 5.srcs/sim_1/new/stateMachineTest.v:43]
Completed static elaboration
INFO: [XSIM 43-4323] No Change in HDL. Linking previously generated obj files to create kernel
INFO: [USF-XSim-69] 'elaborate' step finished in '2' seconds
Vivado Simulator 2019.1
Time resolution is 1 ps
relaunch_sim: Time (s): cpu = 00:00:02 ; elapsed = 00:00:08 . Memory (MB): peak = 759.953 ; gain = 0.000
relaunch_sim
INFO: [Vivado 12-5682] Launching behavioral simulation in 'D:/Users/Julian/Documents/UCSC Year THREE/CSE 100/Lab 5/Lab 5/Lab 5.sim/sim_1/behav/xsim'
INFO: [SIM-utils-51] Simulation object is 'sim_1'
INFO: [SIM-utils-54] Inspecting design source files for 'stateMachineTest' in fileset 'sim_1'...
INFO: [USF-XSim-97] Finding global include files...
INFO: [USF-XSim-98] Fetching design files from 'sim_1'...
INFO: [USF-XSim-2] XSim::Compile design
INFO: [USF-XSim-61] Executing 'COMPILE and ANALYZE' step in 'D:/Users/Julian/Documents/UCSC Year THREE/CSE 100/Lab 5/Lab 5/Lab 5.sim/sim_1/behav/xsim'
"xvlog --incr --relax -prj stateMachineTest_vlog.prj"
INFO: [VRFC 10-2263] Analyzing Verilog file "D:/Users/Julian/Documents/UCSC Year THREE/CSE 100/Lab 5/Lab 5/Lab 5.srcs/sources_1/new/stateMachine.v" into library xil_defaultlib
INFO: [VRFC 10-311] analyzing module stateMachine
INFO: [VRFC 10-2263] Analyzing Verilog file "D:/Users/Julian/Documents/UCSC Year THREE/CSE 100/Lab 5/Lab 5/Lab 5.srcs/sim_1/new/stateMachineTest.v" into library xil_defaultlib
INFO: [VRFC 10-311] analyzing module stateMachineTest
INFO: [USF-XSim-69] 'compile' step finished in '2' seconds
INFO: [Vivado 12-5682] Launching behavioral simulation in 'D:/Users/Julian/Documents/UCSC Year THREE/CSE 100/Lab 5/Lab 5/Lab 5.sim/sim_1/behav/xsim'
INFO: [USF-XSim-3] XSim::Elaborate design
INFO: [USF-XSim-61] Executing 'ELABORATE' step in 'D:/Users/Julian/Documents/UCSC Year THREE/CSE 100/Lab 5/Lab 5/Lab 5.sim/sim_1/behav/xsim'
"xelab -wto 0d366662182e4828a81114f9f1528286 --incr --debug typical --relax --mt 2 -L xil_defaultlib -L unisims_ver -L unimacro_ver -L secureip --snapshot stateMachineTest_behav xil_defaultlib.stateMachineTest xil_defaultlib.glbl -log elaborate.log"
Vivado Simulator 2019.1
Copyright 1986-1999, 2001-2019 Xilinx, Inc. All Rights Reserved.
Running: D:/Xilinx/Vivado/2019.1/bin/unwrapped/win64.o/xelab.exe -wto 0d366662182e4828a81114f9f1528286 --incr --debug typical --relax --mt 2 -L xil_defaultlib -L unisims_ver -L unimacro_ver -L secureip --snapshot stateMachineTest_behav xil_defaultlib.stateMachineTest xil_defaultlib.glbl -log elaborate.log 
Using 2 slave threads.
Starting static elaboration
Completed static elaboration
Starting simulation data flow analysis
Completed simulation data flow analysis
Time Resolution for simulation is 1ps
Compiling module unisims_ver.FDRE(INIT=1'b1)
Compiling module unisims_ver.FDRE_default
Compiling module xil_defaultlib.stateMachine
Compiling module xil_defaultlib.stateMachineTest
Compiling module xil_defaultlib.glbl
Built simulation snapshot stateMachineTest_behav
INFO: [USF-XSim-69] 'elaborate' step finished in '2' seconds
Vivado Simulator 2019.1
Time resolution is 1 ps
relaunch_sim: Time (s): cpu = 00:00:03 ; elapsed = 00:00:08 . Memory (MB): peak = 759.953 ; gain = 0.000
relaunch_sim
INFO: [Vivado 12-5682] Launching behavioral simulation in 'D:/Users/Julian/Documents/UCSC Year THREE/CSE 100/Lab 5/Lab 5/Lab 5.sim/sim_1/behav/xsim'
INFO: [SIM-utils-51] Simulation object is 'sim_1'
INFO: [SIM-utils-54] Inspecting design source files for 'stateMachineTest' in fileset 'sim_1'...
INFO: [USF-XSim-97] Finding global include files...
INFO: [USF-XSim-98] Fetching design files from 'sim_1'...
INFO: [USF-XSim-2] XSim::Compile design
INFO: [USF-XSim-61] Executing 'COMPILE and ANALYZE' step in 'D:/Users/Julian/Documents/UCSC Year THREE/CSE 100/Lab 5/Lab 5/Lab 5.sim/sim_1/behav/xsim'
"xvlog --incr --relax -prj stateMachineTest_vlog.prj"
INFO: [VRFC 10-2263] Analyzing Verilog file "D:/Users/Julian/Documents/UCSC Year THREE/CSE 100/Lab 5/Lab 5/Lab 5.srcs/sources_1/new/stateMachine.v" into library xil_defaultlib
INFO: [VRFC 10-311] analyzing module stateMachine
INFO: [VRFC 10-2263] Analyzing Verilog file "D:/Users/Julian/Documents/UCSC Year THREE/CSE 100/Lab 5/Lab 5/Lab 5.srcs/sim_1/new/stateMachineTest.v" into library xil_defaultlib
INFO: [VRFC 10-311] analyzing module stateMachineTest
INFO: [USF-XSim-69] 'compile' step finished in '2' seconds
INFO: [Vivado 12-5682] Launching behavioral simulation in 'D:/Users/Julian/Documents/UCSC Year THREE/CSE 100/Lab 5/Lab 5/Lab 5.sim/sim_1/behav/xsim'
INFO: [USF-XSim-3] XSim::Elaborate design
INFO: [USF-XSim-61] Executing 'ELABORATE' step in 'D:/Users/Julian/Documents/UCSC Year THREE/CSE 100/Lab 5/Lab 5/Lab 5.sim/sim_1/behav/xsim'
"xelab -wto 0d366662182e4828a81114f9f1528286 --incr --debug typical --relax --mt 2 -L xil_defaultlib -L unisims_ver -L unimacro_ver -L secureip --snapshot stateMachineTest_behav xil_defaultlib.stateMachineTest xil_defaultlib.glbl -log elaborate.log"
Vivado Simulator 2019.1
Copyright 1986-1999, 2001-2019 Xilinx, Inc. All Rights Reserved.
Running: D:/Xilinx/Vivado/2019.1/bin/unwrapped/win64.o/xelab.exe -wto 0d366662182e4828a81114f9f1528286 --incr --debug typical --relax --mt 2 -L xil_defaultlib -L unisims_ver -L unimacro_ver -L secureip --snapshot stateMachineTest_behav xil_defaultlib.stateMachineTest xil_defaultlib.glbl -log elaborate.log 
Using 2 slave threads.
Starting static elaboration
Completed static elaboration
Starting simulation data flow analysis
Completed simulation data flow analysis
Time Resolution for simulation is 1ps
Compiling module unisims_ver.FDRE(INIT=1'b1)
Compiling module unisims_ver.FDRE_default
Compiling module xil_defaultlib.stateMachine
Compiling module xil_defaultlib.stateMachineTest
Compiling module xil_defaultlib.glbl
Built simulation snapshot stateMachineTest_behav
INFO: [USF-XSim-69] 'elaborate' step finished in '2' seconds
Vivado Simulator 2019.1
Time resolution is 1 ps
relaunch_sim: Time (s): cpu = 00:00:02 ; elapsed = 00:00:10 . Memory (MB): peak = 759.953 ; gain = 0.000
close_sim
INFO: [Simtcl 6-16] Simulation closed
launch_simulation
INFO: [Vivado 12-5682] Launching behavioral simulation in 'D:/Users/Julian/Documents/UCSC Year THREE/CSE 100/Lab 5/Lab 5/Lab 5.sim/sim_1/behav/xsim'
INFO: [SIM-utils-51] Simulation object is 'sim_1'
INFO: [SIM-utils-54] Inspecting design source files for 'stateMachineTest' in fileset 'sim_1'...
INFO: [USF-XSim-97] Finding global include files...
INFO: [USF-XSim-98] Fetching design files from 'sim_1'...
INFO: [USF-XSim-2] XSim::Compile design
INFO: [USF-XSim-61] Executing 'COMPILE and ANALYZE' step in 'D:/Users/Julian/Documents/UCSC Year THREE/CSE 100/Lab 5/Lab 5/Lab 5.sim/sim_1/behav/xsim'
"xvlog --incr --relax -prj stateMachineTest_vlog.prj"
INFO: [USF-XSim-69] 'compile' step finished in '2' seconds
INFO: [USF-XSim-3] XSim::Elaborate design
INFO: [USF-XSim-61] Executing 'ELABORATE' step in 'D:/Users/Julian/Documents/UCSC Year THREE/CSE 100/Lab 5/Lab 5/Lab 5.sim/sim_1/behav/xsim'
"xelab -wto 0d366662182e4828a81114f9f1528286 --incr --debug typical --relax --mt 2 -L xil_defaultlib -L unisims_ver -L unimacro_ver -L secureip --snapshot stateMachineTest_behav xil_defaultlib.stateMachineTest xil_defaultlib.glbl -log elaborate.log"
Vivado Simulator 2019.1
Copyright 1986-1999, 2001-2019 Xilinx, Inc. All Rights Reserved.
Running: D:/Xilinx/Vivado/2019.1/bin/unwrapped/win64.o/xelab.exe -wto 0d366662182e4828a81114f9f1528286 --incr --debug typical --relax --mt 2 -L xil_defaultlib -L unisims_ver -L unimacro_ver -L secureip --snapshot stateMachineTest_behav xil_defaultlib.stateMachineTest xil_defaultlib.glbl -log elaborate.log 
Using 2 slave threads.
Starting static elaboration
Completed static elaboration
INFO: [XSIM 43-4323] No Change in HDL. Linking previously generated obj files to create kernel
INFO: [USF-XSim-69] 'elaborate' step finished in '2' seconds
INFO: [USF-XSim-4] XSim::Simulate design
INFO: [USF-XSim-61] Executing 'SIMULATE' step in 'D:/Users/Julian/Documents/UCSC Year THREE/CSE 100/Lab 5/Lab 5/Lab 5.sim/sim_1/behav/xsim'
INFO: [USF-XSim-98] *** Running xsim
   with args "stateMachineTest_behav -key {Behavioral:sim_1:Functional:stateMachineTest} -tclbatch {stateMachineTest.tcl} -log {simulate.log}"
INFO: [USF-XSim-8] Loading simulator feature
Vivado Simulator 2019.1
Time resolution is 1 ps
source stateMachineTest.tcl
# set curr_wave [current_wave_config]
# if { [string length $curr_wave] == 0 } {
#   if { [llength [get_objects]] > 0} {
#     add_wave /
#     set_property needs_save false [current_wave_config]
#   } else {
#      send_msg_id Add_Wave-1 WARNING "No top level signals found. Simulator will start without a wave window. If you want to open a wave window go to 'File->New Waveform Configuration' or type 'create_wave_config' in the TCL console."
#   }
# }
# run 1000ns
INFO: [USF-XSim-96] XSim completed. Design snapshot 'stateMachineTest_behav' loaded.
INFO: [USF-XSim-97] XSim simulation ran for 1000ns
launch_simulation: Time (s): cpu = 00:00:05 ; elapsed = 00:00:07 . Memory (MB): peak = 772.434 ; gain = 0.000
relaunch_sim
INFO: [Vivado 12-5682] Launching behavioral simulation in 'D:/Users/Julian/Documents/UCSC Year THREE/CSE 100/Lab 5/Lab 5/Lab 5.sim/sim_1/behav/xsim'
INFO: [SIM-utils-51] Simulation object is 'sim_1'
INFO: [SIM-utils-54] Inspecting design source files for 'stateMachineTest' in fileset 'sim_1'...
INFO: [USF-XSim-97] Finding global include files...
INFO: [USF-XSim-98] Fetching design files from 'sim_1'...
INFO: [USF-XSim-2] XSim::Compile design
INFO: [USF-XSim-61] Executing 'COMPILE and ANALYZE' step in 'D:/Users/Julian/Documents/UCSC Year THREE/CSE 100/Lab 5/Lab 5/Lab 5.sim/sim_1/behav/xsim'
"xvlog --incr --relax -prj stateMachineTest_vlog.prj"
INFO: [VRFC 10-2263] Analyzing Verilog file "D:/Users/Julian/Documents/UCSC Year THREE/CSE 100/Lab 5/Lab 5/Lab 5.srcs/sources_1/new/stateMachine.v" into library xil_defaultlib
INFO: [VRFC 10-311] analyzing module stateMachine
INFO: [VRFC 10-2263] Analyzing Verilog file "D:/Users/Julian/Documents/UCSC Year THREE/CSE 100/Lab 5/Lab 5/Lab 5.srcs/sim_1/new/stateMachineTest.v" into library xil_defaultlib
INFO: [VRFC 10-311] analyzing module stateMachineTest
INFO: [USF-XSim-69] 'compile' step finished in '2' seconds
INFO: [Vivado 12-5682] Launching behavioral simulation in 'D:/Users/Julian/Documents/UCSC Year THREE/CSE 100/Lab 5/Lab 5/Lab 5.sim/sim_1/behav/xsim'
INFO: [USF-XSim-3] XSim::Elaborate design
INFO: [USF-XSim-61] Executing 'ELABORATE' step in 'D:/Users/Julian/Documents/UCSC Year THREE/CSE 100/Lab 5/Lab 5/Lab 5.sim/sim_1/behav/xsim'
"xelab -wto 0d366662182e4828a81114f9f1528286 --incr --debug typical --relax --mt 2 -L xil_defaultlib -L unisims_ver -L unimacro_ver -L secureip --snapshot stateMachineTest_behav xil_defaultlib.stateMachineTest xil_defaultlib.glbl -log elaborate.log"
Vivado Simulator 2019.1
Copyright 1986-1999, 2001-2019 Xilinx, Inc. All Rights Reserved.
Running: D:/Xilinx/Vivado/2019.1/bin/unwrapped/win64.o/xelab.exe -wto 0d366662182e4828a81114f9f1528286 --incr --debug typical --relax --mt 2 -L xil_defaultlib -L unisims_ver -L unimacro_ver -L secureip --snapshot stateMachineTest_behav xil_defaultlib.stateMachineTest xil_defaultlib.glbl -log elaborate.log 
Using 2 slave threads.
Starting static elaboration
Completed static elaboration
Starting simulation data flow analysis
Completed simulation data flow analysis
Time Resolution for simulation is 1ps
Compiling module unisims_ver.FDRE(INIT=1'b1)
Compiling module unisims_ver.FDRE_default
Compiling module xil_defaultlib.stateMachine
Compiling module xil_defaultlib.stateMachineTest
Compiling module xil_defaultlib.glbl
Built simulation snapshot stateMachineTest_behav
INFO: [USF-XSim-69] 'elaborate' step finished in '2' seconds
Vivado Simulator 2019.1
Time resolution is 1 ps
relaunch_sim: Time (s): cpu = 00:00:02 ; elapsed = 00:00:08 . Memory (MB): peak = 772.434 ; gain = 0.000
relaunch_sim
INFO: [Vivado 12-5682] Launching behavioral simulation in 'D:/Users/Julian/Documents/UCSC Year THREE/CSE 100/Lab 5/Lab 5/Lab 5.sim/sim_1/behav/xsim'
INFO: [SIM-utils-51] Simulation object is 'sim_1'
INFO: [SIM-utils-54] Inspecting design source files for 'stateMachineTest' in fileset 'sim_1'...
INFO: [USF-XSim-97] Finding global include files...
INFO: [USF-XSim-98] Fetching design files from 'sim_1'...
INFO: [USF-XSim-2] XSim::Compile design
INFO: [USF-XSim-61] Executing 'COMPILE and ANALYZE' step in 'D:/Users/Julian/Documents/UCSC Year THREE/CSE 100/Lab 5/Lab 5/Lab 5.sim/sim_1/behav/xsim'
"xvlog --incr --relax -prj stateMachineTest_vlog.prj"
INFO: [VRFC 10-2263] Analyzing Verilog file "D:/Users/Julian/Documents/UCSC Year THREE/CSE 100/Lab 5/Lab 5/Lab 5.srcs/sources_1/new/stateMachine.v" into library xil_defaultlib
INFO: [VRFC 10-311] analyzing module stateMachine
INFO: [VRFC 10-2263] Analyzing Verilog file "D:/Users/Julian/Documents/UCSC Year THREE/CSE 100/Lab 5/Lab 5/Lab 5.srcs/sim_1/new/stateMachineTest.v" into library xil_defaultlib
INFO: [VRFC 10-311] analyzing module stateMachineTest
INFO: [USF-XSim-69] 'compile' step finished in '1' seconds
INFO: [Vivado 12-5682] Launching behavioral simulation in 'D:/Users/Julian/Documents/UCSC Year THREE/CSE 100/Lab 5/Lab 5/Lab 5.sim/sim_1/behav/xsim'
INFO: [USF-XSim-3] XSim::Elaborate design
INFO: [USF-XSim-61] Executing 'ELABORATE' step in 'D:/Users/Julian/Documents/UCSC Year THREE/CSE 100/Lab 5/Lab 5/Lab 5.sim/sim_1/behav/xsim'
"xelab -wto 0d366662182e4828a81114f9f1528286 --incr --debug typical --relax --mt 2 -L xil_defaultlib -L unisims_ver -L unimacro_ver -L secureip --snapshot stateMachineTest_behav xil_defaultlib.stateMachineTest xil_defaultlib.glbl -log elaborate.log"
Vivado Simulator 2019.1
Copyright 1986-1999, 2001-2019 Xilinx, Inc. All Rights Reserved.
Running: D:/Xilinx/Vivado/2019.1/bin/unwrapped/win64.o/xelab.exe -wto 0d366662182e4828a81114f9f1528286 --incr --debug typical --relax --mt 2 -L xil_defaultlib -L unisims_ver -L unimacro_ver -L secureip --snapshot stateMachineTest_behav xil_defaultlib.stateMachineTest xil_defaultlib.glbl -log elaborate.log 
Using 2 slave threads.
Starting static elaboration
Completed static elaboration
Starting simulation data flow analysis
Completed simulation data flow analysis
Time Resolution for simulation is 1ps
Compiling module unisims_ver.FDRE(INIT=1'b1)
Compiling module unisims_ver.FDRE_default
Compiling module xil_defaultlib.stateMachine
Compiling module xil_defaultlib.stateMachineTest
Compiling module xil_defaultlib.glbl
Built simulation snapshot stateMachineTest_behav
INFO: [USF-XSim-69] 'elaborate' step finished in '3' seconds
Vivado Simulator 2019.1
Time resolution is 1 ps
relaunch_sim: Time (s): cpu = 00:00:02 ; elapsed = 00:00:08 . Memory (MB): peak = 772.434 ; gain = 0.000
relaunch_sim
INFO: [Vivado 12-5682] Launching behavioral simulation in 'D:/Users/Julian/Documents/UCSC Year THREE/CSE 100/Lab 5/Lab 5/Lab 5.sim/sim_1/behav/xsim'
INFO: [SIM-utils-51] Simulation object is 'sim_1'
INFO: [SIM-utils-54] Inspecting design source files for 'stateMachineTest' in fileset 'sim_1'...
INFO: [USF-XSim-97] Finding global include files...
INFO: [USF-XSim-98] Fetching design files from 'sim_1'...
INFO: [USF-XSim-2] XSim::Compile design
INFO: [USF-XSim-61] Executing 'COMPILE and ANALYZE' step in 'D:/Users/Julian/Documents/UCSC Year THREE/CSE 100/Lab 5/Lab 5/Lab 5.sim/sim_1/behav/xsim'
"xvlog --incr --relax -prj stateMachineTest_vlog.prj"
INFO: [VRFC 10-2263] Analyzing Verilog file "D:/Users/Julian/Documents/UCSC Year THREE/CSE 100/Lab 5/Lab 5/Lab 5.srcs/sources_1/new/stateMachine.v" into library xil_defaultlib
INFO: [VRFC 10-311] analyzing module stateMachine
INFO: [VRFC 10-2263] Analyzing Verilog file "D:/Users/Julian/Documents/UCSC Year THREE/CSE 100/Lab 5/Lab 5/Lab 5.srcs/sim_1/new/stateMachineTest.v" into library xil_defaultlib
INFO: [VRFC 10-311] analyzing module stateMachineTest
INFO: [USF-XSim-69] 'compile' step finished in '2' seconds
INFO: [Vivado 12-5682] Launching behavioral simulation in 'D:/Users/Julian/Documents/UCSC Year THREE/CSE 100/Lab 5/Lab 5/Lab 5.sim/sim_1/behav/xsim'
INFO: [USF-XSim-3] XSim::Elaborate design
INFO: [USF-XSim-61] Executing 'ELABORATE' step in 'D:/Users/Julian/Documents/UCSC Year THREE/CSE 100/Lab 5/Lab 5/Lab 5.sim/sim_1/behav/xsim'
"xelab -wto 0d366662182e4828a81114f9f1528286 --incr --debug typical --relax --mt 2 -L xil_defaultlib -L unisims_ver -L unimacro_ver -L secureip --snapshot stateMachineTest_behav xil_defaultlib.stateMachineTest xil_defaultlib.glbl -log elaborate.log"
Vivado Simulator 2019.1
Copyright 1986-1999, 2001-2019 Xilinx, Inc. All Rights Reserved.
Running: D:/Xilinx/Vivado/2019.1/bin/unwrapped/win64.o/xelab.exe -wto 0d366662182e4828a81114f9f1528286 --incr --debug typical --relax --mt 2 -L xil_defaultlib -L unisims_ver -L unimacro_ver -L secureip --snapshot stateMachineTest_behav xil_defaultlib.stateMachineTest xil_defaultlib.glbl -log elaborate.log 
Using 2 slave threads.
Starting static elaboration
Completed static elaboration
Starting simulation data flow analysis
Completed simulation data flow analysis
Time Resolution for simulation is 1ps
Compiling module unisims_ver.FDRE(INIT=1'b1)
Compiling module unisims_ver.FDRE_default
Compiling module xil_defaultlib.stateMachine
Compiling module xil_defaultlib.stateMachineTest
Compiling module xil_defaultlib.glbl
Built simulation snapshot stateMachineTest_behav
INFO: [USF-XSim-69] 'elaborate' step finished in '2' seconds
Vivado Simulator 2019.1
Time resolution is 1 ps
relaunch_sim: Time (s): cpu = 00:00:02 ; elapsed = 00:00:08 . Memory (MB): peak = 772.434 ; gain = 0.000
relaunch_sim
INFO: [Vivado 12-5682] Launching behavioral simulation in 'D:/Users/Julian/Documents/UCSC Year THREE/CSE 100/Lab 5/Lab 5/Lab 5.sim/sim_1/behav/xsim'
INFO: [SIM-utils-51] Simulation object is 'sim_1'
INFO: [SIM-utils-54] Inspecting design source files for 'stateMachineTest' in fileset 'sim_1'...
INFO: [USF-XSim-97] Finding global include files...
INFO: [USF-XSim-98] Fetching design files from 'sim_1'...
INFO: [USF-XSim-2] XSim::Compile design
INFO: [USF-XSim-61] Executing 'COMPILE and ANALYZE' step in 'D:/Users/Julian/Documents/UCSC Year THREE/CSE 100/Lab 5/Lab 5/Lab 5.sim/sim_1/behav/xsim'
"xvlog --incr --relax -prj stateMachineTest_vlog.prj"
INFO: [VRFC 10-2263] Analyzing Verilog file "D:/Users/Julian/Documents/UCSC Year THREE/CSE 100/Lab 5/Lab 5/Lab 5.srcs/sources_1/new/stateMachine.v" into library xil_defaultlib
INFO: [VRFC 10-311] analyzing module stateMachine
INFO: [VRFC 10-2263] Analyzing Verilog file "D:/Users/Julian/Documents/UCSC Year THREE/CSE 100/Lab 5/Lab 5/Lab 5.srcs/sim_1/new/stateMachineTest.v" into library xil_defaultlib
INFO: [VRFC 10-311] analyzing module stateMachineTest
INFO: [USF-XSim-69] 'compile' step finished in '2' seconds
INFO: [Vivado 12-5682] Launching behavioral simulation in 'D:/Users/Julian/Documents/UCSC Year THREE/CSE 100/Lab 5/Lab 5/Lab 5.sim/sim_1/behav/xsim'
INFO: [USF-XSim-3] XSim::Elaborate design
INFO: [USF-XSim-61] Executing 'ELABORATE' step in 'D:/Users/Julian/Documents/UCSC Year THREE/CSE 100/Lab 5/Lab 5/Lab 5.sim/sim_1/behav/xsim'
"xelab -wto 0d366662182e4828a81114f9f1528286 --incr --debug typical --relax --mt 2 -L xil_defaultlib -L unisims_ver -L unimacro_ver -L secureip --snapshot stateMachineTest_behav xil_defaultlib.stateMachineTest xil_defaultlib.glbl -log elaborate.log"
Vivado Simulator 2019.1
Copyright 1986-1999, 2001-2019 Xilinx, Inc. All Rights Reserved.
Running: D:/Xilinx/Vivado/2019.1/bin/unwrapped/win64.o/xelab.exe -wto 0d366662182e4828a81114f9f1528286 --incr --debug typical --relax --mt 2 -L xil_defaultlib -L unisims_ver -L unimacro_ver -L secureip --snapshot stateMachineTest_behav xil_defaultlib.stateMachineTest xil_defaultlib.glbl -log elaborate.log 
Using 2 slave threads.
Starting static elaboration
Completed static elaboration
Starting simulation data flow analysis
Completed simulation data flow analysis
Time Resolution for simulation is 1ps
Compiling module unisims_ver.FDRE(INIT=1'b1)
Compiling module unisims_ver.FDRE_default
Compiling module xil_defaultlib.stateMachine
Compiling module xil_defaultlib.stateMachineTest
Compiling module xil_defaultlib.glbl
Built simulation snapshot stateMachineTest_behav
INFO: [USF-XSim-69] 'elaborate' step finished in '2' seconds
Vivado Simulator 2019.1
Time resolution is 1 ps
relaunch_sim: Time (s): cpu = 00:00:02 ; elapsed = 00:00:09 . Memory (MB): peak = 772.434 ; gain = 0.000
run 2 us
relaunch_sim
INFO: [Vivado 12-5682] Launching behavioral simulation in 'D:/Users/Julian/Documents/UCSC Year THREE/CSE 100/Lab 5/Lab 5/Lab 5.sim/sim_1/behav/xsim'
INFO: [SIM-utils-51] Simulation object is 'sim_1'
INFO: [SIM-utils-54] Inspecting design source files for 'stateMachineTest' in fileset 'sim_1'...
INFO: [USF-XSim-97] Finding global include files...
INFO: [USF-XSim-98] Fetching design files from 'sim_1'...
INFO: [USF-XSim-2] XSim::Compile design
INFO: [USF-XSim-61] Executing 'COMPILE and ANALYZE' step in 'D:/Users/Julian/Documents/UCSC Year THREE/CSE 100/Lab 5/Lab 5/Lab 5.sim/sim_1/behav/xsim'
"xvlog --incr --relax -prj stateMachineTest_vlog.prj"
INFO: [VRFC 10-2263] Analyzing Verilog file "D:/Users/Julian/Documents/UCSC Year THREE/CSE 100/Lab 5/Lab 5/Lab 5.srcs/sources_1/new/stateMachine.v" into library xil_defaultlib
INFO: [VRFC 10-311] analyzing module stateMachine
INFO: [VRFC 10-2263] Analyzing Verilog file "D:/Users/Julian/Documents/UCSC Year THREE/CSE 100/Lab 5/Lab 5/Lab 5.srcs/sim_1/new/stateMachineTest.v" into library xil_defaultlib
INFO: [VRFC 10-311] analyzing module stateMachineTest
INFO: [USF-XSim-69] 'compile' step finished in '2' seconds
INFO: [Vivado 12-5682] Launching behavioral simulation in 'D:/Users/Julian/Documents/UCSC Year THREE/CSE 100/Lab 5/Lab 5/Lab 5.sim/sim_1/behav/xsim'
INFO: [USF-XSim-3] XSim::Elaborate design
INFO: [USF-XSim-61] Executing 'ELABORATE' step in 'D:/Users/Julian/Documents/UCSC Year THREE/CSE 100/Lab 5/Lab 5/Lab 5.sim/sim_1/behav/xsim'
"xelab -wto 0d366662182e4828a81114f9f1528286 --incr --debug typical --relax --mt 2 -L xil_defaultlib -L unisims_ver -L unimacro_ver -L secureip --snapshot stateMachineTest_behav xil_defaultlib.stateMachineTest xil_defaultlib.glbl -log elaborate.log"
Vivado Simulator 2019.1
Copyright 1986-1999, 2001-2019 Xilinx, Inc. All Rights Reserved.
Running: D:/Xilinx/Vivado/2019.1/bin/unwrapped/win64.o/xelab.exe -wto 0d366662182e4828a81114f9f1528286 --incr --debug typical --relax --mt 2 -L xil_defaultlib -L unisims_ver -L unimacro_ver -L secureip --snapshot stateMachineTest_behav xil_defaultlib.stateMachineTest xil_defaultlib.glbl -log elaborate.log 
Using 2 slave threads.
Starting static elaboration
Completed static elaboration
Starting simulation data flow analysis
Completed simulation data flow analysis
Time Resolution for simulation is 1ps
Compiling module unisims_ver.FDRE(INIT=1'b1)
Compiling module unisims_ver.FDRE_default
Compiling module xil_defaultlib.stateMachine
Compiling module xil_defaultlib.stateMachineTest
Compiling module xil_defaultlib.glbl
Built simulation snapshot stateMachineTest_behav
INFO: [USF-XSim-69] 'elaborate' step finished in '3' seconds
Vivado Simulator 2019.1
Time resolution is 1 ps
relaunch_sim: Time (s): cpu = 00:00:02 ; elapsed = 00:00:08 . Memory (MB): peak = 772.434 ; gain = 0.000
run 2 us
relaunch_sim
INFO: [Vivado 12-5682] Launching behavioral simulation in 'D:/Users/Julian/Documents/UCSC Year THREE/CSE 100/Lab 5/Lab 5/Lab 5.sim/sim_1/behav/xsim'
INFO: [SIM-utils-51] Simulation object is 'sim_1'
INFO: [SIM-utils-54] Inspecting design source files for 'stateMachineTest' in fileset 'sim_1'...
INFO: [USF-XSim-97] Finding global include files...
INFO: [USF-XSim-98] Fetching design files from 'sim_1'...
INFO: [USF-XSim-2] XSim::Compile design
INFO: [USF-XSim-61] Executing 'COMPILE and ANALYZE' step in 'D:/Users/Julian/Documents/UCSC Year THREE/CSE 100/Lab 5/Lab 5/Lab 5.sim/sim_1/behav/xsim'
"xvlog --incr --relax -prj stateMachineTest_vlog.prj"
INFO: [VRFC 10-2263] Analyzing Verilog file "D:/Users/Julian/Documents/UCSC Year THREE/CSE 100/Lab 5/Lab 5/Lab 5.srcs/sources_1/new/stateMachine.v" into library xil_defaultlib
INFO: [VRFC 10-311] analyzing module stateMachine
INFO: [VRFC 10-2263] Analyzing Verilog file "D:/Users/Julian/Documents/UCSC Year THREE/CSE 100/Lab 5/Lab 5/Lab 5.srcs/sim_1/new/stateMachineTest.v" into library xil_defaultlib
INFO: [VRFC 10-311] analyzing module stateMachineTest
INFO: [USF-XSim-69] 'compile' step finished in '2' seconds
INFO: [Vivado 12-5682] Launching behavioral simulation in 'D:/Users/Julian/Documents/UCSC Year THREE/CSE 100/Lab 5/Lab 5/Lab 5.sim/sim_1/behav/xsim'
INFO: [USF-XSim-3] XSim::Elaborate design
INFO: [USF-XSim-61] Executing 'ELABORATE' step in 'D:/Users/Julian/Documents/UCSC Year THREE/CSE 100/Lab 5/Lab 5/Lab 5.sim/sim_1/behav/xsim'
"xelab -wto 0d366662182e4828a81114f9f1528286 --incr --debug typical --relax --mt 2 -L xil_defaultlib -L unisims_ver -L unimacro_ver -L secureip --snapshot stateMachineTest_behav xil_defaultlib.stateMachineTest xil_defaultlib.glbl -log elaborate.log"
Vivado Simulator 2019.1
Copyright 1986-1999, 2001-2019 Xilinx, Inc. All Rights Reserved.
Running: D:/Xilinx/Vivado/2019.1/bin/unwrapped/win64.o/xelab.exe -wto 0d366662182e4828a81114f9f1528286 --incr --debug typical --relax --mt 2 -L xil_defaultlib -L unisims_ver -L unimacro_ver -L secureip --snapshot stateMachineTest_behav xil_defaultlib.stateMachineTest xil_defaultlib.glbl -log elaborate.log 
Using 2 slave threads.
Starting static elaboration
Completed static elaboration
Starting simulation data flow analysis
Completed simulation data flow analysis
Time Resolution for simulation is 1ps
Compiling module unisims_ver.FDRE(INIT=1'b1)
Compiling module unisims_ver.FDRE_default
Compiling module xil_defaultlib.stateMachine
Compiling module xil_defaultlib.stateMachineTest
Compiling module xil_defaultlib.glbl
Built simulation snapshot stateMachineTest_behav
INFO: [USF-XSim-69] 'elaborate' step finished in '2' seconds
Vivado Simulator 2019.1
Time resolution is 1 ps
relaunch_sim: Time (s): cpu = 00:00:01 ; elapsed = 00:00:08 . Memory (MB): peak = 772.434 ; gain = 0.000
run 2 us
relaunch_sim
INFO: [Vivado 12-5682] Launching behavioral simulation in 'D:/Users/Julian/Documents/UCSC Year THREE/CSE 100/Lab 5/Lab 5/Lab 5.sim/sim_1/behav/xsim'
INFO: [SIM-utils-51] Simulation object is 'sim_1'
INFO: [SIM-utils-54] Inspecting design source files for 'stateMachineTest' in fileset 'sim_1'...
INFO: [USF-XSim-97] Finding global include files...
INFO: [USF-XSim-98] Fetching design files from 'sim_1'...
INFO: [USF-XSim-2] XSim::Compile design
INFO: [USF-XSim-61] Executing 'COMPILE and ANALYZE' step in 'D:/Users/Julian/Documents/UCSC Year THREE/CSE 100/Lab 5/Lab 5/Lab 5.sim/sim_1/behav/xsim'
"xvlog --incr --relax -prj stateMachineTest_vlog.prj"
INFO: [VRFC 10-2263] Analyzing Verilog file "D:/Users/Julian/Documents/UCSC Year THREE/CSE 100/Lab 5/Lab 5/Lab 5.srcs/sources_1/new/stateMachine.v" into library xil_defaultlib
INFO: [VRFC 10-311] analyzing module stateMachine
INFO: [VRFC 10-2263] Analyzing Verilog file "D:/Users/Julian/Documents/UCSC Year THREE/CSE 100/Lab 5/Lab 5/Lab 5.srcs/sim_1/new/stateMachineTest.v" into library xil_defaultlib
INFO: [VRFC 10-311] analyzing module stateMachineTest
INFO: [USF-XSim-69] 'compile' step finished in '2' seconds
INFO: [Vivado 12-5682] Launching behavioral simulation in 'D:/Users/Julian/Documents/UCSC Year THREE/CSE 100/Lab 5/Lab 5/Lab 5.sim/sim_1/behav/xsim'
INFO: [USF-XSim-3] XSim::Elaborate design
INFO: [USF-XSim-61] Executing 'ELABORATE' step in 'D:/Users/Julian/Documents/UCSC Year THREE/CSE 100/Lab 5/Lab 5/Lab 5.sim/sim_1/behav/xsim'
"xelab -wto 0d366662182e4828a81114f9f1528286 --incr --debug typical --relax --mt 2 -L xil_defaultlib -L unisims_ver -L unimacro_ver -L secureip --snapshot stateMachineTest_behav xil_defaultlib.stateMachineTest xil_defaultlib.glbl -log elaborate.log"
Vivado Simulator 2019.1
Copyright 1986-1999, 2001-2019 Xilinx, Inc. All Rights Reserved.
Running: D:/Xilinx/Vivado/2019.1/bin/unwrapped/win64.o/xelab.exe -wto 0d366662182e4828a81114f9f1528286 --incr --debug typical --relax --mt 2 -L xil_defaultlib -L unisims_ver -L unimacro_ver -L secureip --snapshot stateMachineTest_behav xil_defaultlib.stateMachineTest xil_defaultlib.glbl -log elaborate.log 
Using 2 slave threads.
Starting static elaboration
Completed static elaboration
Starting simulation data flow analysis
Completed simulation data flow analysis
Time Resolution for simulation is 1ps
Compiling module unisims_ver.FDRE(INIT=1'b1)
Compiling module unisims_ver.FDRE_default
Compiling module xil_defaultlib.stateMachine
Compiling module xil_defaultlib.stateMachineTest
Compiling module xil_defaultlib.glbl
Built simulation snapshot stateMachineTest_behav
INFO: [USF-XSim-69] 'elaborate' step finished in '2' seconds
Vivado Simulator 2019.1
Time resolution is 1 ps
relaunch_sim: Time (s): cpu = 00:00:02 ; elapsed = 00:00:08 . Memory (MB): peak = 772.434 ; gain = 0.000
run 2 us
relaunch_sim
INFO: [Vivado 12-5682] Launching behavioral simulation in 'D:/Users/Julian/Documents/UCSC Year THREE/CSE 100/Lab 5/Lab 5/Lab 5.sim/sim_1/behav/xsim'
INFO: [SIM-utils-51] Simulation object is 'sim_1'
INFO: [SIM-utils-54] Inspecting design source files for 'stateMachineTest' in fileset 'sim_1'...
INFO: [USF-XSim-97] Finding global include files...
INFO: [USF-XSim-98] Fetching design files from 'sim_1'...
INFO: [USF-XSim-2] XSim::Compile design
INFO: [USF-XSim-61] Executing 'COMPILE and ANALYZE' step in 'D:/Users/Julian/Documents/UCSC Year THREE/CSE 100/Lab 5/Lab 5/Lab 5.sim/sim_1/behav/xsim'
"xvlog --incr --relax -prj stateMachineTest_vlog.prj"
INFO: [VRFC 10-2263] Analyzing Verilog file "D:/Users/Julian/Documents/UCSC Year THREE/CSE 100/Lab 5/Lab 5/Lab 5.srcs/sources_1/new/stateMachine.v" into library xil_defaultlib
INFO: [VRFC 10-311] analyzing module stateMachine
INFO: [VRFC 10-2263] Analyzing Verilog file "D:/Users/Julian/Documents/UCSC Year THREE/CSE 100/Lab 5/Lab 5/Lab 5.srcs/sim_1/new/stateMachineTest.v" into library xil_defaultlib
INFO: [VRFC 10-311] analyzing module stateMachineTest
INFO: [USF-XSim-69] 'compile' step finished in '2' seconds
INFO: [Vivado 12-5682] Launching behavioral simulation in 'D:/Users/Julian/Documents/UCSC Year THREE/CSE 100/Lab 5/Lab 5/Lab 5.sim/sim_1/behav/xsim'
INFO: [USF-XSim-3] XSim::Elaborate design
INFO: [USF-XSim-61] Executing 'ELABORATE' step in 'D:/Users/Julian/Documents/UCSC Year THREE/CSE 100/Lab 5/Lab 5/Lab 5.sim/sim_1/behav/xsim'
"xelab -wto 0d366662182e4828a81114f9f1528286 --incr --debug typical --relax --mt 2 -L xil_defaultlib -L unisims_ver -L unimacro_ver -L secureip --snapshot stateMachineTest_behav xil_defaultlib.stateMachineTest xil_defaultlib.glbl -log elaborate.log"
Vivado Simulator 2019.1
Copyright 1986-1999, 2001-2019 Xilinx, Inc. All Rights Reserved.
Running: D:/Xilinx/Vivado/2019.1/bin/unwrapped/win64.o/xelab.exe -wto 0d366662182e4828a81114f9f1528286 --incr --debug typical --relax --mt 2 -L xil_defaultlib -L unisims_ver -L unimacro_ver -L secureip --snapshot stateMachineTest_behav xil_defaultlib.stateMachineTest xil_defaultlib.glbl -log elaborate.log 
Using 2 slave threads.
Starting static elaboration
Completed static elaboration
Starting simulation data flow analysis
Completed simulation data flow analysis
Time Resolution for simulation is 1ps
Compiling module unisims_ver.FDRE(INIT=1'b1)
Compiling module unisims_ver.FDRE_default
Compiling module xil_defaultlib.stateMachine
Compiling module xil_defaultlib.stateMachineTest
Compiling module xil_defaultlib.glbl
Built simulation snapshot stateMachineTest_behav
INFO: [USF-XSim-69] 'elaborate' step finished in '3' seconds
Vivado Simulator 2019.1
Time resolution is 1 ps
relaunch_sim: Time (s): cpu = 00:00:03 ; elapsed = 00:00:10 . Memory (MB): peak = 772.434 ; gain = 0.000
run 2 us
relaunch_sim
INFO: [Vivado 12-5682] Launching behavioral simulation in 'D:/Users/Julian/Documents/UCSC Year THREE/CSE 100/Lab 5/Lab 5/Lab 5.sim/sim_1/behav/xsim'
INFO: [SIM-utils-51] Simulation object is 'sim_1'
INFO: [SIM-utils-54] Inspecting design source files for 'stateMachineTest' in fileset 'sim_1'...
INFO: [USF-XSim-97] Finding global include files...
INFO: [USF-XSim-98] Fetching design files from 'sim_1'...
INFO: [USF-XSim-2] XSim::Compile design
INFO: [USF-XSim-61] Executing 'COMPILE and ANALYZE' step in 'D:/Users/Julian/Documents/UCSC Year THREE/CSE 100/Lab 5/Lab 5/Lab 5.sim/sim_1/behav/xsim'
"xvlog --incr --relax -prj stateMachineTest_vlog.prj"
INFO: [VRFC 10-2263] Analyzing Verilog file "D:/Users/Julian/Documents/UCSC Year THREE/CSE 100/Lab 5/Lab 5/Lab 5.srcs/sources_1/new/stateMachine.v" into library xil_defaultlib
INFO: [VRFC 10-311] analyzing module stateMachine
INFO: [VRFC 10-2263] Analyzing Verilog file "D:/Users/Julian/Documents/UCSC Year THREE/CSE 100/Lab 5/Lab 5/Lab 5.srcs/sim_1/new/stateMachineTest.v" into library xil_defaultlib
INFO: [VRFC 10-311] analyzing module stateMachineTest
INFO: [USF-XSim-69] 'compile' step finished in '2' seconds
INFO: [Vivado 12-5682] Launching behavioral simulation in 'D:/Users/Julian/Documents/UCSC Year THREE/CSE 100/Lab 5/Lab 5/Lab 5.sim/sim_1/behav/xsim'
INFO: [USF-XSim-3] XSim::Elaborate design
INFO: [USF-XSim-61] Executing 'ELABORATE' step in 'D:/Users/Julian/Documents/UCSC Year THREE/CSE 100/Lab 5/Lab 5/Lab 5.sim/sim_1/behav/xsim'
"xelab -wto 0d366662182e4828a81114f9f1528286 --incr --debug typical --relax --mt 2 -L xil_defaultlib -L unisims_ver -L unimacro_ver -L secureip --snapshot stateMachineTest_behav xil_defaultlib.stateMachineTest xil_defaultlib.glbl -log elaborate.log"
Vivado Simulator 2019.1
Copyright 1986-1999, 2001-2019 Xilinx, Inc. All Rights Reserved.
Running: D:/Xilinx/Vivado/2019.1/bin/unwrapped/win64.o/xelab.exe -wto 0d366662182e4828a81114f9f1528286 --incr --debug typical --relax --mt 2 -L xil_defaultlib -L unisims_ver -L unimacro_ver -L secureip --snapshot stateMachineTest_behav xil_defaultlib.stateMachineTest xil_defaultlib.glbl -log elaborate.log 
Using 2 slave threads.
Starting static elaboration
Completed static elaboration
Starting simulation data flow analysis
Completed simulation data flow analysis
Time Resolution for simulation is 1ps
Compiling module unisims_ver.FDRE(INIT=1'b1)
Compiling module unisims_ver.FDRE_default
Compiling module xil_defaultlib.stateMachine
Compiling module xil_defaultlib.stateMachineTest
Compiling module xil_defaultlib.glbl
Built simulation snapshot stateMachineTest_behav
INFO: [USF-XSim-69] 'elaborate' step finished in '2' seconds
Vivado Simulator 2019.1
Time resolution is 1 ps
relaunch_sim: Time (s): cpu = 00:00:03 ; elapsed = 00:00:08 . Memory (MB): peak = 772.434 ; gain = 0.000
run 2 us
relaunch_sim
INFO: [Vivado 12-5682] Launching behavioral simulation in 'D:/Users/Julian/Documents/UCSC Year THREE/CSE 100/Lab 5/Lab 5/Lab 5.sim/sim_1/behav/xsim'
INFO: [SIM-utils-51] Simulation object is 'sim_1'
INFO: [SIM-utils-54] Inspecting design source files for 'stateMachineTest' in fileset 'sim_1'...
INFO: [USF-XSim-97] Finding global include files...
INFO: [USF-XSim-98] Fetching design files from 'sim_1'...
INFO: [USF-XSim-2] XSim::Compile design
INFO: [USF-XSim-61] Executing 'COMPILE and ANALYZE' step in 'D:/Users/Julian/Documents/UCSC Year THREE/CSE 100/Lab 5/Lab 5/Lab 5.sim/sim_1/behav/xsim'
"xvlog --incr --relax -prj stateMachineTest_vlog.prj"
INFO: [VRFC 10-2263] Analyzing Verilog file "D:/Users/Julian/Documents/UCSC Year THREE/CSE 100/Lab 5/Lab 5/Lab 5.srcs/sources_1/new/stateMachine.v" into library xil_defaultlib
INFO: [VRFC 10-311] analyzing module stateMachine
INFO: [VRFC 10-2263] Analyzing Verilog file "D:/Users/Julian/Documents/UCSC Year THREE/CSE 100/Lab 5/Lab 5/Lab 5.srcs/sim_1/new/stateMachineTest.v" into library xil_defaultlib
INFO: [VRFC 10-311] analyzing module stateMachineTest
INFO: [USF-XSim-69] 'compile' step finished in '2' seconds
INFO: [Vivado 12-5682] Launching behavioral simulation in 'D:/Users/Julian/Documents/UCSC Year THREE/CSE 100/Lab 5/Lab 5/Lab 5.sim/sim_1/behav/xsim'
INFO: [USF-XSim-3] XSim::Elaborate design
INFO: [USF-XSim-61] Executing 'ELABORATE' step in 'D:/Users/Julian/Documents/UCSC Year THREE/CSE 100/Lab 5/Lab 5/Lab 5.sim/sim_1/behav/xsim'
"xelab -wto 0d366662182e4828a81114f9f1528286 --incr --debug typical --relax --mt 2 -L xil_defaultlib -L unisims_ver -L unimacro_ver -L secureip --snapshot stateMachineTest_behav xil_defaultlib.stateMachineTest xil_defaultlib.glbl -log elaborate.log"
Vivado Simulator 2019.1
Copyright 1986-1999, 2001-2019 Xilinx, Inc. All Rights Reserved.
Running: D:/Xilinx/Vivado/2019.1/bin/unwrapped/win64.o/xelab.exe -wto 0d366662182e4828a81114f9f1528286 --incr --debug typical --relax --mt 2 -L xil_defaultlib -L unisims_ver -L unimacro_ver -L secureip --snapshot stateMachineTest_behav xil_defaultlib.stateMachineTest xil_defaultlib.glbl -log elaborate.log 
Using 2 slave threads.
Starting static elaboration
Completed static elaboration
Starting simulation data flow analysis
Completed simulation data flow analysis
Time Resolution for simulation is 1ps
Compiling module unisims_ver.FDRE(INIT=1'b1)
Compiling module unisims_ver.FDRE_default
Compiling module xil_defaultlib.stateMachine
Compiling module xil_defaultlib.stateMachineTest
Compiling module xil_defaultlib.glbl
Built simulation snapshot stateMachineTest_behav
INFO: [USF-XSim-69] 'elaborate' step finished in '2' seconds
Vivado Simulator 2019.1
Time resolution is 1 ps
relaunch_sim: Time (s): cpu = 00:00:01 ; elapsed = 00:00:08 . Memory (MB): peak = 772.434 ; gain = 0.000
run 2 us
relaunch_sim
INFO: [Vivado 12-5682] Launching behavioral simulation in 'D:/Users/Julian/Documents/UCSC Year THREE/CSE 100/Lab 5/Lab 5/Lab 5.sim/sim_1/behav/xsim'
INFO: [SIM-utils-51] Simulation object is 'sim_1'
INFO: [SIM-utils-54] Inspecting design source files for 'stateMachineTest' in fileset 'sim_1'...
INFO: [USF-XSim-97] Finding global include files...
INFO: [USF-XSim-98] Fetching design files from 'sim_1'...
INFO: [USF-XSim-2] XSim::Compile design
INFO: [USF-XSim-61] Executing 'COMPILE and ANALYZE' step in 'D:/Users/Julian/Documents/UCSC Year THREE/CSE 100/Lab 5/Lab 5/Lab 5.sim/sim_1/behav/xsim'
"xvlog --incr --relax -prj stateMachineTest_vlog.prj"
INFO: [VRFC 10-2263] Analyzing Verilog file "D:/Users/Julian/Documents/UCSC Year THREE/CSE 100/Lab 5/Lab 5/Lab 5.srcs/sources_1/new/stateMachine.v" into library xil_defaultlib
INFO: [VRFC 10-311] analyzing module stateMachine
INFO: [VRFC 10-2263] Analyzing Verilog file "D:/Users/Julian/Documents/UCSC Year THREE/CSE 100/Lab 5/Lab 5/Lab 5.srcs/sim_1/new/stateMachineTest.v" into library xil_defaultlib
INFO: [VRFC 10-311] analyzing module stateMachineTest
INFO: [USF-XSim-69] 'compile' step finished in '2' seconds
INFO: [Vivado 12-5682] Launching behavioral simulation in 'D:/Users/Julian/Documents/UCSC Year THREE/CSE 100/Lab 5/Lab 5/Lab 5.sim/sim_1/behav/xsim'
INFO: [USF-XSim-3] XSim::Elaborate design
INFO: [USF-XSim-61] Executing 'ELABORATE' step in 'D:/Users/Julian/Documents/UCSC Year THREE/CSE 100/Lab 5/Lab 5/Lab 5.sim/sim_1/behav/xsim'
"xelab -wto 0d366662182e4828a81114f9f1528286 --incr --debug typical --relax --mt 2 -L xil_defaultlib -L unisims_ver -L unimacro_ver -L secureip --snapshot stateMachineTest_behav xil_defaultlib.stateMachineTest xil_defaultlib.glbl -log elaborate.log"
Vivado Simulator 2019.1
Copyright 1986-1999, 2001-2019 Xilinx, Inc. All Rights Reserved.
Running: D:/Xilinx/Vivado/2019.1/bin/unwrapped/win64.o/xelab.exe -wto 0d366662182e4828a81114f9f1528286 --incr --debug typical --relax --mt 2 -L xil_defaultlib -L unisims_ver -L unimacro_ver -L secureip --snapshot stateMachineTest_behav xil_defaultlib.stateMachineTest xil_defaultlib.glbl -log elaborate.log 
Using 2 slave threads.
Starting static elaboration
Completed static elaboration
Starting simulation data flow analysis
Completed simulation data flow analysis
Time Resolution for simulation is 1ps
Compiling module unisims_ver.FDRE(INIT=1'b1)
Compiling module unisims_ver.FDRE_default
Compiling module xil_defaultlib.stateMachine
Compiling module xil_defaultlib.stateMachineTest
Compiling module xil_defaultlib.glbl
Built simulation snapshot stateMachineTest_behav
INFO: [USF-XSim-69] 'elaborate' step finished in '2' seconds
Vivado Simulator 2019.1
Time resolution is 1 ps
relaunch_sim: Time (s): cpu = 00:00:02 ; elapsed = 00:00:08 . Memory (MB): peak = 772.434 ; gain = 0.000
run 2 us
relaunch_sim
INFO: [Vivado 12-5682] Launching behavioral simulation in 'D:/Users/Julian/Documents/UCSC Year THREE/CSE 100/Lab 5/Lab 5/Lab 5.sim/sim_1/behav/xsim'
INFO: [SIM-utils-51] Simulation object is 'sim_1'
INFO: [SIM-utils-54] Inspecting design source files for 'stateMachineTest' in fileset 'sim_1'...
INFO: [USF-XSim-97] Finding global include files...
INFO: [USF-XSim-98] Fetching design files from 'sim_1'...
INFO: [USF-XSim-2] XSim::Compile design
INFO: [USF-XSim-61] Executing 'COMPILE and ANALYZE' step in 'D:/Users/Julian/Documents/UCSC Year THREE/CSE 100/Lab 5/Lab 5/Lab 5.sim/sim_1/behav/xsim'
"xvlog --incr --relax -prj stateMachineTest_vlog.prj"
INFO: [VRFC 10-2263] Analyzing Verilog file "D:/Users/Julian/Documents/UCSC Year THREE/CSE 100/Lab 5/Lab 5/Lab 5.srcs/sources_1/new/stateMachine.v" into library xil_defaultlib
INFO: [VRFC 10-311] analyzing module stateMachine
INFO: [VRFC 10-2263] Analyzing Verilog file "D:/Users/Julian/Documents/UCSC Year THREE/CSE 100/Lab 5/Lab 5/Lab 5.srcs/sim_1/new/stateMachineTest.v" into library xil_defaultlib
INFO: [VRFC 10-311] analyzing module stateMachineTest
INFO: [USF-XSim-69] 'compile' step finished in '2' seconds
INFO: [Vivado 12-5682] Launching behavioral simulation in 'D:/Users/Julian/Documents/UCSC Year THREE/CSE 100/Lab 5/Lab 5/Lab 5.sim/sim_1/behav/xsim'
INFO: [USF-XSim-3] XSim::Elaborate design
INFO: [USF-XSim-61] Executing 'ELABORATE' step in 'D:/Users/Julian/Documents/UCSC Year THREE/CSE 100/Lab 5/Lab 5/Lab 5.sim/sim_1/behav/xsim'
"xelab -wto 0d366662182e4828a81114f9f1528286 --incr --debug typical --relax --mt 2 -L xil_defaultlib -L unisims_ver -L unimacro_ver -L secureip --snapshot stateMachineTest_behav xil_defaultlib.stateMachineTest xil_defaultlib.glbl -log elaborate.log"
Vivado Simulator 2019.1
Copyright 1986-1999, 2001-2019 Xilinx, Inc. All Rights Reserved.
Running: D:/Xilinx/Vivado/2019.1/bin/unwrapped/win64.o/xelab.exe -wto 0d366662182e4828a81114f9f1528286 --incr --debug typical --relax --mt 2 -L xil_defaultlib -L unisims_ver -L unimacro_ver -L secureip --snapshot stateMachineTest_behav xil_defaultlib.stateMachineTest xil_defaultlib.glbl -log elaborate.log 
Using 2 slave threads.
Starting static elaboration
Completed static elaboration
Starting simulation data flow analysis
Completed simulation data flow analysis
Time Resolution for simulation is 1ps
Compiling module unisims_ver.FDRE(INIT=1'b1)
Compiling module unisims_ver.FDRE_default
Compiling module xil_defaultlib.stateMachine
Compiling module xil_defaultlib.stateMachineTest
Compiling module xil_defaultlib.glbl
Built simulation snapshot stateMachineTest_behav
INFO: [USF-XSim-69] 'elaborate' step finished in '2' seconds
Vivado Simulator 2019.1
Time resolution is 1 ps
relaunch_sim: Time (s): cpu = 00:00:02 ; elapsed = 00:00:09 . Memory (MB): peak = 772.434 ; gain = 0.000
run 2 us
run 2 us
relaunch_sim
INFO: [Vivado 12-5682] Launching behavioral simulation in 'D:/Users/Julian/Documents/UCSC Year THREE/CSE 100/Lab 5/Lab 5/Lab 5.sim/sim_1/behav/xsim'
INFO: [SIM-utils-51] Simulation object is 'sim_1'
INFO: [SIM-utils-54] Inspecting design source files for 'stateMachineTest' in fileset 'sim_1'...
INFO: [USF-XSim-97] Finding global include files...
INFO: [USF-XSim-98] Fetching design files from 'sim_1'...
INFO: [USF-XSim-2] XSim::Compile design
INFO: [USF-XSim-61] Executing 'COMPILE and ANALYZE' step in 'D:/Users/Julian/Documents/UCSC Year THREE/CSE 100/Lab 5/Lab 5/Lab 5.sim/sim_1/behav/xsim'
"xvlog --incr --relax -prj stateMachineTest_vlog.prj"
INFO: [VRFC 10-2263] Analyzing Verilog file "D:/Users/Julian/Documents/UCSC Year THREE/CSE 100/Lab 5/Lab 5/Lab 5.srcs/sources_1/new/stateMachine.v" into library xil_defaultlib
INFO: [VRFC 10-311] analyzing module stateMachine
INFO: [VRFC 10-2263] Analyzing Verilog file "D:/Users/Julian/Documents/UCSC Year THREE/CSE 100/Lab 5/Lab 5/Lab 5.srcs/sim_1/new/stateMachineTest.v" into library xil_defaultlib
INFO: [VRFC 10-311] analyzing module stateMachineTest
INFO: [USF-XSim-69] 'compile' step finished in '2' seconds
INFO: [Vivado 12-5682] Launching behavioral simulation in 'D:/Users/Julian/Documents/UCSC Year THREE/CSE 100/Lab 5/Lab 5/Lab 5.sim/sim_1/behav/xsim'
INFO: [USF-XSim-3] XSim::Elaborate design
INFO: [USF-XSim-61] Executing 'ELABORATE' step in 'D:/Users/Julian/Documents/UCSC Year THREE/CSE 100/Lab 5/Lab 5/Lab 5.sim/sim_1/behav/xsim'
"xelab -wto 0d366662182e4828a81114f9f1528286 --incr --debug typical --relax --mt 2 -L xil_defaultlib -L unisims_ver -L unimacro_ver -L secureip --snapshot stateMachineTest_behav xil_defaultlib.stateMachineTest xil_defaultlib.glbl -log elaborate.log"
Vivado Simulator 2019.1
Copyright 1986-1999, 2001-2019 Xilinx, Inc. All Rights Reserved.
Running: D:/Xilinx/Vivado/2019.1/bin/unwrapped/win64.o/xelab.exe -wto 0d366662182e4828a81114f9f1528286 --incr --debug typical --relax --mt 2 -L xil_defaultlib -L unisims_ver -L unimacro_ver -L secureip --snapshot stateMachineTest_behav xil_defaultlib.stateMachineTest xil_defaultlib.glbl -log elaborate.log 
Using 2 slave threads.
Starting static elaboration
Completed static elaboration
Starting simulation data flow analysis
Completed simulation data flow analysis
Time Resolution for simulation is 1ps
Compiling module unisims_ver.FDRE(INIT=1'b1)
Compiling module unisims_ver.FDRE_default
Compiling module xil_defaultlib.stateMachine
Compiling module xil_defaultlib.stateMachineTest
Compiling module xil_defaultlib.glbl
Built simulation snapshot stateMachineTest_behav
INFO: [USF-XSim-69] 'elaborate' step finished in '3' seconds
Vivado Simulator 2019.1
Time resolution is 1 ps
relaunch_sim: Time (s): cpu = 00:00:02 ; elapsed = 00:00:09 . Memory (MB): peak = 772.434 ; gain = 0.000
run 2 us
run 2 us
relaunch_sim
INFO: [Vivado 12-5682] Launching behavioral simulation in 'D:/Users/Julian/Documents/UCSC Year THREE/CSE 100/Lab 5/Lab 5/Lab 5.sim/sim_1/behav/xsim'
INFO: [SIM-utils-51] Simulation object is 'sim_1'
INFO: [SIM-utils-54] Inspecting design source files for 'stateMachineTest' in fileset 'sim_1'...
INFO: [USF-XSim-97] Finding global include files...
INFO: [USF-XSim-98] Fetching design files from 'sim_1'...
INFO: [USF-XSim-2] XSim::Compile design
INFO: [USF-XSim-61] Executing 'COMPILE and ANALYZE' step in 'D:/Users/Julian/Documents/UCSC Year THREE/CSE 100/Lab 5/Lab 5/Lab 5.sim/sim_1/behav/xsim'
"xvlog --incr --relax -prj stateMachineTest_vlog.prj"
INFO: [VRFC 10-2263] Analyzing Verilog file "D:/Users/Julian/Documents/UCSC Year THREE/CSE 100/Lab 5/Lab 5/Lab 5.srcs/sources_1/new/stateMachine.v" into library xil_defaultlib
INFO: [VRFC 10-311] analyzing module stateMachine
INFO: [VRFC 10-2263] Analyzing Verilog file "D:/Users/Julian/Documents/UCSC Year THREE/CSE 100/Lab 5/Lab 5/Lab 5.srcs/sim_1/new/stateMachineTest.v" into library xil_defaultlib
INFO: [VRFC 10-311] analyzing module stateMachineTest
INFO: [USF-XSim-69] 'compile' step finished in '2' seconds
INFO: [Vivado 12-5682] Launching behavioral simulation in 'D:/Users/Julian/Documents/UCSC Year THREE/CSE 100/Lab 5/Lab 5/Lab 5.sim/sim_1/behav/xsim'
INFO: [USF-XSim-3] XSim::Elaborate design
INFO: [USF-XSim-61] Executing 'ELABORATE' step in 'D:/Users/Julian/Documents/UCSC Year THREE/CSE 100/Lab 5/Lab 5/Lab 5.sim/sim_1/behav/xsim'
"xelab -wto 0d366662182e4828a81114f9f1528286 --incr --debug typical --relax --mt 2 -L xil_defaultlib -L unisims_ver -L unimacro_ver -L secureip --snapshot stateMachineTest_behav xil_defaultlib.stateMachineTest xil_defaultlib.glbl -log elaborate.log"
Vivado Simulator 2019.1
Copyright 1986-1999, 2001-2019 Xilinx, Inc. All Rights Reserved.
Running: D:/Xilinx/Vivado/2019.1/bin/unwrapped/win64.o/xelab.exe -wto 0d366662182e4828a81114f9f1528286 --incr --debug typical --relax --mt 2 -L xil_defaultlib -L unisims_ver -L unimacro_ver -L secureip --snapshot stateMachineTest_behav xil_defaultlib.stateMachineTest xil_defaultlib.glbl -log elaborate.log 
Using 2 slave threads.
Starting static elaboration
Completed static elaboration
Starting simulation data flow analysis
Completed simulation data flow analysis
Time Resolution for simulation is 1ps
Compiling module unisims_ver.FDRE(INIT=1'b1)
Compiling module unisims_ver.FDRE_default
Compiling module xil_defaultlib.stateMachine
Compiling module xil_defaultlib.stateMachineTest
Compiling module xil_defaultlib.glbl
Built simulation snapshot stateMachineTest_behav
INFO: [USF-XSim-69] 'elaborate' step finished in '2' seconds
Vivado Simulator 2019.1
Time resolution is 1 ps
relaunch_sim: Time (s): cpu = 00:00:03 ; elapsed = 00:00:09 . Memory (MB): peak = 772.434 ; gain = 0.000
run 3 us
relaunch_sim
INFO: [Vivado 12-5682] Launching behavioral simulation in 'D:/Users/Julian/Documents/UCSC Year THREE/CSE 100/Lab 5/Lab 5/Lab 5.sim/sim_1/behav/xsim'
INFO: [SIM-utils-51] Simulation object is 'sim_1'
INFO: [SIM-utils-54] Inspecting design source files for 'stateMachineTest' in fileset 'sim_1'...
INFO: [USF-XSim-97] Finding global include files...
INFO: [USF-XSim-98] Fetching design files from 'sim_1'...
INFO: [USF-XSim-2] XSim::Compile design
INFO: [USF-XSim-61] Executing 'COMPILE and ANALYZE' step in 'D:/Users/Julian/Documents/UCSC Year THREE/CSE 100/Lab 5/Lab 5/Lab 5.sim/sim_1/behav/xsim'
"xvlog --incr --relax -prj stateMachineTest_vlog.prj"
INFO: [VRFC 10-2263] Analyzing Verilog file "D:/Users/Julian/Documents/UCSC Year THREE/CSE 100/Lab 5/Lab 5/Lab 5.srcs/sources_1/new/stateMachine.v" into library xil_defaultlib
INFO: [VRFC 10-311] analyzing module stateMachine
INFO: [VRFC 10-2263] Analyzing Verilog file "D:/Users/Julian/Documents/UCSC Year THREE/CSE 100/Lab 5/Lab 5/Lab 5.srcs/sim_1/new/stateMachineTest.v" into library xil_defaultlib
INFO: [VRFC 10-311] analyzing module stateMachineTest
INFO: [USF-XSim-69] 'compile' step finished in '2' seconds
INFO: [Vivado 12-5682] Launching behavioral simulation in 'D:/Users/Julian/Documents/UCSC Year THREE/CSE 100/Lab 5/Lab 5/Lab 5.sim/sim_1/behav/xsim'
INFO: [USF-XSim-3] XSim::Elaborate design
INFO: [USF-XSim-61] Executing 'ELABORATE' step in 'D:/Users/Julian/Documents/UCSC Year THREE/CSE 100/Lab 5/Lab 5/Lab 5.sim/sim_1/behav/xsim'
"xelab -wto 0d366662182e4828a81114f9f1528286 --incr --debug typical --relax --mt 2 -L xil_defaultlib -L unisims_ver -L unimacro_ver -L secureip --snapshot stateMachineTest_behav xil_defaultlib.stateMachineTest xil_defaultlib.glbl -log elaborate.log"
Vivado Simulator 2019.1
Copyright 1986-1999, 2001-2019 Xilinx, Inc. All Rights Reserved.
Running: D:/Xilinx/Vivado/2019.1/bin/unwrapped/win64.o/xelab.exe -wto 0d366662182e4828a81114f9f1528286 --incr --debug typical --relax --mt 2 -L xil_defaultlib -L unisims_ver -L unimacro_ver -L secureip --snapshot stateMachineTest_behav xil_defaultlib.stateMachineTest xil_defaultlib.glbl -log elaborate.log 
Using 2 slave threads.
Starting static elaboration
Completed static elaboration
Starting simulation data flow analysis
Completed simulation data flow analysis
Time Resolution for simulation is 1ps
Compiling module unisims_ver.FDRE(INIT=1'b1)
Compiling module unisims_ver.FDRE_default
Compiling module xil_defaultlib.stateMachine
Compiling module xil_defaultlib.stateMachineTest
Compiling module xil_defaultlib.glbl
Built simulation snapshot stateMachineTest_behav
INFO: [USF-XSim-69] 'elaborate' step finished in '3' seconds
Vivado Simulator 2019.1
Time resolution is 1 ps
relaunch_sim: Time (s): cpu = 00:00:03 ; elapsed = 00:00:09 . Memory (MB): peak = 772.434 ; gain = 0.000
run 3 us
close_sim
INFO: [Simtcl 6-16] Simulation closed
add_files -norecurse {{D:/Users/Julian/Documents/UCSC Year THREE/CSE 100/Lab 5/Lab 5/lab5_clks.v}}
update_compile_order -fileset sources_1
