#
# A fatal error has been detected by the Java Runtime Environment:
#
#  EXCEPTION_ACCESS_VIOLATION (0xc0000005) at pc=0x00007ffbd9ceb0e0, pid=14012, tid=16972
#
# JRE version: Java(TM) SE Runtime Environment (9.0+11) (build 9.0.4+11)
# Java VM: Java HotSpot(TM) 64-Bit Server VM (9.0.4+11, mixed mode, tiered, compressed oops, g1 gc, windows-amd64)
# Problematic frame:
# C  0x00007ffbd9ceb0e0
#
# No core dump will be written. Minidumps are not enabled by default on client versions of Windows
#
# If you would like to submit a bug report, please visit:
#   http://bugreport.java.com/bugreport/crash.jsp
# The crash happened outside the Java Virtual Machine in native code.
# See problematic frame for where to report the bug.
#

---------------  S U M M A R Y ------------

Command Line: -Dsun.java2d.pmoffscreen=false -Dsun.java2d.xrender=false -Dsun.java2d.d3d=false -Dsun.awt.nopixfmt=true -Dsun.java2d.dpiaware=true -Dsun.java2d.uiScale.enabled=false -Xverify:none -Dswing.aatext=true -XX:-UsePerfData -Djdk.map.althashing.threshold=512 -XX:StringTableSize=4072 --add-opens=java.base/java.nio=ALL-UNNAMED --add-opens=java.desktop/sun.swing=ALL-UNNAMED --add-opens=java.desktop/javax.swing=ALL-UNNAMED --add-opens=java.desktop/javax.swing.tree=ALL-UNNAMED --add-opens=java.desktop/javax.swing.plaf.basic=ALL-UNNAMED --add-opens=java.desktop/javax.swing.plaf.synth=ALL-UNNAMED --add-opens=java.desktop/com.sun.awt=ALL-UNNAMED -XX:NewSize=60m -XX:MaxNewSize=60m -Xms128m -Xmx3072m -Xss5m 

Host: Intel(R) Core(TM) i5-8250U CPU @ 1.60GHz, 8 cores, 7G,  Windows 10 , 64 bit Build 18362 (10.0.18362.329)
Time: Tue Nov 19 17:15:31 2019 Pacific Standard Time elapsed time: 6548 seconds (0d 1h 49m 8s)

---------------  T H R E A D  ---------------

Current thread (0x000002ca5e397800):  JavaThread "AWT-EventQueue-1" [_thread_in_native, id=16972, stack(0x000000df5a600000,0x000000df5ab00000)]

Stack: [0x000000df5a600000,0x000000df5ab00000],  sp=0x000000df5aafaca8,  free space=5099k
Native frames: (J=compiled Java code, j=interpreted, Vv=VM code, C=native code)
C  0x00007ffbd9ceb0e0

Java frames: (J=compiled Java code, j=interpreted, Vv=VM code)
j  ui.views.waveform.waveformi.WVExecutive_selectFocusWaveObject(JI)V+0
j  ui.views.waveform.executive.a.x(Ljava/awt/event/KeyEvent;)V+8
j  ui.views.waveform.c.b.q(Ljava/awt/event/KeyEvent;)V+1038
j  ui.views.waveform.b.a.keyPressed(Ljava/awt/event/KeyEvent;)V+8
J 18050 c1 java.awt.AWTEventMulticaster.keyPressed(Ljava/awt/event/KeyEvent;)V java.desktop@9.0.4 (27 bytes) @ 0x000002ca457a7744 [0x000002ca457a7380+0x00000000000003c4]
J 28428 c1 java.awt.Component.processKeyEvent(Ljava/awt/event/KeyEvent;)V java.desktop@9.0.4 (68 bytes) @ 0x000002ca4615f634 [0x000002ca4615f380+0x00000000000002b4]
J 17462 c1 javax.swing.JComponent.processKeyEvent(Ljava/awt/event/KeyEvent;)V java.desktop@9.0.4 (62 bytes) @ 0x000002ca45c38b84 [0x000002ca45c38b00+0x0000000000000084]
j  ui.frmwork.c.i.processKeyEvent(Ljava/awt/event/KeyEvent;)V+10
J 13025 c2 java.awt.Container.processEvent(Ljava/awt/AWTEvent;)V java.desktop@9.0.4 (22 bytes) @ 0x000002ca4cb70548 [0x000002ca4cb703a0+0x00000000000001a8]
J 28429 c2 java.awt.Component.dispatchEventImpl(Ljava/awt/AWTEvent;)V java.desktop@9.0.4 (739 bytes) @ 0x000002ca4da38618 [0x000002ca4da37b40+0x0000000000000ad8]
J 26471 c2 java.awt.Container.dispatchEventImpl(Ljava/awt/AWTEvent;)V java.desktop@9.0.4 (129 bytes) @ 0x000002ca4d6b0fc4 [0x000002ca4d6b0f60+0x0000000000000064]
J 24481 c2 java.awt.DefaultKeyboardFocusManager.dispatchKeyEvent(Ljava/awt/event/KeyEvent;)Z java.desktop@9.0.4 (192 bytes) @ 0x000002ca4db1db44 [0x000002ca4db1cfc0+0x0000000000000b84]
J 24705 c2 java.awt.DefaultKeyboardFocusManager.preDispatchKeyEvent(Ljava/awt/event/KeyEvent;)Z java.desktop@9.0.4 (141 bytes) @ 0x000002ca4cabd96c [0x000002ca4cabd380+0x00000000000005ec]
J 24479 c1 java.awt.DefaultKeyboardFocusManager.typeAheadAssertions(Ljava/awt/Component;Ljava/awt/AWTEvent;)Z java.desktop@9.0.4 (356 bytes) @ 0x000002ca478a15a4 [0x000002ca4789f360+0x0000000000002244]
J 27804 c2 java.awt.DefaultKeyboardFocusManager.dispatchEvent(Ljava/awt/AWTEvent;)Z java.desktop@9.0.4 (1616 bytes) @ 0x000002ca4dd020e4 [0x000002ca4dd01e40+0x00000000000002a4]
J 28429 c2 java.awt.Component.dispatchEventImpl(Ljava/awt/AWTEvent;)V java.desktop@9.0.4 (739 bytes) @ 0x000002ca4da37f68 [0x000002ca4da37b40+0x0000000000000428]
J 26471 c2 java.awt.Container.dispatchEventImpl(Ljava/awt/AWTEvent;)V java.desktop@9.0.4 (129 bytes) @ 0x000002ca4d6b0fc4 [0x000002ca4d6b0f60+0x0000000000000064]
J 16867 c2 java.awt.Window.dispatchEventImpl(Ljava/awt/AWTEvent;)V java.desktop@9.0.4 (23 bytes) @ 0x000002ca4d0f048c [0x000002ca4d0f0440+0x000000000000004c]
J 12320 c2 java.awt.EventQueue$3.run()Ljava/lang/Object; java.desktop@9.0.4 (5 bytes) @ 0x000002ca4ca755d4 [0x000002ca4ca75420+0x00000000000001b4]
v  ~StubRoutines::call_stub
J 3841  java.security.AccessController.doPrivileged(Ljava/security/PrivilegedAction;Ljava/security/AccessControlContext;)Ljava/lang/Object; java.base@9.0.4 (0 bytes) @ 0x000002ca4c314a46 [0x000002ca4c3149e0+0x0000000000000066]
J 16071 c2 java.awt.EventQueue$4.run()Ljava/lang/Object; java.desktop@9.0.4 (5 bytes) @ 0x000002ca4cfb18b4 [0x000002ca4cfb1660+0x0000000000000254]
v  ~StubRoutines::call_stub
J 3841  java.security.AccessController.doPrivileged(Ljava/security/PrivilegedAction;Ljava/security/AccessControlContext;)Ljava/lang/Object; java.base@9.0.4 (0 bytes) @ 0x000002ca4c314a46 [0x000002ca4c3149e0+0x0000000000000066]
J 12310 c2 ui.frmwork.b.d.dispatchEvent(Ljava/awt/AWTEvent;)V (34 bytes) @ 0x000002ca4ca6c63c [0x000002ca4ca6bfe0+0x000000000000065c]
J 26428 c2 java.awt.EventDispatchThread.pumpOneEventForFilters(I)V java.desktop@9.0.4 (218 bytes) @ 0x000002ca4d61fbe8 [0x000002ca4d61f780+0x0000000000000468]
J 27583% c2 java.awt.EventDispatchThread.pumpEventsForFilter(ILjava/awt/Conditional;Ljava/awt/EventFilter;)V java.desktop@9.0.4 (47 bytes) @ 0x000002ca4dca6cd8 [0x000002ca4dca6bc0+0x0000000000000118]
j  java.awt.EventDispatchThread.pumpEventsForHierarchy(ILjava/awt/Conditional;Ljava/awt/Component;)V+11 java.desktop@9.0.4
j  java.awt.EventDispatchThread.pumpEvents(ILjava/awt/Conditional;)V+4 java.desktop@9.0.4
j  java.awt.EventDispatchThread.pumpEvents(Ljava/awt/Conditional;)V+3 java.desktop@9.0.4
j  java.awt.EventDispatchThread.run()V+9 java.desktop@9.0.4
v  ~StubRoutines::call_stub

siginfo: EXCEPTION_ACCESS_VIOLATION (0xc0000005), reading address 0x0000000000000010


Register to memory mapping:

RIP=0x00007ffbd9ceb0e0 is an unknown value
RAX=0x0000000000000000 is an unknown value
RBX=0x0000000000000000 is an unknown value
RCX=0x0000000000000000 is an unknown value
RDX=0x0000000000000000 is an unknown value
RSP=0x000000df5aafaca8 is pointing into the stack for thread: 0x000002ca5e397800
RBP=0x000000df5aafad00 is pointing into the stack for thread: 0x000002ca5e397800
RSI=0x000000df5aafad48 is pointing into the stack for thread: 0x000002ca5e397800
RDI=0x0000000000000000 is an unknown value
R8 =0x000002ca6217bf40 is an unknown value
R9 =0x00007ffc53be0000 VCRUNTIME140.dll
R10=0x0000000000000000 is an unknown value
R11=0x000002ca5fd1af80 is an unknown value
R12=0x0000000000000000 is an unknown value
R13={method} {0x000002ca619b0728} 'WVExecutive_selectFocusWaveObject' '(JI)V' in 'ui/views/waveform/waveformi'
R14=0x000002ca6c7e3e60 is an unknown value
R15=0x3fffffffffffffff is an unknown value


Registers:
RAX=0x0000000000000000, RBX=0x0000000000000000, RCX=0x0000000000000000, RDX=0x0000000000000000
RSP=0x000000df5aafaca8, RBP=0x000000df5aafad00, RSI=0x000000df5aafad48, RDI=0x0000000000000000
R8 =0x000002ca6217bf40, R9 =0x00007ffc53be0000, R10=0x0000000000000000, R11=0x000002ca5fd1af80
R12=0x0000000000000000, R13=0x000002ca619b0720, R14=0x000002ca6c7e3e60, R15=0x3fffffffffffffff
RIP=0x00007ffbd9ceb0e0, EFLAGS=0x0000000000010297

Top of Stack: (sp=0x000000df5aafaca8)
0x000000df5aafaca8:   00007ffbd9d47c55 000002ca7e34cc38
0x000000df5aafacb8:   00007ffbd9c91ef1 000002ca6217bf40
0x000000df5aafacc8:   0000000000000001 fffffffffffffffe
0x000000df5aafacd8:   000002ca6217bf40 0000000000000000
0x000000df5aaface8:   0000000000000000 0000000000000000
0x000000df5aafacf8:   0000000000000000 000002ca5e397800
0x000000df5aafad08:   00007ffbd9eef970 000002ca6c7e3e60
0x000000df5aafad18:   00007ffbd9d46718 0000000000000000
0x000000df5aafad28:   0000000000000000 000002ca7e34cc38
0x000000df5aafad38:   0000000000000000 fffffffffffffffe
0x000000df5aafad48:   00007ffbd9eef970 000002ca6217bf40
0x000000df5aafad58:   000002ca5e5820b0 000002ca362c5840
0x000000df5aafad68:   0000000064a94c56 000002ca5e397800
0x000000df5aafad78:   000000df5aafae60 000002ca5e397800
0x000000df5aafad88:   0000000000000138 000000df5aafaf40
0x000000df5aafad98:   00007ffbd9d486aa 000002ca6c7e3e60 

Instructions: (pc=0x00007ffbd9ceb0e0)
0x00007ffbd9ceb0c0:   74 0e 48 8b 00 48 83 c4 38 48 ff a0 b0 01 00 00
0x00007ffbd9ceb0d0:   48 83 c4 38 c3 cc cc cc cc cc cc cc cc cc cc cc
0x00007ffbd9ceb0e0:   48 8b 41 10 8b 00 c3 cc cc cc cc cc cc cc cc cc
0x00007ffbd9ceb0f0:   48 8b c4 57 48 81 ec 80 01 00 00 48 c7 44 24 28 



---------------  P R O C E S S  ---------------

Java Threads: ( => current thread )
  0x000002ca633df000 JavaThread "Run for Time: 17 ms" [_thread_in_native, id=11348, stack(0x000000df60600000,0x000000df60b00000)]
  0x000002ca633dd800 JavaThread "Monitor File Timestamp Swing Worker" [_thread_blocked, id=5488, stack(0x000000df5f100000,0x000000df5f600000)]
  0x000002ca633e2000 JavaThread "Timer-8" [_thread_blocked, id=13648, stack(0x000000df5e100000,0x000000df5e600000)]
  0x000002ca633e3000 JavaThread "Monitor File Timestamp Swing Worker" [_thread_blocked, id=7332, stack(0x000000df60100000,0x000000df60600000)]
  0x000002ca633e5000 JavaThread "Timer-5" [_thread_blocked, id=992, stack(0x000000df5d600000,0x000000df5db00000)]
  0x000002ca633e6000 JavaThread "Swing-Shell" daemon [_thread_blocked, id=2636, stack(0x000000df5c200000,0x000000df5c700000)]
  0x000002ca633e1800 JavaThread "SyntheticaAnimation 50" daemon [_thread_blocked, id=13736, stack(0x000000df5ec00000,0x000000df5f100000)]
  0x000002ca633dd000 JavaThread "Image Animator 0" daemon [_thread_blocked, id=15776, stack(0x000000df5e700000,0x000000df5ec00000)]
  0x000002ca633dc000 JavaThread "Update Runs Swing Worker" [_thread_blocked, id=16716, stack(0x000000df5db00000,0x000000df5e000000)]
  0x000002ca633db800 JavaThread "hw_ila_monitor" [_thread_blocked, id=16832, stack(0x000000df5cc00000,0x000000df5d100000)]
  0x000002ca633de800 JavaThread "Refresh Filesets Swing Worker" [_thread_blocked, id=11888, stack(0x000000df59700000,0x000000df59c00000)]
  0x000002ca39ea8000 JavaThread "SyntheticaAnimation 70" daemon [_thread_blocked, id=1856, stack(0x000000df5c700000,0x000000df5cc00000)]
  0x000002ca39eaa000 JavaThread "SyntheticaAnimation 25" daemon [_thread_blocked, id=15240, stack(0x000000df5ab00000,0x000000df5b000000)]
  0x000002ca39ea7000 JavaThread "SyntheticaAnimation 50" daemon [_thread_blocked, id=16952, stack(0x000000df5bd00000,0x000000df5c200000)]
  0x000002ca39ea3800 JavaThread "Monitor HEventQueue" [_thread_blocked, id=16900, stack(0x000000df5b800000,0x000000df5bd00000)]
  0x000002ca39ea8800 JavaThread "SyntheticaCleanerThread" daemon [_thread_blocked, id=12044, stack(0x000000df5b000000,0x000000df5b500000)]
  0x000002ca39ea5800 JavaThread "Batik CleanerThread" daemon [_thread_blocked, id=5656, stack(0x000000df59c00000,0x000000df5a100000)]
=>0x000002ca5e397800 JavaThread "AWT-EventQueue-1" [_thread_in_native, id=16972, stack(0x000000df5a600000,0x000000df5ab00000)]
  0x000002ca5e393000 JavaThread "AWT-Shutdown" [_thread_blocked, id=10808, stack(0x000000df5a100000,0x000000df5a600000)]
  0x000002ca5e582800 JavaThread "Process Messages" [_thread_blocked, id=15484, stack(0x000000df58800000,0x000000df58d00000)]
  0x000002ca5effb000 JavaThread "Thread-1" [_thread_in_native, id=17124, stack(0x000000df52f00000,0x000000df54300000)]
  0x000002ca5e525000 JavaThread "TimerQueue" daemon [_thread_blocked, id=9092, stack(0x000000df59200000,0x000000df59700000)]
  0x000002ca3b9c9000 JavaThread "AWT-Windows" daemon [_thread_in_native, id=9052, stack(0x000000df58d00000,0x000000df59200000)]
  0x000002ca38943000 JavaThread "Java2D Disposer" daemon [_thread_blocked, id=12468, stack(0x000000df58300000,0x000000df58800000)]
  0x000002ca3b31e000 JavaThread "Service Thread" daemon [_thread_blocked, id=2860, stack(0x000000df57d00000,0x000000df58200000)]
  0x000002ca3d26a000 JavaThread "Common-Cleaner" daemon [_thread_blocked, id=14964, stack(0x000000df57800000,0x000000df57d00000)]
  0x000002ca39ea6800 JavaThread "Sweeper thread" daemon [_thread_blocked, id=9416, stack(0x000000df57300000,0x000000df57800000)]
  0x000002ca39e82000 JavaThread "C1 CompilerThread3" daemon [_thread_blocked, id=6792, stack(0x000000df57200000,0x000000df57300000)]
  0x000002ca3d274000 JavaThread "C2 CompilerThread2" daemon [_thread_blocked, id=17204, stack(0x000000df57100000,0x000000df57200000)]
  0x000002ca3d273800 JavaThread "C2 CompilerThread1" daemon [_thread_blocked, id=16812, stack(0x000000df57000000,0x000000df57100000)]
  0x000002ca3d693000 JavaThread "C2 CompilerThread0" daemon [_thread_blocked, id=11728, stack(0x000000df56f00000,0x000000df57000000)]
  0x000002ca3d692800 JavaThread "Attach Listener" daemon [_thread_blocked, id=13400, stack(0x000000df56a00000,0x000000df56f00000)]
  0x000002ca3d671000 JavaThread "Signal Dispatcher" daemon [_thread_blocked, id=16248, stack(0x000000df56500000,0x000000df56a00000)]
  0x000002ca39eb3800 JavaThread "Finalizer" daemon [_thread_blocked, id=16176, stack(0x000000df56000000,0x000000df56500000)]
  0x000002ca38738800 JavaThread "Reference Handler" daemon [_thread_blocked, id=16628, stack(0x000000df55b00000,0x000000df56000000)]
  0x000002ca3d1a8000 JavaThread "main" [_thread_blocked, id=5068, stack(0x000000df52e00000,0x000000df52f00000)]

Other Threads:
  0x000002ca3d0c4800 VMThread "VM Thread" [stack: 0x000000df55a00000,0x000000df55b00000] [id=16328]
  0x000002ca3d9ff000 WatcherThread [stack: 0x000000df58200000,0x000000df58300000] [id=16232]
  0x000002ca3cd0b800 GCTaskThread "GC Thread#0" [stack: 0x000000df54600000,0x000000df54700000] [id=4700]
  0x000002ca3b168000 GCTaskThread "GC Thread#1" [stack: 0x000000df54700000,0x000000df54800000] [id=7272]
  0x000002ca3b168800 GCTaskThread "GC Thread#2" [stack: 0x000000df54800000,0x000000df54900000] [id=7784]
  0x000002ca3b163000 GCTaskThread "GC Thread#3" [stack: 0x000000df54900000,0x000000df54a00000] [id=12408]
  0x000002ca3b167000 GCTaskThread "GC Thread#4" [stack: 0x000000df54a00000,0x000000df54b00000] [id=14216]
  0x000002ca3b166000 GCTaskThread "GC Thread#5" [stack: 0x000000df54b00000,0x000000df54c00000] [id=12236]
  0x000002ca3b163800 GCTaskThread "GC Thread#6" [stack: 0x000000df54c00000,0x000000df54d00000] [id=4484]
  0x000002ca3b164800 GCTaskThread "GC Thread#7" [stack: 0x000000df54d00000,0x000000df54e00000] [id=6396]
  0x000002ca3d81f800 ConcurrentGCThread "G1 Main Marker" [stack: 0x000000df55700000,0x000000df55800000] [id=17112]
  0x000002ca3b169800 ConcurrentGCThread "G1 Marker#0" [stack: 0x000000df55800000,0x000000df55900000] [id=4176]
  0x000002ca3b167800 ConcurrentGCThread "G1 Marker#1" [stack: 0x000000df55900000,0x000000df55a00000] [id=1060]
  0x000002ca3b16f000 ConcurrentGCThread "G1 Refine#0" [stack: 0x000000df55500000,0x000000df55600000] [id=16892]
  0x000002ca38ad9000 ConcurrentGCThread "G1 Refine#1" [stack: 0x000000df55400000,0x000000df55500000] [id=13760]
  0x000002ca38ad8800 ConcurrentGCThread "G1 Refine#2" [stack: 0x000000df55300000,0x000000df55400000] [id=16888]
  0x000002ca3a5ca000 ConcurrentGCThread "G1 Refine#3" [stack: 0x000000df55200000,0x000000df55300000] [id=15656]
  0x000002ca39e6a000 ConcurrentGCThread "G1 Refine#4" [stack: 0x000000df55100000,0x000000df55200000] [id=15684]
  0x000002ca366f2000 ConcurrentGCThread "G1 Refine#5" [stack: 0x000000df55000000,0x000000df55100000] [id=15620]
  0x000002ca38a8f000 ConcurrentGCThread "G1 Refine#6" [stack: 0x000000df54f00000,0x000000df55000000] [id=15616]
  0x000002ca38a8e800 ConcurrentGCThread "G1 Refine#7" [stack: 0x000000df54e00000,0x000000df54f00000] [id=15856]
  0x000002ca360a9800 ConcurrentGCThread "G1 Young RemSet Sampling" [stack: 0x000000df55600000,0x000000df55700000] [id=17144]

Threads with active compile tasks:

VM state:not at safepoint (normal execution)

VM Mutex/Monitor currently owned by a thread: None

Heap address: 0x0000000700000000, size: 3072 MB, Compressed Oops mode: Zero based, Oop shift amount: 3
Narrow klass base: 0x0000000000000000, Narrow klass shift: 3
Compressed class space size: 1073741824 Address: 0x00000007c0000000

Heap:
 garbage-first heap   total 342016K, used 132947K [0x0000000700000000, 0x0000000700100a70, 0x00000007c0000000)
  region size 1024K, 7 young (7168K), 1 survivors (1024K)
 Metaspace       used 92728K, capacity 96243K, committed 100348K, reserved 1136640K
  class space    used 12525K, capacity 13212K, committed 14076K, reserved 1048576K
Heap Regions: E=young(eden), S=young(survivor), O=old, HS=humongous(starts), HC=humongous(continues), CS=collection set, F=free, A=archive, TS=gc time stamp, AC=allocation context, TAMS=top-at-mark-start (previous, next)
|   0|0x0000000700000000, 0x00000007000f9700, 0x0000000700100000| 97%| O|  |TS  0|AC  0|TAMS 0x0000000700000000, 0x0000000700000000|
|   1|0x0000000700100000, 0x0000000700200000, 0x0000000700200000|100%|HS|  |TS  0|AC  0|TAMS 0x0000000700100000, 0x0000000700100000|
|   2|0x0000000700200000, 0x0000000700300000, 0x0000000700300000|100%|HC|  |TS  0|AC  0|TAMS 0x0000000700200000, 0x0000000700200000|
|   3|0x0000000700300000, 0x0000000700400000, 0x0000000700400000|100%|HS|  |TS  0|AC  0|TAMS 0x0000000700300000, 0x0000000700300000|
|   4|0x0000000700400000, 0x00000007004ea6a0, 0x0000000700500000| 91%| O|  |TS  0|AC  0|TAMS 0x0000000700400000, 0x0000000700400000|
|   5|0x0000000700500000, 0x00000007005ffff8, 0x0000000700600000| 99%| O|  |TS  0|AC  0|TAMS 0x0000000700500000, 0x0000000700500000|
|   6|0x0000000700600000, 0x00000007006fffd8, 0x0000000700700000| 99%| O|  |TS  0|AC  0|TAMS 0x0000000700600000, 0x0000000700600000|
|   7|0x0000000700700000, 0x00000007007fffd8, 0x0000000700800000| 99%| O|  |TS  0|AC  0|TAMS 0x0000000700700000, 0x0000000700700000|
|   8|0x0000000700800000, 0x00000007008ffff8, 0x0000000700900000| 99%| O|  |TS  0|AC  0|TAMS 0x0000000700800000, 0x0000000700800000|
|   9|0x0000000700900000, 0x00000007009ffff0, 0x0000000700a00000| 99%| O|  |TS  0|AC  0|TAMS 0x0000000700900000, 0x0000000700900000|
|  10|0x0000000700a00000, 0x0000000700af5f58, 0x0000000700b00000| 96%| O|  |TS  0|AC  0|TAMS 0x0000000700a00000, 0x0000000700a00000|
|  11|0x0000000700b00000, 0x0000000700c00000, 0x0000000700c00000|100%|HS|  |TS  0|AC  0|TAMS 0x0000000700b00000, 0x0000000700b00000|
|  12|0x0000000700c00000, 0x0000000700d00000, 0x0000000700d00000|100%|HC|  |TS  0|AC  0|TAMS 0x0000000700c00000, 0x0000000700c00000|
|  13|0x0000000700d00000, 0x0000000700dd17f8, 0x0000000700e00000| 81%| O|  |TS  0|AC  0|TAMS 0x0000000700d00000, 0x0000000700d00000|
|  14|0x0000000700e00000, 0x0000000700efd990, 0x0000000700f00000| 99%| O|  |TS  0|AC  0|TAMS 0x0000000700e00000, 0x0000000700e00000|
|  15|0x0000000700f00000, 0x0000000700ffe390, 0x0000000701000000| 99%| O|  |TS  0|AC  0|TAMS 0x0000000700f00000, 0x0000000700f00000|
|  16|0x0000000701000000, 0x00000007010fe2a0, 0x0000000701100000| 99%| O|  |TS  0|AC  0|TAMS 0x0000000701000000, 0x0000000701000000|
|  17|0x0000000701100000, 0x00000007011fffe8, 0x0000000701200000| 99%| O|  |TS  0|AC  0|TAMS 0x0000000701100000, 0x0000000701100000|
|  18|0x0000000701200000, 0x0000000701300000, 0x0000000701300000|100%| O|  |TS  0|AC  0|TAMS 0x0000000701200000, 0x0000000701200000|
|  19|0x0000000701300000, 0x00000007013fffc0, 0x0000000701400000| 99%| O|  |TS  0|AC  0|TAMS 0x0000000701300000, 0x0000000701300000|
|  20|0x0000000701400000, 0x00000007014fffe0, 0x0000000701500000| 99%| O|  |TS  0|AC  0|TAMS 0x0000000701400000, 0x0000000701400000|
|  21|0x0000000701500000, 0x00000007015fe720, 0x0000000701600000| 99%| O|  |TS  0|AC  0|TAMS 0x0000000701500000, 0x0000000701500000|
|  22|0x0000000701600000, 0x00000007016ffff0, 0x0000000701700000| 99%| O|  |TS  0|AC  0|TAMS 0x0000000701600000, 0x0000000701600000|
|  23|0x0000000701700000, 0x00000007017ffea0, 0x0000000701800000| 99%| O|  |TS  0|AC  0|TAMS 0x0000000701700000, 0x0000000701700000|
|  24|0x0000000701800000, 0x0000000701900000, 0x0000000701900000|100%|HS|  |TS  0|AC  0|TAMS 0x0000000701800000, 0x0000000701800000|
|  25|0x0000000701900000, 0x00000007019fffd0, 0x0000000701a00000| 99%| O|  |TS  0|AC  0|TAMS 0x0000000701900000, 0x0000000701900000|
|  26|0x0000000701a00000, 0x0000000701afffb0, 0x0000000701b00000| 99%| O|  |TS  0|AC  0|TAMS 0x0000000701a00000, 0x0000000701a00000|
|  27|0x0000000701b00000, 0x0000000701c00000, 0x0000000701c00000|100%|HS|  |TS  0|AC  0|TAMS 0x0000000701b00000, 0x0000000701b00000|
|  28|0x0000000701c00000, 0x0000000701cffff0, 0x0000000701d00000| 99%| O|  |TS  0|AC  0|TAMS 0x0000000701c00000, 0x0000000701c00000|
|  29|0x0000000701d00000, 0x0000000701dfff70, 0x0000000701e00000| 99%| O|  |TS  0|AC  0|TAMS 0x0000000701d00000, 0x0000000701d00000|
|  30|0x0000000701e00000, 0x0000000701effff0, 0x0000000701f00000| 99%| O|  |TS  0|AC  0|TAMS 0x0000000701e00000, 0x0000000701e00000|
|  31|0x0000000701f00000, 0x0000000701ffffb8, 0x0000000702000000| 99%| O|  |TS  0|AC  0|TAMS 0x0000000701f00000, 0x0000000701f00000|
|  32|0x0000000702000000, 0x00000007020ffff0, 0x0000000702100000| 99%| O|  |TS  0|AC  0|TAMS 0x0000000702000000, 0x0000000702000000|
|  33|0x0000000702100000, 0x0000000702200000, 0x0000000702200000|100%| O|  |TS  0|AC  0|TAMS 0x0000000702100000, 0x0000000702100000|
|  34|0x0000000702200000, 0x00000007022ffe88, 0x0000000702300000| 99%| O|  |TS  0|AC  0|TAMS 0x0000000702200000, 0x0000000702200000|
|  35|0x0000000702300000, 0x00000007023ffff0, 0x0000000702400000| 99%| O|  |TS  0|AC  0|TAMS 0x0000000702300000, 0x0000000702300000|
|  36|0x0000000702400000, 0x00000007024fffc0, 0x0000000702500000| 99%| O|  |TS  0|AC  0|TAMS 0x0000000702400000, 0x0000000702400000|
|  37|0x0000000702500000, 0x00000007025ffff8, 0x0000000702600000| 99%| O|  |TS  0|AC  0|TAMS 0x0000000702500000, 0x0000000702500000|
|  38|0x0000000702600000, 0x00000007026fffe0, 0x0000000702700000| 99%| O|  |TS  0|AC  0|TAMS 0x0000000702600000, 0x0000000702600000|
|  39|0x0000000702700000, 0x00000007027ffec0, 0x0000000702800000| 99%| O|  |TS  0|AC  0|TAMS 0x0000000702700000, 0x0000000702700000|
|  40|0x0000000702800000, 0x00000007028fffd8, 0x0000000702900000| 99%| O|  |TS  0|AC  0|TAMS 0x0000000702800000, 0x0000000702800000|
|  41|0x0000000702900000, 0x00000007029fc010, 0x0000000702a00000| 98%| O|  |TS  0|AC  0|TAMS 0x0000000702900000, 0x0000000702900000|
|  42|0x0000000702a00000, 0x0000000702affff8, 0x0000000702b00000| 99%| O|  |TS  0|AC  0|TAMS 0x0000000702a00000, 0x0000000702a00000|
|  43|0x0000000702b00000, 0x0000000702c00000, 0x0000000702c00000|100%| O|  |TS  0|AC  0|TAMS 0x0000000702b00000, 0x0000000702b00000|
|  44|0x0000000702c00000, 0x0000000702cffff0, 0x0000000702d00000| 99%| O|  |TS  0|AC  0|TAMS 0x0000000702c00000, 0x0000000702c00000|
|  45|0x0000000702d00000, 0x0000000702dffff0, 0x0000000702e00000| 99%| O|  |TS  0|AC  0|TAMS 0x0000000702d00000, 0x0000000702d00000|
|  46|0x0000000702e00000, 0x0000000702effff0, 0x0000000702f00000| 99%| O|  |TS  0|AC  0|TAMS 0x0000000702e00000, 0x0000000702e00000|
|  47|0x0000000702f00000, 0x0000000702ffcaa8, 0x0000000703000000| 98%| O|  |TS  0|AC  0|TAMS 0x0000000702f00000, 0x0000000702f00000|
|  48|0x0000000703000000, 0x0000000703100000, 0x0000000703100000|100%| O|  |TS  0|AC  0|TAMS 0x0000000703000000, 0x0000000703000000|
|  49|0x0000000703100000, 0x00000007031fceb8, 0x0000000703200000| 98%| O|  |TS  0|AC  0|TAMS 0x0000000703100000, 0x0000000703100000|
|  50|0x0000000703200000, 0x00000007032ffff0, 0x0000000703300000| 99%| O|  |TS  0|AC  0|TAMS 0x0000000703200000, 0x0000000703200000|
|  51|0x0000000703300000, 0x00000007033ffff0, 0x0000000703400000| 99%| O|  |TS  0|AC  0|TAMS 0x0000000703300000, 0x0000000703300000|
|  52|0x0000000703400000, 0x00000007034ffff0, 0x0000000703500000| 99%| O|  |TS  0|AC  0|TAMS 0x0000000703400000, 0x0000000703400000|
|  53|0x0000000703500000, 0x00000007035fffe8, 0x0000000703600000| 99%| O|  |TS  0|AC  0|TAMS 0x0000000703500000, 0x0000000703500000|
|  54|0x0000000703600000, 0x00000007036fffe0, 0x0000000703700000| 99%| O|  |TS  0|AC  0|TAMS 0x0000000703600000, 0x0000000703600000|
|  55|0x0000000703700000, 0x00000007037fffe0, 0x0000000703800000| 99%| O|  |TS  0|AC  0|TAMS 0x0000000703700000, 0x0000000703700000|
|  56|0x0000000703800000, 0x00000007038ffff8, 0x0000000703900000| 99%| O|  |TS  0|AC  0|TAMS 0x0000000703800000, 0x0000000703800000|
|  57|0x0000000703900000, 0x0000000703a00000, 0x0000000703a00000|100%| O|  |TS  0|AC  0|TAMS 0x0000000703900000, 0x0000000703900000|
|  58|0x0000000703a00000, 0x0000000703affff8, 0x0000000703b00000| 99%| O|  |TS  0|AC  0|TAMS 0x0000000703a00000, 0x0000000703a00000|
|  59|0x0000000703b00000, 0x0000000703bfffe8, 0x0000000703c00000| 99%| O|  |TS  0|AC  0|TAMS 0x0000000703b00000, 0x0000000703b00000|
|  60|0x0000000703c00000, 0x0000000703cfffe0, 0x0000000703d00000| 99%| O|  |TS  0|AC  0|TAMS 0x0000000703c00000, 0x0000000703c00000|
|  61|0x0000000703d00000, 0x0000000703dcc318, 0x0000000703e00000| 79%| O|  |TS  0|AC  0|TAMS 0x0000000703d00000, 0x0000000703d00000|
|  62|0x0000000703e00000, 0x0000000703effed0, 0x0000000703f00000| 99%| O|  |TS  0|AC  0|TAMS 0x0000000703e00000, 0x0000000703e00000|
|  63|0x0000000703f00000, 0x0000000703fffff8, 0x0000000704000000| 99%| O|  |TS  0|AC  0|TAMS 0x0000000703f00000, 0x0000000703f00000|
|  64|0x0000000704000000, 0x00000007040ff9c0, 0x0000000704100000| 99%| O|  |TS  0|AC  0|TAMS 0x0000000704000000, 0x0000000704000000|
|  65|0x0000000704100000, 0x00000007041fffd8, 0x0000000704200000| 99%| O|  |TS  0|AC  0|TAMS 0x0000000704100000, 0x0000000704100000|
|  66|0x0000000704200000, 0x00000007042ffff0, 0x0000000704300000| 99%| O|  |TS  0|AC  0|TAMS 0x0000000704200000, 0x0000000704200000|
|  67|0x0000000704300000, 0x0000000704400000, 0x0000000704400000|100%| O|  |TS  0|AC  0|TAMS 0x0000000704300000, 0x0000000704300000|
|  68|0x0000000704400000, 0x00000007044fffe8, 0x0000000704500000| 99%| O|  |TS  0|AC  0|TAMS 0x0000000704400000, 0x0000000704400000|
|  69|0x0000000704500000, 0x00000007045ffff0, 0x0000000704600000| 99%| O|  |TS  0|AC  0|TAMS 0x0000000704500000, 0x0000000704500000|
|  70|0x0000000704600000, 0x0000000704700000, 0x0000000704700000|100%| O|  |TS  0|AC  0|TAMS 0x0000000704600000, 0x0000000704600000|
|  71|0x0000000704700000, 0x00000007047fffe8, 0x0000000704800000| 99%| O|  |TS  0|AC  0|TAMS 0x0000000704700000, 0x0000000704700000|
|  72|0x0000000704800000, 0x00000007048fffd8, 0x0000000704900000| 99%| O|  |TS  0|AC  0|TAMS 0x0000000704800000, 0x0000000704800000|
|  73|0x0000000704900000, 0x00000007049f3ab8, 0x0000000704a00000| 95%| O|  |TS  0|AC  0|TAMS 0x0000000704900000, 0x0000000704900000|
|  74|0x0000000704a00000, 0x0000000704b00000, 0x0000000704b00000|100%| O|  |TS  0|AC  0|TAMS 0x0000000704a00000, 0x0000000704a00000|
|  75|0x0000000704b00000, 0x0000000704b445c8, 0x0000000704c00000| 26%| O|  |TS  0|AC  0|TAMS 0x0000000704b00000, 0x0000000704b00000|
|  76|0x0000000704c00000, 0x0000000704c00000, 0x0000000704d00000|  0%| F|  |TS  0|AC  0|TAMS 0x0000000704c00000, 0x0000000704c00000|
|  77|0x0000000704d00000, 0x0000000704d00000, 0x0000000704e00000|  0%| F|  |TS  0|AC  0|TAMS 0x0000000704d00000, 0x0000000704d00000|
|  78|0x0000000704e00000, 0x0000000704f00000, 0x0000000704f00000|100%|HS|  |TS  0|AC  0|TAMS 0x0000000704e00000, 0x0000000704e00000|
|  79|0x0000000704f00000, 0x0000000704f00000, 0x0000000705000000|  0%| F|  |TS  0|AC  0|TAMS 0x0000000704f00000, 0x0000000704f00000|
|  80|0x0000000705000000, 0x0000000705000000, 0x0000000705100000|  0%| F|  |TS  0|AC  0|TAMS 0x0000000705000000, 0x0000000705000000|
|  81|0x0000000705100000, 0x0000000705100000, 0x0000000705200000|  0%| F|  |TS  0|AC  0|TAMS 0x0000000705100000, 0x0000000705100000|
|  82|0x0000000705200000, 0x0000000705200000, 0x0000000705300000|  0%| F|  |TS  0|AC  0|TAMS 0x0000000705200000, 0x0000000705200000|
|  83|0x0000000705300000, 0x0000000705300000, 0x0000000705400000|  0%| F|  |TS  0|AC  0|TAMS 0x0000000705300000, 0x0000000705300000|
|  84|0x0000000705400000, 0x0000000705400000, 0x0000000705500000|  0%| F|  |TS  0|AC  0|TAMS 0x0000000705400000, 0x0000000705400000|
|  85|0x0000000705500000, 0x0000000705500000, 0x0000000705600000|  0%| F|  |TS  0|AC  0|TAMS 0x0000000705500000, 0x0000000705500000|
|  86|0x0000000705600000, 0x0000000705700000, 0x0000000705700000|100%|HS|  |TS  0|AC  0|TAMS 0x0000000705600000, 0x0000000705600000|
|  87|0x0000000705700000, 0x0000000705800000, 0x0000000705800000|100%|HC|  |TS  0|AC  0|TAMS 0x0000000705700000, 0x0000000705700000|
|  88|0x0000000705800000, 0x0000000705900000, 0x0000000705900000|100%|HC|  |TS  0|AC  0|TAMS 0x0000000705800000, 0x0000000705800000|
|  89|0x0000000705900000, 0x0000000705a00000, 0x0000000705a00000|100%|HC|  |TS  0|AC  0|TAMS 0x0000000705900000, 0x0000000705900000|
|  90|0x0000000705a00000, 0x0000000705b00000, 0x0000000705b00000|100%|HS|  |TS  0|AC  0|TAMS 0x0000000705a00000, 0x0000000705a00000|
|  91|0x0000000705b00000, 0x0000000705c00000, 0x0000000705c00000|100%|HC|  |TS  0|AC  0|TAMS 0x0000000705b00000, 0x0000000705b00000|
|  92|0x0000000705c00000, 0x0000000705d00000, 0x0000000705d00000|100%|HC|  |TS  0|AC  0|TAMS 0x0000000705c00000, 0x0000000705c00000|
|  93|0x0000000705d00000, 0x0000000705e00000, 0x0000000705e00000|100%|HC|  |TS  0|AC  0|TAMS 0x0000000705d00000, 0x0000000705d00000|
|  94|0x0000000705e00000, 0x0000000705f00000, 0x0000000705f00000|100%|HC|  |TS  0|AC  0|TAMS 0x0000000705e00000, 0x0000000705e00000|
|  95|0x0000000705f00000, 0x0000000706000000, 0x0000000706000000|100%|HC|  |TS  0|AC  0|TAMS 0x0000000705f00000, 0x0000000705f00000|
|  96|0x0000000706000000, 0x0000000706100000, 0x0000000706100000|100%|HC|  |TS  0|AC  0|TAMS 0x0000000706000000, 0x0000000706000000|
|  97|0x0000000706100000, 0x0000000706200000, 0x0000000706200000|100%|HC|  |TS  0|AC  0|TAMS 0x0000000706100000, 0x0000000706100000|
|  98|0x0000000706200000, 0x0000000706300000, 0x0000000706300000|100%|HC|  |TS  0|AC  0|TAMS 0x0000000706200000, 0x0000000706200000|
|  99|0x0000000706300000, 0x0000000706400000, 0x0000000706400000|100%|HC|  |TS  0|AC  0|TAMS 0x0000000706300000, 0x0000000706300000|
| 100|0x0000000706400000, 0x0000000706500000, 0x0000000706500000|100%|HC|  |TS  0|AC  0|TAMS 0x0000000706400000, 0x0000000706400000|
| 101|0x0000000706500000, 0x0000000706600000, 0x0000000706600000|100%|HC|  |TS  0|AC  0|TAMS 0x0000000706500000, 0x0000000706500000|
| 102|0x0000000706600000, 0x0000000706700000, 0x0000000706700000|100%|HC|  |TS  0|AC  0|TAMS 0x0000000706600000, 0x0000000706600000|
| 103|0x0000000706700000, 0x0000000706800000, 0x0000000706800000|100%|HS|  |TS  0|AC  0|TAMS 0x0000000706700000, 0x0000000706700000|
| 104|0x0000000706800000, 0x0000000706900000, 0x0000000706900000|100%|HC|  |TS  0|AC  0|TAMS 0x0000000706800000, 0x0000000706800000|
| 105|0x0000000706900000, 0x0000000706a00000, 0x0000000706a00000|100%|HC|  |TS  0|AC  0|TAMS 0x0000000706900000, 0x0000000706900000|
| 106|0x0000000706a00000, 0x0000000706b00000, 0x0000000706b00000|100%|HC|  |TS  0|AC  0|TAMS 0x0000000706a00000, 0x0000000706a00000|
| 107|0x0000000706b00000, 0x0000000706c00000, 0x0000000706c00000|100%|HC|  |TS  0|AC  0|TAMS 0x0000000706b00000, 0x0000000706b00000|
| 108|0x0000000706c00000, 0x0000000706d00000, 0x0000000706d00000|100%|HC|  |TS  0|AC  0|TAMS 0x0000000706c00000, 0x0000000706c00000|
| 109|0x0000000706d00000, 0x0000000706e00000, 0x0000000706e00000|100%|HC|  |TS  0|AC  0|TAMS 0x0000000706d00000, 0x0000000706d00000|
| 110|0x0000000706e00000, 0x0000000706f00000, 0x0000000706f00000|100%|HC|  |TS  0|AC  0|TAMS 0x0000000706e00000, 0x0000000706e00000|
| 111|0x0000000706f00000, 0x0000000707000000, 0x0000000707000000|100%|HC|  |TS  0|AC  0|TAMS 0x0000000706f00000, 0x0000000706f00000|
| 112|0x0000000707000000, 0x0000000707100000, 0x0000000707100000|100%|HC|  |TS  0|AC  0|TAMS 0x0000000707000000, 0x0000000707000000|
| 113|0x0000000707100000, 0x0000000707200000, 0x0000000707200000|100%|HC|  |TS  0|AC  0|TAMS 0x0000000707100000, 0x0000000707100000|
| 114|0x0000000707200000, 0x0000000707300000, 0x0000000707300000|100%|HC|  |TS  0|AC  0|TAMS 0x0000000707200000, 0x0000000707200000|
| 115|0x0000000707300000, 0x0000000707400000, 0x0000000707400000|100%|HC|  |TS  0|AC  0|TAMS 0x0000000707300000, 0x0000000707300000|
| 116|0x0000000707400000, 0x0000000707500000, 0x0000000707500000|100%|HC|  |TS  0|AC  0|TAMS 0x0000000707400000, 0x0000000707400000|
| 117|0x0000000707500000, 0x0000000707600000, 0x0000000707600000|100%|HC|  |TS  0|AC  0|TAMS 0x0000000707500000, 0x0000000707500000|
| 118|0x0000000707600000, 0x0000000707700000, 0x0000000707700000|100%|HC|  |TS  0|AC  0|TAMS 0x0000000707600000, 0x0000000707600000|
| 119|0x0000000707700000, 0x0000000707800000, 0x0000000707800000|100%|HC|  |TS  0|AC  0|TAMS 0x0000000707700000, 0x0000000707700000|
| 120|0x0000000707800000, 0x0000000707900000, 0x0000000707900000|100%|HC|  |TS  0|AC  0|TAMS 0x0000000707800000, 0x0000000707800000|
| 121|0x0000000707900000, 0x0000000707a00000, 0x0000000707a00000|100%|HC|  |TS  0|AC  0|TAMS 0x0000000707900000, 0x0000000707900000|
| 122|0x0000000707a00000, 0x0000000707b00000, 0x0000000707b00000|100%|HS|  |TS  0|AC  0|TAMS 0x0000000707a00000, 0x0000000707a00000|
| 123|0x0000000707b00000, 0x0000000707c00000, 0x0000000707c00000|100%|HC|  |TS  0|AC  0|TAMS 0x0000000707b00000, 0x0000000707b00000|
| 124|0x0000000707c00000, 0x0000000707d00000, 0x0000000707d00000|100%|HC|  |TS  0|AC  0|TAMS 0x0000000707c00000, 0x0000000707c00000|
| 125|0x0000000707d00000, 0x0000000707e00000, 0x0000000707e00000|100%|HC|  |TS  0|AC  0|TAMS 0x0000000707d00000, 0x0000000707d00000|
| 126|0x0000000707e00000, 0x0000000707f00000, 0x0000000707f00000|100%|HC|  |TS  0|AC  0|TAMS 0x0000000707e00000, 0x0000000707e00000|
| 127|0x0000000707f00000, 0x0000000708000000, 0x0000000708000000|100%|HC|  |TS  0|AC  0|TAMS 0x0000000707f00000, 0x0000000707f00000|
| 128|0x0000000708000000, 0x0000000708100000, 0x0000000708100000|100%|HC|  |TS  0|AC  0|TAMS 0x0000000708000000, 0x0000000708000000|
| 129|0x0000000708100000, 0x0000000708200000, 0x0000000708200000|100%|HC|  |TS  0|AC  0|TAMS 0x0000000708100000, 0x0000000708100000|
| 130|0x0000000708200000, 0x0000000708300000, 0x0000000708300000|100%|HC|  |TS  0|AC  0|TAMS 0x0000000708200000, 0x0000000708200000|
| 131|0x0000000708300000, 0x0000000708400000, 0x0000000708400000|100%|HC|  |TS  0|AC  0|TAMS 0x0000000708300000, 0x0000000708300000|
| 132|0x0000000708400000, 0x0000000708500000, 0x0000000708500000|100%|HC|  |TS  0|AC  0|TAMS 0x0000000708400000, 0x0000000708400000|
| 133|0x0000000708500000, 0x0000000708600000, 0x0000000708600000|100%|HC|  |TS  0|AC  0|TAMS 0x0000000708500000, 0x0000000708500000|
| 134|0x0000000708600000, 0x0000000708700000, 0x0000000708700000|100%|HC|  |TS  0|AC  0|TAMS 0x0000000708600000, 0x0000000708600000|
| 135|0x0000000708700000, 0x0000000708700000, 0x0000000708800000|  0%| F|  |TS  0|AC  0|TAMS 0x0000000708700000, 0x0000000708700000|
| 136|0x0000000708800000, 0x0000000708800000, 0x0000000708900000|  0%| F|  |TS  0|AC  0|TAMS 0x0000000708800000, 0x0000000708800000|
| 137|0x0000000708900000, 0x0000000708900000, 0x0000000708a00000|  0%| F|  |TS  0|AC  0|TAMS 0x0000000708900000, 0x0000000708900000|
| 138|0x0000000708a00000, 0x0000000708a00000, 0x0000000708b00000|  0%| F|  |TS  0|AC  0|TAMS 0x0000000708a00000, 0x0000000708a00000|
| 139|0x0000000708b00000, 0x0000000708b00000, 0x0000000708c00000|  0%| F|  |TS  0|AC  0|TAMS 0x0000000708b00000, 0x0000000708b00000|
| 140|0x0000000708c00000, 0x0000000708c00000, 0x0000000708d00000|  0%| F|  |TS  0|AC  0|TAMS 0x0000000708c00000, 0x0000000708c00000|
| 141|0x0000000708d00000, 0x0000000708d00000, 0x0000000708e00000|  0%| F|  |TS  0|AC  0|TAMS 0x0000000708d00000, 0x0000000708d00000|
| 142|0x0000000708e00000, 0x0000000708e00000, 0x0000000708f00000|  0%| F|  |TS  0|AC  0|TAMS 0x0000000708e00000, 0x0000000708e00000|
| 143|0x0000000708f00000, 0x0000000708f00000, 0x0000000709000000|  0%| F|  |TS  0|AC  0|TAMS 0x0000000708f00000, 0x0000000708f00000|
| 144|0x0000000709000000, 0x0000000709000000, 0x0000000709100000|  0%| F|  |TS  0|AC  0|TAMS 0x0000000709000000, 0x0000000709000000|
| 145|0x0000000709100000, 0x0000000709100000, 0x0000000709200000|  0%| F|  |TS  0|AC  0|TAMS 0x0000000709100000, 0x0000000709100000|
| 146|0x0000000709200000, 0x0000000709200000, 0x0000000709300000|  0%| F|  |TS  0|AC  0|TAMS 0x0000000709200000, 0x0000000709200000|
| 147|0x0000000709300000, 0x0000000709300000, 0x0000000709400000|  0%| F|  |TS  0|AC  0|TAMS 0x0000000709300000, 0x0000000709300000|
| 148|0x0000000709400000, 0x0000000709400000, 0x0000000709500000|  0%| F|  |TS  0|AC  0|TAMS 0x0000000709400000, 0x0000000709400000|
| 149|0x0000000709500000, 0x0000000709500000, 0x0000000709600000|  0%| F|  |TS  0|AC  0|TAMS 0x0000000709500000, 0x0000000709500000|
| 150|0x0000000709600000, 0x0000000709600000, 0x0000000709700000|  0%| F|  |TS  0|AC  0|TAMS 0x0000000709600000, 0x0000000709600000|
| 151|0x0000000709700000, 0x0000000709700000, 0x0000000709800000|  0%| F|  |TS  0|AC  0|TAMS 0x0000000709700000, 0x0000000709700000|
| 152|0x0000000709800000, 0x0000000709800000, 0x0000000709900000|  0%| F|  |TS  0|AC  0|TAMS 0x0000000709800000, 0x0000000709800000|
| 153|0x0000000709900000, 0x0000000709900000, 0x0000000709a00000|  0%| F|  |TS  0|AC  0|TAMS 0x0000000709900000, 0x0000000709900000|
| 154|0x0000000709a00000, 0x0000000709a00000, 0x0000000709b00000|  0%| F|  |TS  0|AC  0|TAMS 0x0000000709a00000, 0x0000000709a00000|
| 155|0x0000000709b00000, 0x0000000709b00000, 0x0000000709c00000|  0%| F|  |TS  0|AC  0|TAMS 0x0000000709b00000, 0x0000000709b00000|
| 156|0x0000000709c00000, 0x0000000709c00000, 0x0000000709d00000|  0%| F|  |TS  0|AC  0|TAMS 0x0000000709c00000, 0x0000000709c00000|
| 157|0x0000000709d00000, 0x0000000709d00000, 0x0000000709e00000|  0%| F|  |TS  0|AC  0|TAMS 0x0000000709d00000, 0x0000000709d00000|
| 158|0x0000000709e00000, 0x0000000709e00000, 0x0000000709f00000|  0%| F|  |TS  0|AC  0|TAMS 0x0000000709e00000, 0x0000000709e00000|
| 159|0x0000000709f00000, 0x0000000709f00000, 0x000000070a000000|  0%| F|  |TS  0|AC  0|TAMS 0x0000000709f00000, 0x0000000709f00000|
| 160|0x000000070a000000, 0x000000070a000000, 0x000000070a100000|  0%| F|  |TS  0|AC  0|TAMS 0x000000070a000000, 0x000000070a000000|
| 161|0x000000070a100000, 0x000000070a100000, 0x000000070a200000|  0%| F|  |TS  0|AC  0|TAMS 0x000000070a100000, 0x000000070a100000|
| 162|0x000000070a200000, 0x000000070a200000, 0x000000070a300000|  0%| F|  |TS  0|AC  0|TAMS 0x000000070a200000, 0x000000070a200000|
| 163|0x000000070a300000, 0x000000070a300000, 0x000000070a400000|  0%| F|  |TS  0|AC  0|TAMS 0x000000070a300000, 0x000000070a300000|
| 164|0x000000070a400000, 0x000000070a400000, 0x000000070a500000|  0%| F|  |TS  0|AC  0|TAMS 0x000000070a400000, 0x000000070a400000|
| 165|0x000000070a500000, 0x000000070a500000, 0x000000070a600000|  0%| F|  |TS  0|AC  0|TAMS 0x000000070a500000, 0x000000070a500000|
| 166|0x000000070a600000, 0x000000070a600000, 0x000000070a700000|  0%| F|  |TS  0|AC  0|TAMS 0x000000070a600000, 0x000000070a600000|
| 167|0x000000070a700000, 0x000000070a700000, 0x000000070a800000|  0%| F|  |TS  0|AC  0|TAMS 0x000000070a700000, 0x000000070a700000|
| 168|0x000000070a800000, 0x000000070a800000, 0x000000070a900000|  0%| F|  |TS  0|AC  0|TAMS 0x000000070a800000, 0x000000070a800000|
| 169|0x000000070a900000, 0x000000070a900000, 0x000000070aa00000|  0%| F|  |TS  0|AC  0|TAMS 0x000000070a900000, 0x000000070a900000|
| 170|0x000000070aa00000, 0x000000070aa00000, 0x000000070ab00000|  0%| F|  |TS  0|AC  0|TAMS 0x000000070aa00000, 0x000000070aa00000|
| 171|0x000000070ab00000, 0x000000070ab00000, 0x000000070ac00000|  0%| F|  |TS  0|AC  0|TAMS 0x000000070ab00000, 0x000000070ab00000|
| 172|0x000000070ac00000, 0x000000070ac00000, 0x000000070ad00000|  0%| F|  |TS  0|AC  0|TAMS 0x000000070ac00000, 0x000000070ac00000|
| 173|0x000000070ad00000, 0x000000070ad00000, 0x000000070ae00000|  0%| F|  |TS  0|AC  0|TAMS 0x000000070ad00000, 0x000000070ad00000|
| 174|0x000000070ae00000, 0x000000070ae00000, 0x000000070af00000|  0%| F|  |TS  0|AC  0|TAMS 0x000000070ae00000, 0x000000070ae00000|
| 175|0x000000070af00000, 0x000000070af00000, 0x000000070b000000|  0%| F|  |TS  0|AC  0|TAMS 0x000000070af00000, 0x000000070af00000|
| 176|0x000000070b000000, 0x000000070b000000, 0x000000070b100000|  0%| F|  |TS  0|AC  0|TAMS 0x000000070b000000, 0x000000070b000000|
| 177|0x000000070b100000, 0x000000070b100000, 0x000000070b200000|  0%| F|  |TS  0|AC  0|TAMS 0x000000070b100000, 0x000000070b100000|
| 178|0x000000070b200000, 0x000000070b200000, 0x000000070b300000|  0%| F|  |TS  0|AC  0|TAMS 0x000000070b200000, 0x000000070b200000|
| 179|0x000000070b300000, 0x000000070b300000, 0x000000070b400000|  0%| F|  |TS  0|AC  0|TAMS 0x000000070b300000, 0x000000070b300000|
| 180|0x000000070b400000, 0x000000070b400000, 0x000000070b500000|  0%| F|  |TS  0|AC  0|TAMS 0x000000070b400000, 0x000000070b400000|
| 181|0x000000070b500000, 0x000000070b500000, 0x000000070b600000|  0%| F|  |TS  0|AC  0|TAMS 0x000000070b500000, 0x000000070b500000|
| 182|0x000000070b600000, 0x000000070b600000, 0x000000070b700000|  0%| F|  |TS  0|AC  0|TAMS 0x000000070b600000, 0x000000070b600000|
| 183|0x000000070b700000, 0x000000070b700000, 0x000000070b800000|  0%| F|  |TS  0|AC  0|TAMS 0x000000070b700000, 0x000000070b700000|
| 184|0x000000070b800000, 0x000000070b800000, 0x000000070b900000|  0%| F|  |TS  0|AC  0|TAMS 0x000000070b800000, 0x000000070b800000|
| 185|0x000000070b900000, 0x000000070b900000, 0x000000070ba00000|  0%| F|  |TS  0|AC  0|TAMS 0x000000070b900000, 0x000000070b900000|
| 186|0x000000070ba00000, 0x000000070ba00000, 0x000000070bb00000|  0%| F|  |TS  0|AC  0|TAMS 0x000000070ba00000, 0x000000070ba00000|
| 187|0x000000070bb00000, 0x000000070bb00000, 0x000000070bc00000|  0%| F|  |TS  0|AC  0|TAMS 0x000000070bb00000, 0x000000070bb00000|
| 188|0x000000070bc00000, 0x000000070bc00000, 0x000000070bd00000|  0%| F|  |TS  0|AC  0|TAMS 0x000000070bc00000, 0x000000070bc00000|
| 189|0x000000070bd00000, 0x000000070bd00000, 0x000000070be00000|  0%| F|  |TS  0|AC  0|TAMS 0x000000070bd00000, 0x000000070bd00000|
| 190|0x000000070be00000, 0x000000070be00000, 0x000000070bf00000|  0%| F|  |TS  0|AC  0|TAMS 0x000000070be00000, 0x000000070be00000|
| 191|0x000000070bf00000, 0x000000070bf00000, 0x000000070c000000|  0%| F|  |TS  0|AC  0|TAMS 0x000000070bf00000, 0x000000070bf00000|
| 192|0x000000070c000000, 0x000000070c000000, 0x000000070c100000|  0%| F|  |TS  0|AC  0|TAMS 0x000000070c000000, 0x000000070c000000|
| 193|0x000000070c100000, 0x000000070c100000, 0x000000070c200000|  0%| F|  |TS  0|AC  0|TAMS 0x000000070c100000, 0x000000070c100000|
| 194|0x000000070c200000, 0x000000070c200000, 0x000000070c300000|  0%| F|  |TS  0|AC  0|TAMS 0x000000070c200000, 0x000000070c200000|
| 195|0x000000070c300000, 0x000000070c300000, 0x000000070c400000|  0%| F|  |TS  0|AC  0|TAMS 0x000000070c300000, 0x000000070c300000|
| 196|0x000000070c400000, 0x000000070c400000, 0x000000070c500000|  0%| F|  |TS  0|AC  0|TAMS 0x000000070c400000, 0x000000070c400000|
| 197|0x000000070c500000, 0x000000070c500000, 0x000000070c600000|  0%| F|  |TS  0|AC  0|TAMS 0x000000070c500000, 0x000000070c500000|
| 198|0x000000070c600000, 0x000000070c600000, 0x000000070c700000|  0%| F|  |TS  0|AC  0|TAMS 0x000000070c600000, 0x000000070c600000|
| 199|0x000000070c700000, 0x000000070c700000, 0x000000070c800000|  0%| F|  |TS  0|AC  0|TAMS 0x000000070c700000, 0x000000070c700000|
| 200|0x000000070c800000, 0x000000070c800000, 0x000000070c900000|  0%| F|  |TS  0|AC  0|TAMS 0x000000070c800000, 0x000000070c800000|
| 201|0x000000070c900000, 0x000000070c900000, 0x000000070ca00000|  0%| F|  |TS  0|AC  0|TAMS 0x000000070c900000, 0x000000070c900000|
| 202|0x000000070ca00000, 0x000000070ca00000, 0x000000070cb00000|  0%| F|  |TS  0|AC  0|TAMS 0x000000070ca00000, 0x000000070ca00000|
| 203|0x000000070cb00000, 0x000000070cb00000, 0x000000070cc00000|  0%| F|  |TS  0|AC  0|TAMS 0x000000070cb00000, 0x000000070cb00000|
| 204|0x000000070cc00000, 0x000000070cc00000, 0x000000070cd00000|  0%| F|  |TS  0|AC  0|TAMS 0x000000070cc00000, 0x000000070cc00000|
| 205|0x000000070cd00000, 0x000000070cd00000, 0x000000070ce00000|  0%| F|  |TS  0|AC  0|TAMS 0x000000070cd00000, 0x000000070cd00000|
| 206|0x000000070ce00000, 0x000000070ce00000, 0x000000070cf00000|  0%| F|  |TS  0|AC  0|TAMS 0x000000070ce00000, 0x000000070ce00000|
| 207|0x000000070cf00000, 0x000000070cf00000, 0x000000070d000000|  0%| F|  |TS  0|AC  0|TAMS 0x000000070cf00000, 0x000000070cf00000|
| 208|0x000000070d000000, 0x000000070d000000, 0x000000070d100000|  0%| F|  |TS  0|AC  0|TAMS 0x000000070d000000, 0x000000070d000000|
| 209|0x000000070d100000, 0x000000070d100000, 0x000000070d200000|  0%| F|  |TS  0|AC  0|TAMS 0x000000070d100000, 0x000000070d100000|
| 210|0x000000070d200000, 0x000000070d200000, 0x000000070d300000|  0%| F|  |TS  0|AC  0|TAMS 0x000000070d200000, 0x000000070d200000|
| 211|0x000000070d300000, 0x000000070d300000, 0x000000070d400000|  0%| F|  |TS  0|AC  0|TAMS 0x000000070d300000, 0x000000070d300000|
| 212|0x000000070d400000, 0x000000070d400000, 0x000000070d500000|  0%| F|  |TS  0|AC  0|TAMS 0x000000070d400000, 0x000000070d400000|
| 213|0x000000070d500000, 0x000000070d500000, 0x000000070d600000|  0%| F|  |TS  0|AC  0|TAMS 0x000000070d500000, 0x000000070d500000|
| 214|0x000000070d600000, 0x000000070d600000, 0x000000070d700000|  0%| F|  |TS  0|AC  0|TAMS 0x000000070d600000, 0x000000070d600000|
| 215|0x000000070d700000, 0x000000070d700000, 0x000000070d800000|  0%| F|  |TS  0|AC  0|TAMS 0x000000070d700000, 0x000000070d700000|
| 216|0x000000070d800000, 0x000000070d800000, 0x000000070d900000|  0%| F|  |TS  0|AC  0|TAMS 0x000000070d800000, 0x000000070d800000|
| 217|0x000000070d900000, 0x000000070d900000, 0x000000070da00000|  0%| F|  |TS  0|AC  0|TAMS 0x000000070d900000, 0x000000070d900000|
| 218|0x000000070da00000, 0x000000070da00000, 0x000000070db00000|  0%| F|  |TS  0|AC  0|TAMS 0x000000070da00000, 0x000000070da00000|
| 219|0x000000070db00000, 0x000000070db00000, 0x000000070dc00000|  0%| F|  |TS  0|AC  0|TAMS 0x000000070db00000, 0x000000070db00000|
| 220|0x000000070dc00000, 0x000000070dc00000, 0x000000070dd00000|  0%| F|  |TS  0|AC  0|TAMS 0x000000070dc00000, 0x000000070dc00000|
| 221|0x000000070dd00000, 0x000000070dd00000, 0x000000070de00000|  0%| F|  |TS  0|AC  0|TAMS 0x000000070dd00000, 0x000000070dd00000|
| 222|0x000000070de00000, 0x000000070de00000, 0x000000070df00000|  0%| F|  |TS  0|AC  0|TAMS 0x000000070de00000, 0x000000070de00000|
| 223|0x000000070df00000, 0x000000070df00000, 0x000000070e000000|  0%| F|  |TS  0|AC  0|TAMS 0x000000070df00000, 0x000000070df00000|
| 224|0x000000070e000000, 0x000000070e000000, 0x000000070e100000|  0%| F|  |TS  0|AC  0|TAMS 0x000000070e000000, 0x000000070e000000|
| 225|0x000000070e100000, 0x000000070e100000, 0x000000070e200000|  0%| F|  |TS  0|AC  0|TAMS 0x000000070e100000, 0x000000070e100000|
| 226|0x000000070e200000, 0x000000070e200000, 0x000000070e300000|  0%| F|  |TS  0|AC  0|TAMS 0x000000070e200000, 0x000000070e200000|
| 227|0x000000070e300000, 0x000000070e300000, 0x000000070e400000|  0%| F|  |TS  0|AC  0|TAMS 0x000000070e300000, 0x000000070e300000|
| 228|0x000000070e400000, 0x000000070e400000, 0x000000070e500000|  0%| F|  |TS  0|AC  0|TAMS 0x000000070e400000, 0x000000070e400000|
| 229|0x000000070e500000, 0x000000070e500000, 0x000000070e600000|  0%| F|  |TS  0|AC  0|TAMS 0x000000070e500000, 0x000000070e500000|
| 230|0x000000070e600000, 0x000000070e600000, 0x000000070e700000|  0%| F|  |TS  0|AC  0|TAMS 0x000000070e600000, 0x000000070e600000|
| 231|0x000000070e700000, 0x000000070e700000, 0x000000070e800000|  0%| F|  |TS  0|AC  0|TAMS 0x000000070e700000, 0x000000070e700000|
| 232|0x000000070e800000, 0x000000070e800000, 0x000000070e900000|  0%| F|  |TS  0|AC  0|TAMS 0x000000070e800000, 0x000000070e800000|
| 233|0x000000070e900000, 0x000000070e900000, 0x000000070ea00000|  0%| F|  |TS  0|AC  0|TAMS 0x000000070e900000, 0x000000070e900000|
| 234|0x000000070ea00000, 0x000000070ea00000, 0x000000070eb00000|  0%| F|  |TS  0|AC  0|TAMS 0x000000070ea00000, 0x000000070ea00000|
| 235|0x000000070eb00000, 0x000000070eb00000, 0x000000070ec00000|  0%| F|  |TS  0|AC  0|TAMS 0x000000070eb00000, 0x000000070eb00000|
| 236|0x000000070ec00000, 0x000000070ec00000, 0x000000070ed00000|  0%| F|  |TS  0|AC  0|TAMS 0x000000070ec00000, 0x000000070ec00000|
| 237|0x000000070ed00000, 0x000000070ed00000, 0x000000070ee00000|  0%| F|  |TS  0|AC  0|TAMS 0x000000070ed00000, 0x000000070ed00000|
| 238|0x000000070ee00000, 0x000000070ee00000, 0x000000070ef00000|  0%| F|  |TS  0|AC  0|TAMS 0x000000070ee00000, 0x000000070ee00000|
| 239|0x000000070ef00000, 0x000000070ef00000, 0x000000070f000000|  0%| F|  |TS  0|AC  0|TAMS 0x000000070ef00000, 0x000000070ef00000|
| 240|0x000000070f000000, 0x000000070f000000, 0x000000070f100000|  0%| F|  |TS  0|AC  0|TAMS 0x000000070f000000, 0x000000070f000000|
| 241|0x000000070f100000, 0x000000070f100000, 0x000000070f200000|  0%| F|  |TS  0|AC  0|TAMS 0x000000070f100000, 0x000000070f100000|
| 242|0x000000070f200000, 0x000000070f200000, 0x000000070f300000|  0%| F|  |TS  0|AC  0|TAMS 0x000000070f200000, 0x000000070f200000|
| 243|0x000000070f300000, 0x000000070f300000, 0x000000070f400000|  0%| F|  |TS  0|AC  0|TAMS 0x000000070f300000, 0x000000070f300000|
| 244|0x000000070f400000, 0x000000070f400000, 0x000000070f500000|  0%| F|  |TS  0|AC  0|TAMS 0x000000070f400000, 0x000000070f400000|
| 245|0x000000070f500000, 0x000000070f500000, 0x000000070f600000|  0%| F|  |TS  0|AC  0|TAMS 0x000000070f500000, 0x000000070f500000|
| 246|0x000000070f600000, 0x000000070f600000, 0x000000070f700000|  0%| F|  |TS  0|AC  0|TAMS 0x000000070f600000, 0x000000070f600000|
| 247|0x000000070f700000, 0x000000070f700000, 0x000000070f800000|  0%| F|  |TS  0|AC  0|TAMS 0x000000070f700000, 0x000000070f700000|
| 248|0x000000070f800000, 0x000000070f800000, 0x000000070f900000|  0%| F|  |TS  0|AC  0|TAMS 0x000000070f800000, 0x000000070f800000|
| 249|0x000000070f900000, 0x000000070f900000, 0x000000070fa00000|  0%| F|  |TS  0|AC  0|TAMS 0x000000070f900000, 0x000000070f900000|
| 250|0x000000070fa00000, 0x000000070fa00000, 0x000000070fb00000|  0%| F|  |TS  0|AC  0|TAMS 0x000000070fa00000, 0x000000070fa00000|
| 251|0x000000070fb00000, 0x000000070fb00000, 0x000000070fc00000|  0%| F|  |TS  0|AC  0|TAMS 0x000000070fb00000, 0x000000070fb00000|
| 252|0x000000070fc00000, 0x000000070fc00000, 0x000000070fd00000|  0%| F|  |TS  0|AC  0|TAMS 0x000000070fc00000, 0x000000070fc00000|
| 253|0x000000070fd00000, 0x000000070fd00000, 0x000000070fe00000|  0%| F|  |TS  0|AC  0|TAMS 0x000000070fd00000, 0x000000070fd00000|
| 254|0x000000070fe00000, 0x000000070fe00000, 0x000000070ff00000|  0%| F|  |TS  0|AC  0|TAMS 0x000000070fe00000, 0x000000070fe00000|
| 255|0x000000070ff00000, 0x000000070ff00000, 0x0000000710000000|  0%| F|  |TS  0|AC  0|TAMS 0x000000070ff00000, 0x000000070ff00000|
| 256|0x0000000710000000, 0x0000000710000000, 0x0000000710100000|  0%| F|  |TS  0|AC  0|TAMS 0x0000000710000000, 0x0000000710000000|
| 257|0x0000000710100000, 0x0000000710100000, 0x0000000710200000|  0%| F|  |TS  0|AC  0|TAMS 0x0000000710100000, 0x0000000710100000|
| 258|0x0000000710200000, 0x0000000710200000, 0x0000000710300000|  0%| F|  |TS  0|AC  0|TAMS 0x0000000710200000, 0x0000000710200000|
| 259|0x0000000710300000, 0x0000000710300000, 0x0000000710400000|  0%| F|  |TS  0|AC  0|TAMS 0x0000000710300000, 0x0000000710300000|
| 260|0x0000000710400000, 0x0000000710400000, 0x0000000710500000|  0%| F|  |TS  0|AC  0|TAMS 0x0000000710400000, 0x0000000710400000|
| 261|0x0000000710500000, 0x0000000710500000, 0x0000000710600000|  0%| F|  |TS  0|AC  0|TAMS 0x0000000710500000, 0x0000000710500000|
| 262|0x0000000710600000, 0x0000000710600000, 0x0000000710700000|  0%| F|  |TS  0|AC  0|TAMS 0x0000000710600000, 0x0000000710600000|
| 263|0x0000000710700000, 0x0000000710700000, 0x0000000710800000|  0%| F|  |TS  0|AC  0|TAMS 0x0000000710700000, 0x0000000710700000|
| 264|0x0000000710800000, 0x0000000710800000, 0x0000000710900000|  0%| F|  |TS  0|AC  0|TAMS 0x0000000710800000, 0x0000000710800000|
| 265|0x0000000710900000, 0x0000000710900000, 0x0000000710a00000|  0%| F|  |TS  0|AC  0|TAMS 0x0000000710900000, 0x0000000710900000|
| 266|0x0000000710a00000, 0x0000000710a00000, 0x0000000710b00000|  0%| F|  |TS  0|AC  0|TAMS 0x0000000710a00000, 0x0000000710a00000|
| 267|0x0000000710b00000, 0x0000000710b00000, 0x0000000710c00000|  0%| F|  |TS  0|AC  0|TAMS 0x0000000710b00000, 0x0000000710b00000|
| 268|0x0000000710c00000, 0x0000000710c00000, 0x0000000710d00000|  0%| F|  |TS  0|AC  0|TAMS 0x0000000710c00000, 0x0000000710c00000|
| 269|0x0000000710d00000, 0x0000000710d00000, 0x0000000710e00000|  0%| F|  |TS  0|AC  0|TAMS 0x0000000710d00000, 0x0000000710d00000|
| 270|0x0000000710e00000, 0x0000000710e00000, 0x0000000710f00000|  0%| F|  |TS  0|AC  0|TAMS 0x0000000710e00000, 0x0000000710e00000|
| 271|0x0000000710f00000, 0x0000000710f00000, 0x0000000711000000|  0%| F|  |TS  0|AC  0|TAMS 0x0000000710f00000, 0x0000000710f00000|
| 272|0x0000000711000000, 0x0000000711000000, 0x0000000711100000|  0%| F|  |TS  0|AC  0|TAMS 0x0000000711000000, 0x0000000711000000|
| 273|0x0000000711100000, 0x0000000711100000, 0x0000000711200000|  0%| F|  |TS  0|AC  0|TAMS 0x0000000711100000, 0x0000000711100000|
| 274|0x0000000711200000, 0x0000000711200000, 0x0000000711300000|  0%| F|  |TS  0|AC  0|TAMS 0x0000000711200000, 0x0000000711200000|
| 275|0x0000000711300000, 0x0000000711300000, 0x0000000711400000|  0%| F|  |TS  0|AC  0|TAMS 0x0000000711300000, 0x0000000711300000|
| 276|0x0000000711400000, 0x0000000711400000, 0x0000000711500000|  0%| F|  |TS  0|AC  0|TAMS 0x0000000711400000, 0x0000000711400000|
| 277|0x0000000711500000, 0x0000000711500000, 0x0000000711600000|  0%| F|  |TS  0|AC  0|TAMS 0x0000000711500000, 0x0000000711500000|
| 278|0x0000000711600000, 0x0000000711600000, 0x0000000711700000|  0%| F|  |TS  0|AC  0|TAMS 0x0000000711600000, 0x0000000711600000|
| 279|0x0000000711700000, 0x0000000711700000, 0x0000000711800000|  0%| F|  |TS  0|AC  0|TAMS 0x0000000711700000, 0x0000000711700000|
| 280|0x0000000711800000, 0x0000000711800000, 0x0000000711900000|  0%| F|  |TS  0|AC  0|TAMS 0x0000000711800000, 0x0000000711800000|
| 281|0x0000000711900000, 0x0000000711900000, 0x0000000711a00000|  0%| F|  |TS  0|AC  0|TAMS 0x0000000711900000, 0x0000000711900000|
| 282|0x0000000711a00000, 0x0000000711a00000, 0x0000000711b00000|  0%| F|  |TS  0|AC  0|TAMS 0x0000000711a00000, 0x0000000711a00000|
| 283|0x0000000711b00000, 0x0000000711b00000, 0x0000000711c00000|  0%| F|  |TS  0|AC  0|TAMS 0x0000000711b00000, 0x0000000711b00000|
| 284|0x0000000711c00000, 0x0000000711c00000, 0x0000000711d00000|  0%| F|  |TS  0|AC  0|TAMS 0x0000000711c00000, 0x0000000711c00000|
| 285|0x0000000711d00000, 0x0000000711d00000, 0x0000000711e00000|  0%| F|  |TS  0|AC  0|TAMS 0x0000000711d00000, 0x0000000711d00000|
| 286|0x0000000711e00000, 0x0000000711e00000, 0x0000000711f00000|  0%| F|  |TS  0|AC  0|TAMS 0x0000000711e00000, 0x0000000711e00000|
| 287|0x0000000711f00000, 0x0000000711f00000, 0x0000000712000000|  0%| F|  |TS  0|AC  0|TAMS 0x0000000711f00000, 0x0000000711f00000|
| 288|0x0000000712000000, 0x0000000712000000, 0x0000000712100000|  0%| F|  |TS  0|AC  0|TAMS 0x0000000712000000, 0x0000000712000000|
| 289|0x0000000712100000, 0x0000000712100000, 0x0000000712200000|  0%| F|  |TS  0|AC  0|TAMS 0x0000000712100000, 0x0000000712100000|
| 290|0x0000000712200000, 0x0000000712200000, 0x0000000712300000|  0%| F|  |TS  0|AC  0|TAMS 0x0000000712200000, 0x0000000712200000|
| 291|0x0000000712300000, 0x0000000712300000, 0x0000000712400000|  0%| F|  |TS  0|AC  0|TAMS 0x0000000712300000, 0x0000000712300000|
| 292|0x0000000712400000, 0x0000000712400000, 0x0000000712500000|  0%| F|  |TS  0|AC  0|TAMS 0x0000000712400000, 0x0000000712400000|
| 293|0x0000000712500000, 0x0000000712500000, 0x0000000712600000|  0%| F|  |TS  0|AC  0|TAMS 0x0000000712500000, 0x0000000712500000|
| 294|0x0000000712600000, 0x0000000712600000, 0x0000000712700000|  0%| F|  |TS  0|AC  0|TAMS 0x0000000712600000, 0x0000000712600000|
| 295|0x0000000712700000, 0x0000000712700000, 0x0000000712800000|  0%| F|  |TS  0|AC  0|TAMS 0x0000000712700000, 0x0000000712700000|
| 296|0x0000000712800000, 0x0000000712800000, 0x0000000712900000|  0%| F|  |TS  0|AC  0|TAMS 0x0000000712800000, 0x0000000712800000|
| 297|0x0000000712900000, 0x0000000712900000, 0x0000000712a00000|  0%| F|  |TS  0|AC  0|TAMS 0x0000000712900000, 0x0000000712900000|
| 298|0x0000000712a00000, 0x0000000712a00000, 0x0000000712b00000|  0%| F|  |TS  0|AC  0|TAMS 0x0000000712a00000, 0x0000000712a00000|
| 299|0x0000000712b00000, 0x0000000712b00000, 0x0000000712c00000|  0%| F|  |TS  0|AC  0|TAMS 0x0000000712b00000, 0x0000000712b00000|
| 300|0x0000000712c00000, 0x0000000712c00000, 0x0000000712d00000|  0%| F|  |TS  0|AC  0|TAMS 0x0000000712c00000, 0x0000000712c00000|
| 301|0x0000000712d00000, 0x0000000712d00000, 0x0000000712e00000|  0%| F|  |TS  0|AC  0|TAMS 0x0000000712d00000, 0x0000000712d00000|
| 302|0x0000000712e00000, 0x0000000712e00000, 0x0000000712f00000|  0%| F|  |TS  0|AC  0|TAMS 0x0000000712e00000, 0x0000000712e00000|
| 303|0x0000000712f00000, 0x0000000712f00000, 0x0000000713000000|  0%| F|  |TS  0|AC  0|TAMS 0x0000000712f00000, 0x0000000712f00000|
| 304|0x0000000713000000, 0x0000000713000000, 0x0000000713100000|  0%| F|  |TS  0|AC  0|TAMS 0x0000000713000000, 0x0000000713000000|
| 305|0x0000000713100000, 0x0000000713100000, 0x0000000713200000|  0%| F|  |TS  0|AC  0|TAMS 0x0000000713100000, 0x0000000713100000|
| 306|0x0000000713200000, 0x0000000713200000, 0x0000000713300000|  0%| F|  |TS  0|AC  0|TAMS 0x0000000713200000, 0x0000000713200000|
| 307|0x0000000713300000, 0x0000000713300000, 0x0000000713400000|  0%| F|  |TS  0|AC  0|TAMS 0x0000000713300000, 0x0000000713300000|
| 308|0x0000000713400000, 0x0000000713400000, 0x0000000713500000|  0%| F|  |TS  0|AC  0|TAMS 0x0000000713400000, 0x0000000713400000|
| 309|0x0000000713500000, 0x0000000713500000, 0x0000000713600000|  0%| F|  |TS  0|AC  0|TAMS 0x0000000713500000, 0x0000000713500000|
| 310|0x0000000713600000, 0x0000000713600000, 0x0000000713700000|  0%| F|  |TS  0|AC  0|TAMS 0x0000000713600000, 0x0000000713600000|
| 311|0x0000000713700000, 0x0000000713700000, 0x0000000713800000|  0%| F|  |TS  0|AC  0|TAMS 0x0000000713700000, 0x0000000713700000|
| 312|0x0000000713800000, 0x0000000713800000, 0x0000000713900000|  0%| F|  |TS  0|AC  0|TAMS 0x0000000713800000, 0x0000000713800000|
| 313|0x0000000713900000, 0x0000000713900000, 0x0000000713a00000|  0%| F|  |TS  0|AC  0|TAMS 0x0000000713900000, 0x0000000713900000|
| 314|0x0000000713a00000, 0x0000000713a00000, 0x0000000713b00000|  0%| F|  |TS  0|AC  0|TAMS 0x0000000713a00000, 0x0000000713a00000|
| 315|0x0000000713b00000, 0x0000000713b00000, 0x0000000713c00000|  0%| F|  |TS  0|AC  0|TAMS 0x0000000713b00000, 0x0000000713b00000|
| 316|0x0000000713c00000, 0x0000000713c00000, 0x0000000713d00000|  0%| F|  |TS  0|AC  0|TAMS 0x0000000713c00000, 0x0000000713c00000|
| 317|0x0000000713d00000, 0x0000000713d00000, 0x0000000713e00000|  0%| F|  |TS  0|AC  0|TAMS 0x0000000713d00000, 0x0000000713d00000|
| 318|0x0000000713e00000, 0x0000000713e00000, 0x0000000713f00000|  0%| F|  |TS  0|AC  0|TAMS 0x0000000713e00000, 0x0000000713e00000|
| 319|0x0000000713f00000, 0x0000000713f00000, 0x0000000714000000|  0%| F|  |TS  0|AC  0|TAMS 0x0000000713f00000, 0x0000000713f00000|
| 320|0x0000000714000000, 0x0000000714000000, 0x0000000714100000|  0%| F|  |TS  0|AC  0|TAMS 0x0000000714000000, 0x0000000714000000|
| 321|0x0000000714100000, 0x0000000714138470, 0x0000000714200000| 21%| S|CS|TS  3|AC  0|TAMS 0x0000000714100000, 0x0000000714100000|
| 322|0x0000000714200000, 0x0000000714200000, 0x0000000714300000|  0%| F|  |TS  3|AC  0|TAMS 0x0000000714200000, 0x0000000714200000|
| 323|0x0000000714300000, 0x0000000714300000, 0x0000000714400000|  0%| F|  |TS  3|AC  0|TAMS 0x0000000714300000, 0x0000000714300000|
| 324|0x0000000714400000, 0x0000000714400000, 0x0000000714500000|  0%| F|  |TS  3|AC  0|TAMS 0x0000000714400000, 0x0000000714400000|
| 325|0x0000000714500000, 0x0000000714500000, 0x0000000714600000|  0%| F|  |TS  3|AC  0|TAMS 0x0000000714500000, 0x0000000714500000|
| 326|0x0000000714600000, 0x0000000714600000, 0x0000000714700000|  0%| F|  |TS  3|AC  0|TAMS 0x0000000714600000, 0x0000000714600000|
| 327|0x0000000714700000, 0x0000000714700000, 0x0000000714800000|  0%| F|  |TS  3|AC  0|TAMS 0x0000000714700000, 0x0000000714700000|
| 328|0x0000000714800000, 0x00000007148cbe08, 0x0000000714900000| 79%| E|  |TS  3|AC  0|TAMS 0x0000000714800000, 0x0000000714800000|
| 329|0x0000000714900000, 0x0000000714a00000, 0x0000000714a00000|100%| E|CS|TS  3|AC  0|TAMS 0x0000000714900000, 0x0000000714900000|
| 330|0x0000000714a00000, 0x0000000714b00000, 0x0000000714b00000|100%| E|CS|TS  3|AC  0|TAMS 0x0000000714a00000, 0x0000000714a00000|
| 331|0x0000000714b00000, 0x0000000714c00000, 0x0000000714c00000|100%| E|CS|TS  3|AC  0|TAMS 0x0000000714b00000, 0x0000000714b00000|
| 332|0x0000000714c00000, 0x0000000714d00000, 0x0000000714d00000|100%| E|CS|TS  3|AC  0|TAMS 0x0000000714c00000, 0x0000000714c00000|
| 333|0x0000000714d00000, 0x0000000714e00000, 0x0000000714e00000|100%| E|CS|TS  3|AC  0|TAMS 0x0000000714d00000, 0x0000000714d00000|

Card table byte_map: [0x000002ca3c280000,0x000002ca3c880000] byte_map_base: 0x000002ca38a80000

Marking Bits (Prev, Next): (CMBitMap*) 0x000002ca3d81ef28, (CMBitMap*) 0x000002ca3d81eef0
 Prev Bits: [0x000002ca56c10000, 0x000002ca59c10000)
 Next Bits: [0x000002ca53c10000, 0x000002ca56c10000)

Polling page: 0x000002ca32730000

CodeHeap 'non-profiled nmethods': size=120000Kb used=29963Kb max_used=29963Kb free=90036Kb
 bounds [0x000002ca4c0e0000, 0x000002ca4de30000, 0x000002ca53610000]
CodeHeap 'profiled nmethods': size=120000Kb used=50686Kb max_used=50686Kb free=69313Kb
 bounds [0x000002ca44bb0000, 0x000002ca47d90000, 0x000002ca4c0e0000]
CodeHeap 'non-nmethods': size=5760Kb used=1825Kb max_used=1878Kb free=3934Kb
 bounds [0x000002ca44610000, 0x000002ca44880000, 0x000002ca44bb0000]
 total_blobs=43146 nmethods=21562 adapters=1177
 compilation: enabled

Compilation events (10 events):
Event: 6540.875 Thread 0x000002ca39e82000 28786       3       ui.views.waveform.executive.protobuf.WVNameValue$WVValueTreeMessage::access$7102 (7 bytes)
Event: 6540.875 Thread 0x000002ca39e82000 nmethod 28786 0x000002ca463d3410 code [0x000002ca463d35c0, 0x000002ca463d36f8]
Event: 6540.875 Thread 0x000002ca39e82000 28787       3       ui.views.waveform.executive.protobuf.WVNameValue$WVValueTreeMessage::access$7202 (7 bytes)
Event: 6540.875 Thread 0x000002ca39e82000 nmethod 28787 0x000002ca46c9ce10 code [0x000002ca46c9cfc0, 0x000002ca46c9d158]
Event: 6540.875 Thread 0x000002ca39e82000 28788       3       ui.views.waveform.executive.protobuf.WVNameValue$WVValueTreeMessage::access$7302 (7 bytes)
Event: 6540.875 Thread 0x000002ca39e82000 nmethod 28788 0x000002ca46b90590 code [0x000002ca46b90740, 0x000002ca46b90878]
Event: 6544.038 Thread 0x000002ca3d274000 28789       4       java.awt.geom.Path2D$Double::getPathIterator (23 bytes)
Event: 6544.040 Thread 0x000002ca3d274000 nmethod 28789 0x000002ca4de29710 code [0x000002ca4de298a0, 0x000002ca4de29af8]
Event: 6546.095 Thread 0x000002ca3d273800 28790       4       javax.swing.DefaultListSelectionModel::setAnchorSelectionIndex (14 bytes)
Event: 6546.097 Thread 0x000002ca3d273800 nmethod 28790 0x000002ca4de29c10 code [0x000002ca4de29da0, 0x000002ca4de29ec8]

GC Heap History (10 events):
Event: 6533.618 GC heap before
{Heap before GC invocations=805 (full 97):
 garbage-first heap   total 342016K, used 137005K [0x0000000700000000, 0x0000000700100a70, 0x00000007c0000000)
  region size 1024K, 11 young (11264K), 1 survivors (1024K)
 Metaspace       used 92724K, capacity 96243K, committed 100348K, reserved 1136640K
  class space    used 12525K, capacity 13212K, committed 14076K, reserved 1048576K
}
Event: 6533.620 GC heap after
{Heap after GC invocations=806 (full 97):
 garbage-first heap   total 342016K, used 127782K [0x0000000700000000, 0x0000000700100a70, 0x00000007c0000000)
  region size 1024K, 1 young (1024K), 1 survivors (1024K)
 Metaspace       used 92724K, capacity 96243K, committed 100348K, reserved 1136640K
  class space    used 12525K, capacity 13212K, committed 14076K, reserved 1048576K
}
Event: 6536.751 GC heap before
{Heap before GC invocations=806 (full 97):
 garbage-first heap   total 342016K, used 135974K [0x0000000700000000, 0x0000000700100a70, 0x00000007c0000000)
  region size 1024K, 10 young (10240K), 1 survivors (1024K)
 Metaspace       used 92724K, capacity 96243K, committed 100348K, reserved 1136640K
  class space    used 12525K, capacity 13212K, committed 14076K, reserved 1048576K
}
Event: 6536.753 GC heap after
{Heap after GC invocations=807 (full 97):
 garbage-first heap   total 342016K, used 127794K [0x0000000700000000, 0x0000000700100a70, 0x00000007c0000000)
  region size 1024K, 1 young (1024K), 1 survivors (1024K)
 Metaspace       used 92724K, capacity 96243K, committed 100348K, reserved 1136640K
  class space    used 12525K, capacity 13212K, committed 14076K, reserved 1048576K
}
Event: 6539.870 GC heap before
{Heap before GC invocations=807 (full 97):
 garbage-first heap   total 342016K, used 134962K [0x0000000700000000, 0x0000000700100a70, 0x00000007c0000000)
  region size 1024K, 9 young (9216K), 1 survivors (1024K)
 Metaspace       used 92724K, capacity 96243K, committed 100348K, reserved 1136640K
  class space    used 12525K, capacity 13212K, committed 14076K, reserved 1048576K
}
Event: 6540.084 GC heap after
{Heap after GC invocations=808 (full 98):
 garbage-first heap   total 342016K, used 114290K [0x0000000700000000, 0x0000000700100a70, 0x00000007c0000000)
  region size 1024K, 0 young (0K), 0 survivors (0K)
 Metaspace       used 92724K, capacity 96243K, committed 100348K, reserved 1136640K
  class space    used 12525K, capacity 13212K, committed 14076K, reserved 1048576K
}
Event: 6543.000 GC heap before
{Heap before GC invocations=808 (full 98):
 garbage-first heap   total 342016K, used 135794K [0x0000000700000000, 0x0000000700100a70, 0x00000007c0000000)
  region size 1024K, 9 young (9216K), 0 survivors (0K)
 Metaspace       used 92728K, capacity 96243K, committed 100348K, reserved 1136640K
  class space    used 12525K, capacity 13212K, committed 14076K, reserved 1048576K
}
Event: 6543.003 GC heap after
{Heap after GC invocations=809 (full 98):
 garbage-first heap   total 342016K, used 127840K [0x0000000700000000, 0x0000000700100a70, 0x00000007c0000000)
  region size 1024K, 1 young (1024K), 1 survivors (1024K)
 Metaspace       used 92728K, capacity 96243K, committed 100348K, reserved 1136640K
  class space    used 12525K, capacity 13212K, committed 14076K, reserved 1048576K
}
Event: 6546.132 GC heap before
{Heap before GC invocations=809 (full 98):
 garbage-first heap   total 342016K, used 138080K [0x0000000700000000, 0x0000000700100a70, 0x00000007c0000000)
  region size 1024K, 12 young (12288K), 1 survivors (1024K)
 Metaspace       used 92728K, capacity 96243K, committed 100348K, reserved 1136640K
  class space    used 12525K, capacity 13212K, committed 14076K, reserved 1048576K
}
Event: 6546.135 GC heap after
{Heap after GC invocations=810 (full 98):
 garbage-first heap   total 342016K, used 127827K [0x0000000700000000, 0x0000000700100a70, 0x00000007c0000000)
  region size 1024K, 1 young (1024K), 1 survivors (1024K)
 Metaspace       used 92728K, capacity 96243K, committed 100348K, reserved 1136640K
  class space    used 12525K, capacity 13212K, committed 14076K, reserved 1048576K
}

Deoptimization events (10 events):
Event: 6256.474 Thread 0x000002ca5e397800 Uncommon trap: reason=unstable_if action=reinterpret pc=0x000002ca4dbd0058 method=ui.data.o.b.c.l.g(Lui/data/o/a;II)V @ 122 c2
Event: 6322.650 Thread 0x000002ca5e397800 Uncommon trap: reason=unstable_if action=reinterpret pc=0x000002ca4ccbd990 method=com.jidesoft.editor.CodeEditor.getLineText(ILjavax/swing/text/Segment;)Z @ 24 c2
Event: 6322.650 Thread 0x000002ca5e397800 Uncommon trap: reason=unstable_if action=reinterpret pc=0x000002ca4dbf0e80 method=com.jidesoft.editor.CodeEditor.xToOffset(II)I @ 42 c2
Event: 6322.650 Thread 0x000002ca5e397800 Uncommon trap: reason=unstable_if action=reinterpret pc=0x000002ca4c4249ec method=com.jidesoft.editor.CodeEditor.getLineText(I)Ljava/lang/String; @ 25 c2
Event: 6496.091 Thread 0x000002ca39ea8000 Uncommon trap: reason=class_check action=maybe_recompile pc=0x000002ca4cce8fd0 method=de.javasoft.plaf.synthetica.painter.AnimationThreadFactory$AnimationThread.run()V @ 384 c2
Event: 6497.437 Thread 0x000002ca5e397800 Uncommon trap: reason=class_check action=maybe_recompile pc=0x000002ca4d717648 method=java.lang.invoke.LambdaForm$BMH/2125882119.reinvoke(Ljava/lang/Object;Ljava/lang/Object;Ljava/lang/Object;Ljava/lang/Object;)Ljava/lang/Object; @ 64 c2
Event: 6500.120 Thread 0x000002ca39ea8000 Uncommon trap: reason=class_check action=maybe_recompile pc=0x000002ca4cce8fd0 method=de.javasoft.plaf.synthetica.painter.AnimationThreadFactory$AnimationThread.run()V @ 384 c2
Event: 6504.154 Thread 0x000002ca39ea8000 Uncommon trap: reason=class_check action=maybe_recompile pc=0x000002ca4cce8fd0 method=de.javasoft.plaf.synthetica.painter.AnimationThreadFactory$AnimationThread.run()V @ 384 c2
Event: 6505.404 Thread 0x000002ca5e397800 Uncommon trap: reason=unstable_if action=reinterpret pc=0x000002ca4c568724 method=java.awt.Component.disable()V @ 34 c2
Event: 6508.949 Thread 0x000002ca39ea8000 Uncommon trap: reason=class_check action=maybe_recompile pc=0x000002ca4cce8fd0 method=de.javasoft.plaf.synthetica.painter.AnimationThreadFactory$AnimationThread.run()V @ 384 c2

Classes redefined (0 events):
No events

Internal exceptions (10 events):
Event: 5203.785 Thread 0x000002ca5e397800 Exception <a 'java/lang/NoSuchMethodError'{0x000000070fd04df0}: java.lang.invoke.DelegatingMethodHandle$Holder.reinvoke_L(Ljava/lang/Object;IIILjava/lang/Object;II)Ljava/lang/Object;> (0x000000070fd04df0) thrown at [t:/workspace/hotspot/src/share/vm/inter
Event: 5211.433 Thread 0x000002ca5e397800 Exception <a 'java/lang/NoSuchMethodError'{0x00000007148e7658}: java.lang.invoke.DirectMethodHandle$Holder.invokeSpecial(Ljava/lang/Object;Ljava/lang/Object;ILjava/lang/Object;)V> (0x00000007148e7658) thrown at [t:/workspace/hotspot/src/share/vm/interpret
Event: 5211.434 Thread 0x000002ca5e397800 Exception <a 'java/lang/NoSuchMethodError'{0x00000007148ecf80}: java.lang.invoke.DirectMethodHandle$Holder.invokeStatic(Ljava/lang/Object;Ljava/lang/Object;ILjava/lang/Object;)Ljava/lang/Object;> (0x00000007148ecf80) thrown at [t:/workspace/hotspot/src/sh
Event: 5443.928 Thread 0x000002ca5e397800 Implicit null exception at 0x000002ca4c675418 to 0x000002ca4c677259
Event: 5444.413 Thread 0x000002ca5e397800 Exception <a 'java/lang/NoSuchMethodError'{0x0000000712f3cc50}: java.lang.invoke.DirectMethodHandle$Holder.invokeSpecial(Ljava/lang/Object;Ljava/lang/Object;IIIIII)Ljava/lang/Object;> (0x0000000712f3cc50) thrown at [t:/workspace/hotspot/src/share/vm/inter
Event: 5444.414 Thread 0x000002ca5e397800 Exception <a 'java/lang/NoSuchMethodError'{0x0000000712f3ff60}: java.lang.invoke.DelegatingMethodHandle$Holder.reinvoke_L(Ljava/lang/Object;IIIIII)Ljava/lang/Object;> (0x0000000712f3ff60) thrown at [t:/workspace/hotspot/src/share/vm/interpreter/linkResolv
Event: 5444.414 Thread 0x000002ca5e397800 Exception <a 'java/lang/NoSuchMethodError'{0x0000000712f62c00}: java.lang.invoke.DirectMethodHandle$Holder.invokeSpecial(Ljava/lang/Object;Ljava/lang/Object;IIII)Ljava/lang/Object;> (0x0000000712f62c00) thrown at [t:/workspace/hotspot/src/share/vm/interpr
Event: 5613.139 Thread 0x000002ca5e397800 Implicit null exception at 0x000002ca4c96f5d2 to 0x000002ca4c96fae9
Event: 5675.334 Thread 0x000002ca633dd800 Exception <a 'java/lang/InterruptedException'{0x0000000715092040}: sleep interrupted> (0x0000000715092040) thrown at [t:/workspace/hotspot/src/share/vm/prims/jvm.cpp, line 3023]
Event: 6497.423 Thread 0x000002ca5e397800 Exception <a 'java/lang/NoSuchMethodError'{0x00000007120c03a8}: java.lang.invoke.DelegatingMethodHandle$Holder.reinvoke_L(Ljava/lang/Object;IILjava/lang/Object;Ljava/lang/Object;I)Ljava/lang/Object;> (0x00000007120c03a8) thrown at [t:/workspace/hotspot/sr

Events (10 events):
Event: 6547.093 Thread 0x000002ca633ea800 Thread added: 0x000002ca633ea800
Event: 6547.097 Thread 0x000002ca633e6800 Thread exited: 0x000002ca633e6800
Event: 6547.100 Thread 0x000002ca633e8000 Thread exited: 0x000002ca633e8000
Event: 6547.103 Thread 0x000002ca633ea800 Thread exited: 0x000002ca633ea800
Event: 6548.093 Thread 0x000002ca633e8000 Thread added: 0x000002ca633e8000
Event: 6548.094 Thread 0x000002ca633e6800 Thread added: 0x000002ca633e6800
Event: 6548.094 Thread 0x000002ca633e9000 Thread added: 0x000002ca633e9000
Event: 6548.098 Thread 0x000002ca633e8000 Thread exited: 0x000002ca633e8000
Event: 6548.101 Thread 0x000002ca633e6800 Thread exited: 0x000002ca633e6800
Event: 6548.105 Thread 0x000002ca633e9000 Thread exited: 0x000002ca633e9000


Dynamic libraries:
0x00007ff65dab0000 - 0x00007ff65dae0000 	C:\Xilinx\Vivado\2019.1\bin\unwrapped\win64.o\vivado.exe
0x00007ffc676a0000 - 0x00007ffc67890000 	C:\WINDOWS\SYSTEM32\ntdll.dll
0x00007ffc65750000 - 0x00007ffc65802000 	C:\WINDOWS\System32\KERNEL32.DLL
0x00007ffc647e0000 - 0x00007ffc64a83000 	C:\WINDOWS\System32\KERNELBASE.dll
0x00007ffc654b0000 - 0x00007ffc655aa000 	C:\WINDOWS\System32\ucrtbase.dll
0x00007ffc4ae00000 - 0x00007ffc4aea7000 	C:\WINDOWS\SYSTEM32\MSVCP140.dll
0x00007ffc57790000 - 0x00007ffc577a4000 	C:\Xilinx\Vivado\2019.1\lib\win64.o\libboost_signals.dll
0x00007ffc57720000 - 0x00007ffc57734000 	C:\Xilinx\Vivado\2019.1\lib\win64.o\librdi_commonmain.dll
0x00007ffc53be0000 - 0x00007ffc53bf6000 	C:\WINDOWS\SYSTEM32\VCRUNTIME140.dll
0x00007ffc12420000 - 0x00007ffc13302000 	C:\Xilinx\Vivado\2019.1\lib\win64.o\librdi_common.dll
0x00007ffc66880000 - 0x00007ffc66a14000 	C:\WINDOWS\System32\USER32.dll
0x00007ffc65330000 - 0x00007ffc65351000 	C:\WINDOWS\System32\win32u.dll
0x00007ffc672c0000 - 0x00007ffc672e6000 	C:\WINDOWS\System32\GDI32.dll
0x00007ffc57670000 - 0x00007ffc57696000 	C:\Xilinx\Vivado\2019.1\lib\win64.o\libboost_filesystem.dll
0x00007ffc655b0000 - 0x00007ffc65744000 	C:\WINDOWS\System32\gdi32full.dll
0x00007ffc67400000 - 0x00007ffc674a3000 	C:\WINDOWS\System32\ADVAPI32.dll
0x00007ffc64af0000 - 0x00007ffc64b8e000 	C:\WINDOWS\System32\msvcp_win.dll
0x00007ffc57710000 - 0x00007ffc5771a000 	C:\Xilinx\Vivado\2019.1\lib\win64.o\librdi_commonversion.dll
0x00007ffc65810000 - 0x00007ffc658ae000 	C:\WINDOWS\System32\msvcrt.dll
0x00007ffc67360000 - 0x00007ffc673f7000 	C:\WINDOWS\System32\sechost.dll
0x00007ffc66a20000 - 0x00007ffc67105000 	C:\WINDOWS\System32\SHELL32.dll
0x00007ffc65ab0000 - 0x00007ffc65bd0000 	C:\WINDOWS\System32\RPCRT4.dll
0x00007ffc4a1e0000 - 0x00007ffc4a301000 	C:\Xilinx\Vivado\2019.1\lib\win64.o\librdi_commonxillic.dll
0x00007ffc64790000 - 0x00007ffc647da000 	C:\WINDOWS\System32\cfgmgr32.dll
0x00007ffc661e0000 - 0x00007ffc66289000 	C:\WINDOWS\System32\shcore.dll
0x0000000064f60000 - 0x000000006508b000 	C:\Xilinx\Vivado\2019.1\lib\win64.o\tcl85t.dll
0x00007ffc67110000 - 0x00007ffc6717f000 	C:\WINDOWS\System32\WS2_32.dll
0x00007ffc66290000 - 0x00007ffc665c6000 	C:\WINDOWS\System32\combase.dll
0x00007ffc64630000 - 0x00007ffc646b0000 	C:\WINDOWS\System32\bcryptPrimitives.dll
0x00007ffc472a0000 - 0x00007ffc4760e000 	C:\Xilinx\Vivado\2019.1\lib\win64.o\libCOIN-all.dll
0x00007ffc64b90000 - 0x00007ffc6530e000 	C:\WINDOWS\System32\windows.storage.dll
0x00007ffc64610000 - 0x00007ffc6462f000 	C:\WINDOWS\System32\profapi.dll
0x00007ffc57400000 - 0x00007ffc57414000 	C:\Xilinx\Vivado\2019.1\lib\win64.o\libboost_date_time.dll
0x00007ffc645a0000 - 0x00007ffc645ea000 	C:\WINDOWS\System32\powrprof.dll
0x00007ffc64570000 - 0x00007ffc64580000 	C:\WINDOWS\System32\UMPDC.dll
0x00007ffc66180000 - 0x00007ffc661d2000 	C:\WINDOWS\System32\shlwapi.dll
0x00007ffc57290000 - 0x00007ffc5730f000 	C:\Xilinx\Vivado\2019.1\lib\win64.o\libboost_program_options.dll
0x00007ffc64580000 - 0x00007ffc64591000 	C:\WINDOWS\System32\kernel.appcore.dll
0x00007ffc4a0c0000 - 0x00007ffc4a1d4000 	C:\Xilinx\Vivado\2019.1\lib\win64.o\libboost_regex.dll
0x00007ffc57700000 - 0x00007ffc5770b000 	C:\Xilinx\Vivado\2019.1\lib\win64.o\libboost_system.dll
0x00007ffc65310000 - 0x00007ffc65327000 	C:\WINDOWS\System32\cryptsp.dll
0x00007ffc573d0000 - 0x00007ffc573f1000 	C:\Xilinx\Vivado\2019.1\lib\win64.o\libboost_thread.dll
0x00007ffc57660000 - 0x00007ffc5766f000 	C:\Xilinx\Vivado\2019.1\lib\win64.o\libboost_xilinx.dll
0x00007ffc4aee0000 - 0x00007ffc4af62000 	C:\Xilinx\Vivado\2019.1\lib\win64.o\libhdlpsolve.dll
0x00007ffc471f0000 - 0x00007ffc47295000 	C:\Xilinx\Vivado\2019.1\lib\win64.o\libhdxml.dll
0x00007ffc573a0000 - 0x00007ffc573ce000 	C:\Xilinx\Vivado\2019.1\lib\win64.o\libisl_sysinfo.dll
0x00007ffc56f70000 - 0x00007ffc56fd5000 	C:\Xilinx\Vivado\2019.1\lib\win64.o\liblmx6.0.dll
0x00007ffc57270000 - 0x00007ffc5728a000 	C:\Xilinx\Vivado\2019.1\lib\win64.o\pthreadVC2.dll
0x00007ffc57030000 - 0x00007ffc57051000 	C:\Xilinx\Vivado\2019.1\lib\win64.o\librdizlib.dll
0x00007ffc4aec0000 - 0x00007ffc4aedc000 	C:\Xilinx\Vivado\2019.1\lib\win64.o\librdiconfig.dll
0x0000000012000000 - 0x0000000012270000 	C:\Xilinx\Vivado\2019.1\lib\win64.o\xerces-c_3_1.dll
0x00007ffc52a20000 - 0x00007ffc52ef6000 	C:\WINDOWS\SYSTEM32\WININET.dll
0x00007ffc4e090000 - 0x00007ffc4e0a7000 	C:\WINDOWS\SYSTEM32\NETAPI32.dll
0x00007ffc0f800000 - 0x00007ffc103af400 	C:\Xilinx\Vivado\2019.1\lib\win64.o\libisl_iostreams.dll
0x00007ffc5f3e0000 - 0x00007ffc5f4d0000 	C:\WINDOWS\SYSTEM32\WINHTTP.dll
0x00007ffc55b50000 - 0x00007ffc55d26000 	C:\WINDOWS\SYSTEM32\urlmon.dll
0x00007ffc46f10000 - 0x00007ffc471e8000 	C:\Xilinx\Vivado\2019.1\lib\win64.o\libXil_lmgr11.dll
0x00007ffc667b0000 - 0x00007ffc66880000 	C:\WINDOWS\System32\COMDLG32.dll
0x00007ffc660b0000 - 0x00007ffc66174000 	C:\WINDOWS\System32\OLEAUT32.dll
0x00007ffc665d0000 - 0x00007ffc66726000 	C:\WINDOWS\System32\ole32.dll
0x00007ffc64a90000 - 0x00007ffc64aec000 	C:\WINDOWS\System32\WINTRUST.dll
0x00007ffc645f0000 - 0x00007ffc64602000 	C:\WINDOWS\System32\MSASN1.dll
0x00007ffc65360000 - 0x00007ffc654a9000 	C:\WINDOWS\System32\CRYPT32.dll
0x00007ffc4f300000 - 0x00007ffc4f309000 	C:\WINDOWS\SYSTEM32\WSOCK32.dll
0x00007ffc4ad00000 - 0x00007ffc4ad2e000 	C:\WINDOWS\SYSTEM32\VCOMP140.DLL
0x00007ffc0e580000 - 0x00007ffc0f411000 	C:\Xilinx\Vivado\2019.1\lib\win64.o\gurobi65.dll
0x00007ffc57390000 - 0x00007ffc5739d000 	C:\Xilinx\Vivado\2019.1\lib\win64.o\libboost_chrono.dll
0x00007ffc586a0000 - 0x00007ffc58946000 	C:\WINDOWS\SYSTEM32\iertutil.dll
0x00007ffc4ace0000 - 0x00007ffc4acfb000 	C:\Xilinx\Vivado\2019.1\lib\win64.o\libboost_iostreams.dll
0x00007ffc4acb0000 - 0x00007ffc4acd5000 	C:\Xilinx\Vivado\2019.1\lib\win64.o\libisl_iosutils.dll
0x00007ffc56040000 - 0x00007ffc560e9000 	C:\WINDOWS\WinSxS\amd64_microsoft.windows.common-controls_6595b64144ccf1df_5.82.18362.476_none_2a2a02a24667b734\COMCTL32.dll
0x00007ffc58d40000 - 0x00007ffc58d5c000 	C:\WINDOWS\SYSTEM32\dhcpcsvc.DLL
0x00007ffc67200000 - 0x00007ffc67208000 	C:\WINDOWS\System32\NSI.dll
0x00007ffc63fb0000 - 0x00007ffc63fbc000 	C:\WINDOWS\SYSTEM32\CRYPTBASE.DLL
0x00007ffc63c00000 - 0x00007ffc63c0c000 	C:\WINDOWS\SYSTEM32\NETUTILS.DLL
0x00007ffc65920000 - 0x00007ffc6594e000 	C:\WINDOWS\System32\IMM32.DLL
0x00007ffc469f0000 - 0x00007ffc46f07000 	C:\Xilinx\Vivado\2019.1\lib\win64.o\librdi_commontasks.dll
0x00007ffc5a540000 - 0x00007ffc5a54a000 	C:\WINDOWS\SYSTEM32\VERSION.dll
0x0000000064530000 - 0x0000000064f55000 	C:\Xilinx\Vivado\2019.1\tps\win64\jre9.0.4\bin\server\jvm.dll
0x00007ffc379e0000 - 0x00007ffc37c66000 	C:\Xilinx\Vivado\2019.1\lib\win64.o\librdi_sio.dll
0x00007ffc672f0000 - 0x00007ffc672f8000 	C:\WINDOWS\System32\PSAPI.DLL
0x00007ffc62070000 - 0x00007ffc62094000 	C:\WINDOWS\SYSTEM32\WINMM.dll
0x00007ffc63af0000 - 0x00007ffc63b2a000 	C:\WINDOWS\SYSTEM32\IPHLPAPI.DLL
0x00007ffc46900000 - 0x00007ffc469ef000 	C:\WINDOWS\SYSTEM32\MSVCR120.dll
0x00007ffc61e60000 - 0x00007ffc61e8d000 	C:\WINDOWS\SYSTEM32\WINMMBASE.dll
0x00007ffc63de0000 - 0x00007ffc63e47000 	C:\WINDOWS\SYSTEM32\MSWSOCK.DLL
0x00007ffc01060000 - 0x00007ffc0351c000 	C:\Xilinx\Vivado\2019.1\lib\win64.o\librdi_tcltasks.dll
0x00007ffc4ab10000 - 0x00007ffc4ab88000 	C:\Xilinx\Vivado\2019.1\lib\win64.o\librdi_boarddep.dll
0x00007ffc39da0000 - 0x00007ffc39f31000 	C:\Xilinx\Vivado\2019.1\lib\win64.o\librdi_board.dll
0x00007ffc2eb00000 - 0x00007ffc2ef08000 	C:\Xilinx\Vivado\2019.1\lib\win64.o\librdi_bitstream.dll
0x00007ffc378f0000 - 0x00007ffc379db000 	C:\Xilinx\Vivado\2019.1\lib\win64.o\librdi_chipscope.dll
0x00007ffc2e940000 - 0x00007ffc2eafd000 	C:\Xilinx\Vivado\2019.1\lib\win64.o\librdi_chipscopeimpl.dll
0x00007ffc37790000 - 0x00007ffc378e6000 	C:\Xilinx\Vivado\2019.1\lib\win64.o\librdi_containers.dll
0x00007ffbfd0d0000 - 0x00007ffbfd7aa000 	C:\Xilinx\Vivado\2019.1\lib\win64.o\librdi_coregenipxact.dll
0x00007ffbff670000 - 0x00007ffc0105a000 	C:\Xilinx\Vivado\2019.1\lib\win64.o\librdi_constraints.dll
0x00007ffbfd7b0000 - 0x00007ffbff661000 	C:\Xilinx\Vivado\2019.1\lib\win64.o\librdi_coregen.dll
0x00007ffbe6930000 - 0x00007ffbe6c4e000 	C:\Xilinx\Vivado\2019.1\lib\win64.o\librdi_dlyest.dll
0x00007ffbf9080000 - 0x00007ffbfd0c3000 	C:\Xilinx\Vivado\2019.1\lib\win64.o\librdi_designutils.dll
0x00007ffc461e0000 - 0x00007ffc462a4000 	C:\Xilinx\Vivado\2019.1\lib\win64.o\librdi_dsp.dll
0x00007ffbe6390000 - 0x00007ffbe692a000 	C:\Xilinx\Vivado\2019.1\lib\win64.o\librdi_drc.dll
0x00007ffbe5d40000 - 0x00007ffbe638d000 	C:\Xilinx\Vivado\2019.1\lib\win64.o\librdi_filemgmt.dll
0x00007ffc0e290000 - 0x00007ffc0e573000 	C:\Xilinx\Vivado\2019.1\lib\win64.o\librdi_guitools.dll
0x00007ffc49d00000 - 0x00007ffc49d65000 	C:\Xilinx\Vivado\2019.1\lib\win64.o\librdi_hdf.dll
0x00007ffbe6c50000 - 0x00007ffbf907c000 	C:\Xilinx\Vivado\2019.1\lib\win64.o\librdi_device.dll
0x00007ffbe4160000 - 0x00007ffbe4775000 	C:\Xilinx\Vivado\2019.1\lib\win64.o\librdi_memdata.dll
0x00007ffc46880000 - 0x00007ffc468f3000 	C:\Xilinx\Vivado\2019.1\lib\win64.o\librdi_memoryarray.dll
0x00007ffbe4780000 - 0x00007ffbe5d40000 	C:\Xilinx\Vivado\2019.1\lib\win64.o\librdi_implflow.dll
0x00007ffc460c0000 - 0x00007ffc4610b000 	C:\Xilinx\Vivado\2019.1\lib\win64.o\librdi_pfi.dll
0x00007ffbe0dc0000 - 0x00007ffbe1462000 	C:\Xilinx\Vivado\2019.1\lib\win64.o\librdi_netlist.dll
0x00007ffbde430000 - 0x00007ffbde73f000 	C:\Xilinx\Vivado\2019.1\lib\win64.o\librdi_platform.dll
0x00007ffbddce0000 - 0x00007ffbde42a000 	C:\Xilinx\Vivado\2019.1\lib\win64.o\librdi_power.dll
0x00007ffbdd760000 - 0x00007ffbddcdf000 	C:\Xilinx\Vivado\2019.1\lib\win64.o\librdi_project.dll
0x00007ffbdd050000 - 0x00007ffbdd759000 	C:\Xilinx\Vivado\2019.1\lib\win64.o\librdi_psta.dll
0x00007ffbdc540000 - 0x00007ffbdc931000 	C:\Xilinx\Vivado\2019.1\lib\win64.o\librdi_runs.dll
0x00007ffbdc940000 - 0x00007ffbdd046000 	C:\Xilinx\Vivado\2019.1\lib\win64.o\librdi_rsb.dll
0x00007ffbde740000 - 0x00007ffbe0db6000 	C:\Xilinx\Vivado\2019.1\lib\win64.o\librdi_place.dll
0x00007ffc2c8d0000 - 0x00007ffc2c9ca000 	C:\Xilinx\Vivado\2019.1\lib\win64.o\librdi_runsbase.dll
0x00007ffc1d410000 - 0x00007ffc1d666000 	C:\Xilinx\Vivado\2019.1\lib\win64.o\librdi_simdata.dll
0x00007ffc0dc90000 - 0x00007ffc0de02000 	C:\Xilinx\Vivado\2019.1\lib\win64.o\librdi_advchipscopeimpl.dll
0x00007ffbdb720000 - 0x00007ffbdc531000 	C:\Xilinx\Vivado\2019.1\lib\win64.o\librdi_timing.dll
0x00007ffbe1470000 - 0x00007ffbe4156000 	C:\Xilinx\Vivado\2019.1\lib\win64.o\librdi_mig.dll
0x00007ffc41ea0000 - 0x00007ffc41eec000 	C:\Xilinx\Vivado\2019.1\lib\win64.o\libboost_serialization.dll
0x00007ffc39cd0000 - 0x00007ffc39d92000 	C:\Xilinx\Vivado\2019.1\lib\win64.o\librdi_ipconfig_readwrite.dll
0x00007ffbdb580000 - 0x00007ffbdb71f000 	C:\Xilinx\Vivado\2019.1\lib\win64.o\librdi_hip_devdesign.dll
0x00007ffc409e0000 - 0x00007ffc40a23000 	C:\Xilinx\Vivado\2019.1\lib\win64.o\librdi_noc_frameworks.dll
0x00007ffc39640000 - 0x00007ffc396de000 	C:\Xilinx\Vivado\2019.1\lib\win64.o\libise.dll
0x00007ffbdaa30000 - 0x00007ffbdb577000 	C:\Xilinx\Vivado\2019.1\lib\win64.o\libverific.dll
0x00007ffbda640000 - 0x00007ffbdaa25000 	C:\Xilinx\Vivado\2019.1\lib\win64.o\librdi_hip_config.dll

VM Arguments:
jvm_args: -Dsun.java2d.pmoffscreen=false -Dsun.java2d.xrender=false -Dsun.java2d.d3d=false -Dsun.awt.nopixfmt=true -Dsun.java2d.dpiaware=true -Dsun.java2d.uiScale.enabled=false -Xverify:none -Dswing.aatext=true -XX:-UsePerfData -Djdk.map.althashing.threshold=512 -XX:StringTableSize=4072 --add-opens=java.base/java.nio=ALL-UNNAMED --add-opens=java.desktop/sun.swing=ALL-UNNAMED --add-opens=java.desktop/javax.swing=ALL-UNNAMED --add-opens=java.desktop/javax.swing.tree=ALL-UNNAMED --add-opens=java.desktop/javax.swing.plaf.basic=ALL-UNNAMED --add-opens=java.desktop/javax.swing.plaf.synth=ALL-UNNAMED --add-opens=java.desktop/com.sun.awt=ALL-UNNAMED -XX:NewSize=60m -XX:MaxNewSize=60m -Xms128m -Xmx3072m -Xss5m 
java_command: <unknown>
java_class_path (initial): C:/Xilinx/Vivado/2019.1\lib\classes\alloy.jar;C:/Xilinx/Vivado/2019.1\lib\classes\autopilot.scelaborator.jar;C:/Xilinx/Vivado/2019.1\lib\classes\autopilot.sourceprocessor.jar;C:/Xilinx/Vivado/2019.1\lib\classes\autopilot.tbprocessor.jar;C:/Xilinx/Vivado/2019.1\lib\classes\batik-anim.jar;C:/Xilinx/Vivado/2019.1\lib\classes\batik-awt-util.jar;C:/Xilinx/Vivado/2019.1\lib\classes\batik-bridge.jar;C:/Xilinx/Vivado/2019.1\lib\classes\batik-codec.jar;C:/Xilinx/Vivado/2019.1\lib\classes\batik-css.jar;C:/Xilinx/Vivado/2019.1\lib\classes\batik-dom.jar;C:/Xilinx/Vivado/2019.1\lib\classes\batik-ext.jar;C:/Xilinx/Vivado/2019.1\lib\classes\batik-gui-util.jar;C:/Xilinx/Vivado/2019.1\lib\classes\batik-gvt.jar;C:/Xilinx/Vivado/2019.1\lib\classes\batik-parser.jar;C:/Xilinx/Vivado/2019.1\lib\classes\batik-script.jar;C:/Xilinx/Vivado/2019.1\lib\classes\batik-svg-dom.jar;C:/Xilinx/Vivado/2019.1\lib\classes\batik-swing.jar;C:/Xilinx/Vivado/2019.1\lib\classes\batik-transcoder.jar;C:/Xilinx/Vivado/2019.1\lib\classes\batik-util.jar;C:/Xilinx/Vivado/2019.1\lib\classes\batik-xml.jar;C:/Xilinx/Vivado/2019.1\lib\classes\com.google.gson_2.7.0.v20170129-0911.jar;C:/Xilinx/Vivado/2019.1\lib\classes\com.google.guava_21.0.0.v20170206-1425.jar;C:/Xilinx/Vivado/2019.1\lib\classes\com.google.inject_3.0.0.v201605172100.jar;C:/Xilinx/Vivado/2019.1\lib\classes\com.ibm.icu_4.4.2.v20110208.jar;C:/Xilinx/Vivado/2019.1\lib\classes\com.sigasi.hdt.annotations.runtime_4.3.0.201903071210.jar;C:/Xilinx/Vivado/2019.1\lib\classes\com.sigasi.hdt.blockdiagram.model_4.3.0.201903071210.jar;C:/Xilinx/Vivado/2019.1\lib\classes\com.sigasi.hdt.connection_4.3.0.201903071210.jar;C:/Xilinx/Vivado/2019.1\lib\classes\com.sigasi.hdt.dependencies.model_4.3.0.201903071210.jar;C:/Xilinx/Vivado/2019.1\lib\classes\com.sigasi.hdt.epl_4.3.0.201903071210.jar;C:/Xilinx/Vivado/2019.1\lib\classes\com.sigasi.hdt.graphics.model_4.3.0.201903071210.jar;C:/Xilinx/Vivado/2019.1\lib\classes\com.sigasi.hdt.project_4.3.0
Launcher Type: generic

Logging:
Log output configuration:
#0: stdout all=warning uptime,level,tags
#1: stderr all=off uptime,level,tags

Environment Variables:
PATH=C:/Xilinx/Vivado/2019.1/bin;C:/Xilinx/Vivado/2019.1/lib/win64.o;C:/Xilinx/Vivado/2019.1/tps/win64/jre9.0.4/bin/server;C:/Xilinx/Vivado/2019.1/tps/win64/jre9.0.4/bin;C:/Xilinx/SDK/2019.1/bin;C:/Xilinx/Vivado/2019.1/ids_lite/ISE/bin/nt64;C:/Xilinx/Vivado/2019.1/ids_lite/ISE/lib/nt64;C:\WINDOWS\system32;C:\WINDOWS;C:\WINDOWS\System32\Wbem;C:\WINDOWS\System32\WindowsPowerShell\v1.0\;C:\WINDOWS\System32\OpenSSH\;C:\Program Files\MATLAB\R2019a\bin;C:\Program Files (x86)\Bitvise SSH Client;C:\Users\Julian\AppData\Local\Microsoft\WindowsApps;;C:/Xilinx/Vivado/2019.1\tps\mingw\6.2.0\win64.o\nt\bin;C:/Xilinx/Vivado/2019.1\tps\mingw\6.2.0\win64.o\nt\libexec\gcc\x86_64-w64-mingw32\6.2.0;C:/Xilinx/Vivado/2019.1\tps\win64\python-2.7.5;C:/Xilinx/Vivado/2019.1\tps\win64\python-2.7.5\lib;C:/Xilinx/Vivado/2019.1\tps\win64\python-2.7.5\Lib\lib-tk;C:/Xilinx/Vivado/2019.1\tps\win64\python-2.7.5\lib\site-packages
USERNAME=Julian
OS=Windows_NT
PROCESSOR_IDENTIFIER=Intel64 Family 6 Model 142 Stepping 10, GenuineIntel



---------------  S Y S T E M  ---------------

OS: Windows 10 , 64 bit Build 18362 (10.0.18362.329)

CPU:total 8 (initial active 8) (4 cores per cpu, 2 threads per core) family 6 model 142 stepping 10, cmov, cx8, fxsr, mmx, sse, sse2, sse3, ssse3, sse4.1, sse4.2, popcnt, avx, avx2, aes, clmul, erms, 3dnowpref, lzcnt, ht, tsc, tscinvbit, bmi1, bmi2, adx, fma

Memory: 4k page, physical 8311804k(3588800k free), swap 11104928k(2214588k free)

vm_info: Java HotSpot(TM) 64-Bit Server VM (9.0.4+11) for windows-amd64 JRE (9.0.4+11), built on Dec 20 2017 02:18:54 by "mach5one" with MS VC++ 12.0 (VS2013)

END.
