#-----------------------------------------------------------
# Vivado v2019.1 (64-bit)
# SW Build 2552052 on Fri May 24 14:49:42 MDT 2019
# IP Build 2548770 on Fri May 24 18:01:18 MDT 2019
# Start of session at: Tue Nov 19 18:39:21 2019
# Process ID: 15580
# Current directory: C:/Users/OWNER/OneDrive/School Work/CSE 100/Lab 7
# Command line: vivado.exe -gui_launcher_event rodinguilauncherevent24484 C:\Users\OWNER\OneDrive\School Work\CSE 100\Lab 7\Lab 7.xpr
# Log file: C:/Users/OWNER/OneDrive/School Work/CSE 100/Lab 7/vivado.log
# Journal file: C:/Users/OWNER/OneDrive/School Work/CSE 100/Lab 7\vivado.jou
#-----------------------------------------------------------
start_gui
open_project {C:/Users/OWNER/OneDrive/School Work/CSE 100/Lab 7/Lab 7.xpr}
INFO: [Project 1-313] Project file moved from 'D:/Users/Julian/Documents/UCSC Year THREE/CSE 100/Lab 7/Lab 7' since last save.
Scanning sources...
Finished scanning sources
INFO: [IP_Flow 19-234] Refreshing IP repositories
INFO: [IP_Flow 19-1704] No user IP repositories specified
INFO: [IP_Flow 19-2313] Loaded Vivado IP repository 'D:/Xilinx/Vivado/2019.1/data/ip'.
open_project: Time (s): cpu = 00:00:16 ; elapsed = 00:00:22 . Memory (MB): peak = 678.336 ; gain = 79.879
update_compile_order -fileset sources_1
exit
INFO: [Common 17-206] Exiting Vivado at Tue Nov 19 18:41:01 2019...
