#-----------------------------------------------------------
# Vivado v2019.1 (64-bit)
# SW Build 2552052 on Fri May 24 14:49:42 MDT 2019
# IP Build 2548770 on Fri May 24 18:01:18 MDT 2019
# Start of session at: Tue Nov 19 17:18:25 2019
# Process ID: 13080
# Current directory: C:/Users/Julian/Documents/Work/CSE 100/Lab 7
# Command line: vivado.exe -gui_launcher_event rodinguilauncherevent14072 C:\Users\Julian\Documents\Work\CSE 100\Lab 7\Lab 7.xpr
# Log file: C:/Users/Julian/Documents/Work/CSE 100/Lab 7/vivado.log
# Journal file: C:/Users/Julian/Documents/Work/CSE 100/Lab 7\vivado.jou
#-----------------------------------------------------------
start_gui
open_project {C:/Users/Julian/Documents/Work/CSE 100/Lab 7/Lab 7.xpr}
Scanning sources...
Finished scanning sources
INFO: [IP_Flow 19-234] Refreshing IP repositories
INFO: [IP_Flow 19-1704] No user IP repositories specified
INFO: [IP_Flow 19-2313] Loaded Vivado IP repository 'C:/Xilinx/Vivado/2019.1/data/ip'.
open_project: Time (s): cpu = 00:00:17 ; elapsed = 00:00:07 . Memory (MB): peak = 766.742 ; gain = 96.445
update_compile_order -fileset sources_1
launch_simulation
INFO: [Vivado 12-5682] Launching behavioral simulation in 'C:/Users/Julian/Documents/Work/CSE 100/Lab 7/Lab 7.sim/sim_1/behav/xsim'
INFO: [SIM-utils-51] Simulation object is 'sim_1'
INFO: [SIM-utils-54] Inspecting design source files for 'testSyncs' in fileset 'sim_1'...
INFO: [USF-XSim-97] Finding global include files...
INFO: [USF-XSim-98] Fetching design files from 'sim_1'...
INFO: [USF-XSim-2] XSim::Compile design
INFO: [USF-XSim-61] Executing 'COMPILE and ANALYZE' step in 'C:/Users/Julian/Documents/Work/CSE 100/Lab 7/Lab 7.sim/sim_1/behav/xsim'
"xvlog --incr --relax -prj testSyncs_vlog.prj"
INFO: [USF-XSim-69] 'compile' step finished in '2' seconds
INFO: [USF-XSim-3] XSim::Elaborate design
INFO: [USF-XSim-61] Executing 'ELABORATE' step in 'C:/Users/Julian/Documents/Work/CSE 100/Lab 7/Lab 7.sim/sim_1/behav/xsim'
"xelab -wto 5ef4be9cbd7440319a233a4a2391f005 --incr --debug typical --relax --mt 2 -L xil_defaultlib -L unisims_ver -L unimacro_ver -L secureip --snapshot testSyncs_behav xil_defaultlib.testSyncs xil_defaultlib.glbl -log elaborate.log"
Vivado Simulator 2019.1
Copyright 1986-1999, 2001-2019 Xilinx, Inc. All Rights Reserved.
Running: C:/Xilinx/Vivado/2019.1/bin/unwrapped/win64.o/xelab.exe -wto 5ef4be9cbd7440319a233a4a2391f005 --incr --debug typical --relax --mt 2 -L xil_defaultlib -L unisims_ver -L unimacro_ver -L secureip --snapshot testSyncs_behav xil_defaultlib.testSyncs xil_defaultlib.glbl -log elaborate.log 
Using 2 slave threads.
Starting static elaboration
Completed static elaboration
INFO: [XSIM 43-4323] No Change in HDL. Linking previously generated obj files to create kernel
INFO: [USF-XSim-69] 'elaborate' step finished in '1' seconds
INFO: [USF-XSim-4] XSim::Simulate design
INFO: [USF-XSim-61] Executing 'SIMULATE' step in 'C:/Users/Julian/Documents/Work/CSE 100/Lab 7/Lab 7.sim/sim_1/behav/xsim'
INFO: [USF-XSim-98] *** Running xsim
   with args "testSyncs_behav -key {Behavioral:sim_1:Functional:testSyncs} -tclbatch {testSyncs.tcl} -log {simulate.log}"
INFO: [USF-XSim-8] Loading simulator feature
Vivado Simulator 2019.1
Time resolution is 1 ps
source testSyncs.tcl
# set curr_wave [current_wave_config]
# if { [string length $curr_wave] == 0 } {
#   if { [llength [get_objects]] > 0} {
#     add_wave /
#     set_property needs_save false [current_wave_config]
#   } else {
#      send_msg_id Add_Wave-1 WARNING "No top level signals found. Simulator will start without a wave window. If you want to open a wave window go to 'File->New Waveform Configuration' or type 'create_wave_config' in the TCL console."
#   }
# }
# run 1000ns
INFO: [USF-XSim-96] XSim completed. Design snapshot 'testSyncs_behav' loaded.
INFO: [USF-XSim-97] XSim simulation ran for 1000ns
launch_simulation: Time (s): cpu = 00:00:12 ; elapsed = 00:00:08 . Memory (MB): peak = 839.996 ; gain = 21.770
run 17 us
run 17 us
run 17 us
run 17 us
run 17 us
run 200 us
relaunch_sim
INFO: [Vivado 12-5682] Launching behavioral simulation in 'C:/Users/Julian/Documents/Work/CSE 100/Lab 7/Lab 7.sim/sim_1/behav/xsim'
INFO: [SIM-utils-51] Simulation object is 'sim_1'
INFO: [SIM-utils-54] Inspecting design source files for 'testSyncs' in fileset 'sim_1'...
INFO: [USF-XSim-97] Finding global include files...
INFO: [USF-XSim-98] Fetching design files from 'sim_1'...
INFO: [USF-XSim-2] XSim::Compile design
INFO: [USF-XSim-61] Executing 'COMPILE and ANALYZE' step in 'C:/Users/Julian/Documents/Work/CSE 100/Lab 7/Lab 7.sim/sim_1/behav/xsim'
"xvlog --incr --relax -prj testSyncs_vlog.prj"
INFO: [USF-XSim-69] 'compile' step finished in '1' seconds
INFO: [Vivado 12-5682] Launching behavioral simulation in 'C:/Users/Julian/Documents/Work/CSE 100/Lab 7/Lab 7.sim/sim_1/behav/xsim'
INFO: [USF-XSim-3] XSim::Elaborate design
INFO: [USF-XSim-61] Executing 'ELABORATE' step in 'C:/Users/Julian/Documents/Work/CSE 100/Lab 7/Lab 7.sim/sim_1/behav/xsim'
"xelab -wto 5ef4be9cbd7440319a233a4a2391f005 --incr --debug typical --relax --mt 2 -L xil_defaultlib -L unisims_ver -L unimacro_ver -L secureip --snapshot testSyncs_behav xil_defaultlib.testSyncs xil_defaultlib.glbl -log elaborate.log"
Vivado Simulator 2019.1
Copyright 1986-1999, 2001-2019 Xilinx, Inc. All Rights Reserved.
Running: C:/Xilinx/Vivado/2019.1/bin/unwrapped/win64.o/xelab.exe -wto 5ef4be9cbd7440319a233a4a2391f005 --incr --debug typical --relax --mt 2 -L xil_defaultlib -L unisims_ver -L unimacro_ver -L secureip --snapshot testSyncs_behav xil_defaultlib.testSyncs xil_defaultlib.glbl -log elaborate.log 
Using 2 slave threads.
Starting static elaboration
Completed static elaboration
INFO: [XSIM 43-4323] No Change in HDL. Linking previously generated obj files to create kernel
INFO: [USF-XSim-69] 'elaborate' step finished in '1' seconds
Vivado Simulator 2019.1
Time resolution is 1 ps
relaunch_sim: Time (s): cpu = 00:00:03 ; elapsed = 00:00:07 . Memory (MB): peak = 857.273 ; gain = 0.000
run 200 us
relaunch_sim
INFO: [Vivado 12-5682] Launching behavioral simulation in 'C:/Users/Julian/Documents/Work/CSE 100/Lab 7/Lab 7.sim/sim_1/behav/xsim'
INFO: [SIM-utils-51] Simulation object is 'sim_1'
INFO: [SIM-utils-54] Inspecting design source files for 'testSyncs' in fileset 'sim_1'...
INFO: [USF-XSim-97] Finding global include files...
INFO: [USF-XSim-98] Fetching design files from 'sim_1'...
INFO: [USF-XSim-2] XSim::Compile design
INFO: [USF-XSim-61] Executing 'COMPILE and ANALYZE' step in 'C:/Users/Julian/Documents/Work/CSE 100/Lab 7/Lab 7.sim/sim_1/behav/xsim'
"xvlog --incr --relax -prj testSyncs_vlog.prj"
INFO: [USF-XSim-69] 'compile' step finished in '1' seconds
INFO: [Vivado 12-5682] Launching behavioral simulation in 'C:/Users/Julian/Documents/Work/CSE 100/Lab 7/Lab 7.sim/sim_1/behav/xsim'
INFO: [USF-XSim-3] XSim::Elaborate design
INFO: [USF-XSim-61] Executing 'ELABORATE' step in 'C:/Users/Julian/Documents/Work/CSE 100/Lab 7/Lab 7.sim/sim_1/behav/xsim'
"xelab -wto 5ef4be9cbd7440319a233a4a2391f005 --incr --debug typical --relax --mt 2 -L xil_defaultlib -L unisims_ver -L unimacro_ver -L secureip --snapshot testSyncs_behav xil_defaultlib.testSyncs xil_defaultlib.glbl -log elaborate.log"
Vivado Simulator 2019.1
Copyright 1986-1999, 2001-2019 Xilinx, Inc. All Rights Reserved.
Running: C:/Xilinx/Vivado/2019.1/bin/unwrapped/win64.o/xelab.exe -wto 5ef4be9cbd7440319a233a4a2391f005 --incr --debug typical --relax --mt 2 -L xil_defaultlib -L unisims_ver -L unimacro_ver -L secureip --snapshot testSyncs_behav xil_defaultlib.testSyncs xil_defaultlib.glbl -log elaborate.log 
Using 2 slave threads.
Starting static elaboration
Completed static elaboration
INFO: [XSIM 43-4323] No Change in HDL. Linking previously generated obj files to create kernel
INFO: [USF-XSim-69] 'elaborate' step finished in '1' seconds
Vivado Simulator 2019.1
Time resolution is 1 ps
relaunch_sim: Time (s): cpu = 00:00:02 ; elapsed = 00:00:07 . Memory (MB): peak = 906.824 ; gain = 0.000
run 200 us
relaunch_sim
INFO: [Vivado 12-5682] Launching behavioral simulation in 'C:/Users/Julian/Documents/Work/CSE 100/Lab 7/Lab 7.sim/sim_1/behav/xsim'
INFO: [SIM-utils-51] Simulation object is 'sim_1'
INFO: [SIM-utils-54] Inspecting design source files for 'testSyncs' in fileset 'sim_1'...
INFO: [USF-XSim-97] Finding global include files...
INFO: [USF-XSim-98] Fetching design files from 'sim_1'...
INFO: [USF-XSim-2] XSim::Compile design
INFO: [USF-XSim-61] Executing 'COMPILE and ANALYZE' step in 'C:/Users/Julian/Documents/Work/CSE 100/Lab 7/Lab 7.sim/sim_1/behav/xsim'
"xvlog --incr --relax -prj testSyncs_vlog.prj"
INFO: [VRFC 10-2263] Analyzing Verilog file "C:/Users/Julian/Documents/Work/CSE 100/Lab 7/Lab 7.srcs/sources_1/new/VGA_Control.v" into library xil_defaultlib
INFO: [VRFC 10-311] analyzing module VGA_Control
INFO: [VRFC 10-2263] Analyzing Verilog file "C:/Users/Julian/Documents/Work/CSE 100/Lab 4/Lab 4/Lab 4.srcs/sources_1/new/countUD16L.v" into library xil_defaultlib
INFO: [VRFC 10-311] analyzing module countUD16L
INFO: [VRFC 10-2263] Analyzing Verilog file "C:/Users/Julian/Documents/Work/CSE 100/Lab 4/Lab 4/Lab 4.srcs/sources_1/new/countUD3L.v" into library xil_defaultlib
INFO: [VRFC 10-311] analyzing module countUD3L
INFO: [VRFC 10-2263] Analyzing Verilog file "C:/Users/Julian/Documents/Work/CSE 100/Lab 4/Lab 4/Lab 4.srcs/sources_1/new/countUD5L.v" into library xil_defaultlib
INFO: [VRFC 10-311] analyzing module countUD5L
INFO: [VRFC 10-2263] Analyzing Verilog file "C:/Users/Julian/Documents/Work/CSE 100/Lab 7/lab7_clks.v" into library xil_defaultlib
INFO: [VRFC 10-311] analyzing module lab7_clks
INFO: [VRFC 10-311] analyzing module clk_wiz_0
INFO: [VRFC 10-311] analyzing module clkcntrl4
INFO: [VRFC 10-311] analyzing module FTCE_MXILINX_clkcntrl4
INFO: [VRFC 10-311] analyzing module CB4CE_MXILINX_clkcntrl4
INFO: [VRFC 10-2263] Analyzing Verilog file "C:/Users/Julian/Documents/Work/CSE 100/Lab 7/Lab 7.srcs/sources_1/new/toppo.v" into library xil_defaultlib
INFO: [VRFC 10-311] analyzing module toppo
INFO: [VRFC 10-2263] Analyzing Verilog file "C:/Users/Julian/Documents/Work/CSE 100/Lab 7/test2.v" into library xil_defaultlib
INFO: [VRFC 10-311] analyzing module testSyncs
INFO: [VRFC 10-311] analyzing module check_the_sync_signals
INFO: [VRFC 10-311] analyzing module check_the_rgb_signals
INFO: [USF-XSim-69] 'compile' step finished in '1' seconds
INFO: [Vivado 12-5682] Launching behavioral simulation in 'C:/Users/Julian/Documents/Work/CSE 100/Lab 7/Lab 7.sim/sim_1/behav/xsim'
INFO: [USF-XSim-3] XSim::Elaborate design
INFO: [USF-XSim-61] Executing 'ELABORATE' step in 'C:/Users/Julian/Documents/Work/CSE 100/Lab 7/Lab 7.sim/sim_1/behav/xsim'
"xelab -wto 5ef4be9cbd7440319a233a4a2391f005 --incr --debug typical --relax --mt 2 -L xil_defaultlib -L unisims_ver -L unimacro_ver -L secureip --snapshot testSyncs_behav xil_defaultlib.testSyncs xil_defaultlib.glbl -log elaborate.log"
Vivado Simulator 2019.1
Copyright 1986-1999, 2001-2019 Xilinx, Inc. All Rights Reserved.
Running: C:/Xilinx/Vivado/2019.1/bin/unwrapped/win64.o/xelab.exe -wto 5ef4be9cbd7440319a233a4a2391f005 --incr --debug typical --relax --mt 2 -L xil_defaultlib -L unisims_ver -L unimacro_ver -L secureip --snapshot testSyncs_behav xil_defaultlib.testSyncs xil_defaultlib.glbl -log elaborate.log 
Using 2 slave threads.
Starting static elaboration
Completed static elaboration
Starting simulation data flow analysis
Completed simulation data flow analysis
Time Resolution for simulation is 1ps
Compiling module unisims_ver.IBUF
Compiling module unisims_ver.MMCME2_ADV(CLKFBOUT_MULT_F=9.125...
Compiling module unisims_ver.BUFG
Compiling module xil_defaultlib.clk_wiz_0
Compiling module unisims_ver.x_lut2_mux4
Compiling module unisims_ver.LUT2
Compiling module unisims_ver.XOR2
Compiling module unisims_ver.FDCE_default
Compiling module xil_defaultlib.FTCE_MXILINX_clkcntrl4
Compiling module unisims_ver.LUT4
Compiling module unisims_ver.AND4
Compiling module unisims_ver.x_lut3_mux8
Compiling module unisims_ver.LUT3
Compiling module unisims_ver.AND3
Compiling module unisims_ver.AND2
Compiling module unisims_ver.VCC
Compiling module xil_defaultlib.CB4CE_MXILINX_clkcntrl4
Compiling module unisims_ver.BUF
Compiling module xil_defaultlib.clkcntrl4
Compiling module unisims_ver.STARTUPE2
Compiling module xil_defaultlib.lab7_clks
Compiling module unisims_ver.FDRE_default
Compiling module xil_defaultlib.countUD3L
Compiling module xil_defaultlib.countUD5L
Compiling module xil_defaultlib.countUD16L
Compiling module xil_defaultlib.VGA_Control
Compiling module xil_defaultlib.toppo
Compiling module xil_defaultlib.check_the_sync_signals
Compiling module xil_defaultlib.check_the_rgb_signals
Compiling module xil_defaultlib.testSyncs
Compiling module xil_defaultlib.glbl
Built simulation snapshot testSyncs_behav
INFO: [USF-XSim-69] 'elaborate' step finished in '4' seconds
Vivado Simulator 2019.1
Time resolution is 1 ps
relaunch_sim: Time (s): cpu = 00:00:03 ; elapsed = 00:00:10 . Memory (MB): peak = 906.824 ; gain = 0.000
run 200 us
relaunch_sim
INFO: [Vivado 12-5682] Launching behavioral simulation in 'C:/Users/Julian/Documents/Work/CSE 100/Lab 7/Lab 7.sim/sim_1/behav/xsim'
INFO: [SIM-utils-51] Simulation object is 'sim_1'
INFO: [SIM-utils-54] Inspecting design source files for 'testSyncs' in fileset 'sim_1'...
INFO: [USF-XSim-97] Finding global include files...
INFO: [USF-XSim-98] Fetching design files from 'sim_1'...
INFO: [USF-XSim-2] XSim::Compile design
INFO: [USF-XSim-61] Executing 'COMPILE and ANALYZE' step in 'C:/Users/Julian/Documents/Work/CSE 100/Lab 7/Lab 7.sim/sim_1/behav/xsim'
"xvlog --incr --relax -prj testSyncs_vlog.prj"
INFO: [VRFC 10-2263] Analyzing Verilog file "C:/Users/Julian/Documents/Work/CSE 100/Lab 7/Lab 7.srcs/sources_1/new/VGA_Control.v" into library xil_defaultlib
INFO: [VRFC 10-311] analyzing module VGA_Control
INFO: [VRFC 10-2263] Analyzing Verilog file "C:/Users/Julian/Documents/Work/CSE 100/Lab 4/Lab 4/Lab 4.srcs/sources_1/new/countUD16L.v" into library xil_defaultlib
INFO: [VRFC 10-311] analyzing module countUD16L
INFO: [VRFC 10-2263] Analyzing Verilog file "C:/Users/Julian/Documents/Work/CSE 100/Lab 4/Lab 4/Lab 4.srcs/sources_1/new/countUD3L.v" into library xil_defaultlib
INFO: [VRFC 10-311] analyzing module countUD3L
INFO: [VRFC 10-2263] Analyzing Verilog file "C:/Users/Julian/Documents/Work/CSE 100/Lab 4/Lab 4/Lab 4.srcs/sources_1/new/countUD5L.v" into library xil_defaultlib
INFO: [VRFC 10-311] analyzing module countUD5L
INFO: [VRFC 10-2263] Analyzing Verilog file "C:/Users/Julian/Documents/Work/CSE 100/Lab 7/lab7_clks.v" into library xil_defaultlib
INFO: [VRFC 10-311] analyzing module lab7_clks
INFO: [VRFC 10-311] analyzing module clk_wiz_0
INFO: [VRFC 10-311] analyzing module clkcntrl4
INFO: [VRFC 10-311] analyzing module FTCE_MXILINX_clkcntrl4
INFO: [VRFC 10-311] analyzing module CB4CE_MXILINX_clkcntrl4
INFO: [VRFC 10-2263] Analyzing Verilog file "C:/Users/Julian/Documents/Work/CSE 100/Lab 7/Lab 7.srcs/sources_1/new/toppo.v" into library xil_defaultlib
INFO: [VRFC 10-311] analyzing module toppo
INFO: [VRFC 10-2263] Analyzing Verilog file "C:/Users/Julian/Documents/Work/CSE 100/Lab 7/test2.v" into library xil_defaultlib
INFO: [VRFC 10-311] analyzing module testSyncs
INFO: [VRFC 10-311] analyzing module check_the_sync_signals
INFO: [VRFC 10-311] analyzing module check_the_rgb_signals
INFO: [USF-XSim-69] 'compile' step finished in '2' seconds
INFO: [Vivado 12-5682] Launching behavioral simulation in 'C:/Users/Julian/Documents/Work/CSE 100/Lab 7/Lab 7.sim/sim_1/behav/xsim'
INFO: [USF-XSim-3] XSim::Elaborate design
INFO: [USF-XSim-61] Executing 'ELABORATE' step in 'C:/Users/Julian/Documents/Work/CSE 100/Lab 7/Lab 7.sim/sim_1/behav/xsim'
"xelab -wto 5ef4be9cbd7440319a233a4a2391f005 --incr --debug typical --relax --mt 2 -L xil_defaultlib -L unisims_ver -L unimacro_ver -L secureip --snapshot testSyncs_behav xil_defaultlib.testSyncs xil_defaultlib.glbl -log elaborate.log"
Vivado Simulator 2019.1
Copyright 1986-1999, 2001-2019 Xilinx, Inc. All Rights Reserved.
Running: C:/Xilinx/Vivado/2019.1/bin/unwrapped/win64.o/xelab.exe -wto 5ef4be9cbd7440319a233a4a2391f005 --incr --debug typical --relax --mt 2 -L xil_defaultlib -L unisims_ver -L unimacro_ver -L secureip --snapshot testSyncs_behav xil_defaultlib.testSyncs xil_defaultlib.glbl -log elaborate.log 
Using 2 slave threads.
Starting static elaboration
Completed static elaboration
Starting simulation data flow analysis
Completed simulation data flow analysis
Time Resolution for simulation is 1ps
Compiling module unisims_ver.IBUF
Compiling module unisims_ver.MMCME2_ADV(CLKFBOUT_MULT_F=9.125...
Compiling module unisims_ver.BUFG
Compiling module xil_defaultlib.clk_wiz_0
Compiling module unisims_ver.x_lut2_mux4
Compiling module unisims_ver.LUT2
Compiling module unisims_ver.XOR2
Compiling module unisims_ver.FDCE_default
Compiling module xil_defaultlib.FTCE_MXILINX_clkcntrl4
Compiling module unisims_ver.LUT4
Compiling module unisims_ver.AND4
Compiling module unisims_ver.x_lut3_mux8
Compiling module unisims_ver.LUT3
Compiling module unisims_ver.AND3
Compiling module unisims_ver.AND2
Compiling module unisims_ver.VCC
Compiling module xil_defaultlib.CB4CE_MXILINX_clkcntrl4
Compiling module unisims_ver.BUF
Compiling module xil_defaultlib.clkcntrl4
Compiling module unisims_ver.STARTUPE2
Compiling module xil_defaultlib.lab7_clks
Compiling module unisims_ver.FDRE_default
Compiling module xil_defaultlib.countUD3L
Compiling module xil_defaultlib.countUD5L
Compiling module xil_defaultlib.countUD16L
Compiling module xil_defaultlib.VGA_Control
Compiling module xil_defaultlib.toppo
Compiling module xil_defaultlib.check_the_sync_signals
Compiling module xil_defaultlib.check_the_rgb_signals
Compiling module xil_defaultlib.testSyncs
Compiling module xil_defaultlib.glbl
Built simulation snapshot testSyncs_behav
INFO: [USF-XSim-69] 'elaborate' step finished in '4' seconds
Vivado Simulator 2019.1
Time resolution is 1 ps
relaunch_sim: Time (s): cpu = 00:00:03 ; elapsed = 00:00:10 . Memory (MB): peak = 906.824 ; gain = 0.000
run 200 us
relaunch_sim
INFO: [Vivado 12-5682] Launching behavioral simulation in 'C:/Users/Julian/Documents/Work/CSE 100/Lab 7/Lab 7.sim/sim_1/behav/xsim'
INFO: [SIM-utils-51] Simulation object is 'sim_1'
INFO: [SIM-utils-54] Inspecting design source files for 'testSyncs' in fileset 'sim_1'...
INFO: [USF-XSim-97] Finding global include files...
INFO: [USF-XSim-98] Fetching design files from 'sim_1'...
INFO: [USF-XSim-2] XSim::Compile design
INFO: [USF-XSim-61] Executing 'COMPILE and ANALYZE' step in 'C:/Users/Julian/Documents/Work/CSE 100/Lab 7/Lab 7.sim/sim_1/behav/xsim'
"xvlog --incr --relax -prj testSyncs_vlog.prj"
INFO: [VRFC 10-2263] Analyzing Verilog file "C:/Users/Julian/Documents/Work/CSE 100/Lab 7/Lab 7.srcs/sources_1/new/VGA_Control.v" into library xil_defaultlib
INFO: [VRFC 10-311] analyzing module VGA_Control
INFO: [VRFC 10-2263] Analyzing Verilog file "C:/Users/Julian/Documents/Work/CSE 100/Lab 4/Lab 4/Lab 4.srcs/sources_1/new/countUD16L.v" into library xil_defaultlib
INFO: [VRFC 10-311] analyzing module countUD16L
INFO: [VRFC 10-2263] Analyzing Verilog file "C:/Users/Julian/Documents/Work/CSE 100/Lab 4/Lab 4/Lab 4.srcs/sources_1/new/countUD3L.v" into library xil_defaultlib
INFO: [VRFC 10-311] analyzing module countUD3L
INFO: [VRFC 10-2263] Analyzing Verilog file "C:/Users/Julian/Documents/Work/CSE 100/Lab 4/Lab 4/Lab 4.srcs/sources_1/new/countUD5L.v" into library xil_defaultlib
INFO: [VRFC 10-311] analyzing module countUD5L
INFO: [VRFC 10-2263] Analyzing Verilog file "C:/Users/Julian/Documents/Work/CSE 100/Lab 7/lab7_clks.v" into library xil_defaultlib
INFO: [VRFC 10-311] analyzing module lab7_clks
INFO: [VRFC 10-311] analyzing module clk_wiz_0
INFO: [VRFC 10-311] analyzing module clkcntrl4
INFO: [VRFC 10-311] analyzing module FTCE_MXILINX_clkcntrl4
INFO: [VRFC 10-311] analyzing module CB4CE_MXILINX_clkcntrl4
INFO: [VRFC 10-2263] Analyzing Verilog file "C:/Users/Julian/Documents/Work/CSE 100/Lab 7/Lab 7.srcs/sources_1/new/toppo.v" into library xil_defaultlib
INFO: [VRFC 10-311] analyzing module toppo
INFO: [VRFC 10-2263] Analyzing Verilog file "C:/Users/Julian/Documents/Work/CSE 100/Lab 7/test2.v" into library xil_defaultlib
INFO: [VRFC 10-311] analyzing module testSyncs
INFO: [VRFC 10-311] analyzing module check_the_sync_signals
INFO: [VRFC 10-311] analyzing module check_the_rgb_signals
INFO: [USF-XSim-69] 'compile' step finished in '2' seconds
INFO: [Vivado 12-5682] Launching behavioral simulation in 'C:/Users/Julian/Documents/Work/CSE 100/Lab 7/Lab 7.sim/sim_1/behav/xsim'
INFO: [USF-XSim-3] XSim::Elaborate design
INFO: [USF-XSim-61] Executing 'ELABORATE' step in 'C:/Users/Julian/Documents/Work/CSE 100/Lab 7/Lab 7.sim/sim_1/behav/xsim'
"xelab -wto 5ef4be9cbd7440319a233a4a2391f005 --incr --debug typical --relax --mt 2 -L xil_defaultlib -L unisims_ver -L unimacro_ver -L secureip --snapshot testSyncs_behav xil_defaultlib.testSyncs xil_defaultlib.glbl -log elaborate.log"
Vivado Simulator 2019.1
Copyright 1986-1999, 2001-2019 Xilinx, Inc. All Rights Reserved.
Running: C:/Xilinx/Vivado/2019.1/bin/unwrapped/win64.o/xelab.exe -wto 5ef4be9cbd7440319a233a4a2391f005 --incr --debug typical --relax --mt 2 -L xil_defaultlib -L unisims_ver -L unimacro_ver -L secureip --snapshot testSyncs_behav xil_defaultlib.testSyncs xil_defaultlib.glbl -log elaborate.log 
Using 2 slave threads.
Starting static elaboration
Completed static elaboration
Starting simulation data flow analysis
Completed simulation data flow analysis
Time Resolution for simulation is 1ps
Compiling module unisims_ver.IBUF
Compiling module unisims_ver.MMCME2_ADV(CLKFBOUT_MULT_F=9.125...
Compiling module unisims_ver.BUFG
Compiling module xil_defaultlib.clk_wiz_0
Compiling module unisims_ver.x_lut2_mux4
Compiling module unisims_ver.LUT2
Compiling module unisims_ver.XOR2
Compiling module unisims_ver.FDCE_default
Compiling module xil_defaultlib.FTCE_MXILINX_clkcntrl4
Compiling module unisims_ver.LUT4
Compiling module unisims_ver.AND4
Compiling module unisims_ver.x_lut3_mux8
Compiling module unisims_ver.LUT3
Compiling module unisims_ver.AND3
Compiling module unisims_ver.AND2
Compiling module unisims_ver.VCC
Compiling module xil_defaultlib.CB4CE_MXILINX_clkcntrl4
Compiling module unisims_ver.BUF
Compiling module xil_defaultlib.clkcntrl4
Compiling module unisims_ver.STARTUPE2
Compiling module xil_defaultlib.lab7_clks
Compiling module unisims_ver.FDRE_default
Compiling module xil_defaultlib.countUD3L
Compiling module xil_defaultlib.countUD5L
Compiling module xil_defaultlib.countUD16L
Compiling module xil_defaultlib.VGA_Control
Compiling module xil_defaultlib.toppo
Compiling module xil_defaultlib.check_the_sync_signals
Compiling module xil_defaultlib.check_the_rgb_signals
Compiling module xil_defaultlib.testSyncs
Compiling module xil_defaultlib.glbl
Built simulation snapshot testSyncs_behav
INFO: [USF-XSim-69] 'elaborate' step finished in '4' seconds
Vivado Simulator 2019.1
Time resolution is 1 ps
relaunch_sim: Time (s): cpu = 00:00:02 ; elapsed = 00:00:11 . Memory (MB): peak = 907.285 ; gain = 0.000
run 200 us
