#-----------------------------------------------------------
# Vivado v2019.1 (64-bit)
# SW Build 2552052 on Fri May 24 14:49:42 MDT 2019
# IP Build 2548770 on Fri May 24 18:01:18 MDT 2019
# Start of session at: Tue Nov 26 08:38:53 2019
# Process ID: 8632
# Current directory: C:/Users/Julian/Documents/Work/CSE 100/Lab 7
# Command line: vivado.exe -gui_launcher_event rodinguilauncherevent18344 C:\Users\Julian\Documents\Work\CSE 100\Lab 7\Lab 7.xpr
# Log file: C:/Users/Julian/Documents/Work/CSE 100/Lab 7/vivado.log
# Journal file: C:/Users/Julian/Documents/Work/CSE 100/Lab 7\vivado.jou
#-----------------------------------------------------------
start_gui
open_project {C:/Users/Julian/Documents/Work/CSE 100/Lab 7/Lab 7.xpr}
INFO: [Project 1-313] Project file moved from 'D:/Users/Julian/Documents/UCSC Year THREE/CSE 100/Lab 7/Lab 7' since last save.
Scanning sources...
Finished scanning sources
INFO: [IP_Flow 19-234] Refreshing IP repositories
INFO: [IP_Flow 19-1704] No user IP repositories specified
INFO: [IP_Flow 19-2313] Loaded Vivado IP repository 'C:/Xilinx/Vivado/2019.1/data/ip'.
open_project: Time (s): cpu = 00:00:17 ; elapsed = 00:00:10 . Memory (MB): peak = 739.055 ; gain = 90.383
update_compile_order -fileset sources_1
export_ip_user_files -of_objects  [get_files {{C:/Users/Julian/Documents/Work/CSE 100/Lab 5/Lab 5/Lab 5.srcs/sources_1/new/LSFR.v}}] -no_script -reset -force -quiet
remove_files  {{C:/Users/Julian/Documents/Work/CSE 100/Lab 5/Lab 5/Lab 5.srcs/sources_1/new/LSFR.v}}
reset_run synth_1
launch_runs impl_1 -to_step write_bitstream
[Tue Nov 26 08:41:52 2019] Launched synth_1...
Run output will be captured here: C:/Users/Julian/Documents/Work/CSE 100/Lab 7/Lab 7.runs/synth_1/runme.log
[Tue Nov 26 08:41:52 2019] Launched impl_1...
Run output will be captured here: C:/Users/Julian/Documents/Work/CSE 100/Lab 7/Lab 7.runs/impl_1/runme.log
open_hw
connect_hw_server
INFO: [Labtools 27-2285] Connecting to hw_server url TCP:localhost:3121
INFO: [Labtools 27-2222] Launching hw_server...
INFO: [Labtools 27-2221] Launch Output:

****** Xilinx hw_server v2019.1
  **** Build date : May 24 2019 at 15:13:31
    ** Copyright 1986-2019 Xilinx, Inc. All Rights Reserved.


open_hw_target
INFO: [Labtoolstcl 44-466] Opening hw_target localhost:3121/xilinx_tcf/Digilent/210183A28379A
open_hw_target: Time (s): cpu = 00:00:05 ; elapsed = 00:00:06 . Memory (MB): peak = 1898.113 ; gain = 1114.500
set_property PROGRAM.FILE {C:/Users/Julian/Documents/Work/CSE 100/Lab 7/Lab 7.runs/impl_1/toppo.bit} [get_hw_devices xc7a35t_0]
current_hw_device [get_hw_devices xc7a35t_0]
refresh_hw_device -update_hw_probes false [lindex [get_hw_devices xc7a35t_0] 0]
INFO: [Labtools 27-1435] Device xc7a35t (JTAG device index = 0) is not programmed (DONE status = 0).
set_property PROBES.FILE {} [get_hw_devices xc7a35t_0]
set_property FULL_PROBES.FILE {} [get_hw_devices xc7a35t_0]
set_property PROGRAM.FILE {C:/Users/Julian/Documents/Work/CSE 100/Lab 7/Lab 7.runs/impl_1/toppo.bit} [get_hw_devices xc7a35t_0]
program_hw_devices [get_hw_devices xc7a35t_0]
INFO: [Labtools 27-3164] End of startup status: HIGH
refresh_hw_device [lindex [get_hw_devices xc7a35t_0] 0]
INFO: [Labtools 27-1434] Device xc7a35t (JTAG device index = 0) is programmed with a design that has no supported debug core(s) in it.
reset_run impl_1 -prev_step 
launch_runs impl_1 -to_step write_bitstream
WARNING: [Vivado 12-872] Run step 'Design Initialization' is out-of-date.
[Tue Nov 26 09:42:11 2019] Launched impl_1...
Run output will be captured here: C:/Users/Julian/Documents/Work/CSE 100/Lab 7/Lab 7.runs/impl_1/runme.log
reset_run impl_1 -prev_step 
reset_run synth_1
launch_runs impl_1 -to_step write_bitstream
[Tue Nov 26 09:42:57 2019] Launched synth_1...
Run output will be captured here: C:/Users/Julian/Documents/Work/CSE 100/Lab 7/Lab 7.runs/synth_1/runme.log
[Tue Nov 26 09:42:57 2019] Launched impl_1...
Run output will be captured here: C:/Users/Julian/Documents/Work/CSE 100/Lab 7/Lab 7.runs/impl_1/runme.log
set_property PROBES.FILE {} [get_hw_devices xc7a35t_0]
set_property FULL_PROBES.FILE {} [get_hw_devices xc7a35t_0]
set_property PROGRAM.FILE {C:/Users/Julian/Documents/Work/CSE 100/Lab 7/Lab 7.runs/impl_1/toppo.bit} [get_hw_devices xc7a35t_0]
program_hw_devices [get_hw_devices xc7a35t_0]
INFO: [Labtools 27-3164] End of startup status: HIGH
refresh_hw_device [lindex [get_hw_devices xc7a35t_0] 0]
INFO: [Labtools 27-1434] Device xc7a35t (JTAG device index = 0) is programmed with a design that has no supported debug core(s) in it.
reset_run synth_1
launch_runs impl_1 -to_step write_bitstream
[Tue Nov 26 09:54:19 2019] Launched synth_1...
Run output will be captured here: C:/Users/Julian/Documents/Work/CSE 100/Lab 7/Lab 7.runs/synth_1/runme.log
[Tue Nov 26 09:54:19 2019] Launched impl_1...
Run output will be captured here: C:/Users/Julian/Documents/Work/CSE 100/Lab 7/Lab 7.runs/impl_1/runme.log
set_property PROBES.FILE {} [get_hw_devices xc7a35t_0]
set_property FULL_PROBES.FILE {} [get_hw_devices xc7a35t_0]
set_property PROGRAM.FILE {C:/Users/Julian/Documents/Work/CSE 100/Lab 7/Lab 7.runs/impl_1/toppo.bit} [get_hw_devices xc7a35t_0]
program_hw_devices [get_hw_devices xc7a35t_0]
INFO: [Labtools 27-3164] End of startup status: HIGH
refresh_hw_device [lindex [get_hw_devices xc7a35t_0] 0]
INFO: [Labtools 27-1434] Device xc7a35t (JTAG device index = 0) is programmed with a design that has no supported debug core(s) in it.
reset_run synth_1
launch_runs impl_1 -to_step write_bitstream
[Tue Nov 26 10:19:35 2019] Launched synth_1...
Run output will be captured here: C:/Users/Julian/Documents/Work/CSE 100/Lab 7/Lab 7.runs/synth_1/runme.log
[Tue Nov 26 10:19:35 2019] Launched impl_1...
Run output will be captured here: C:/Users/Julian/Documents/Work/CSE 100/Lab 7/Lab 7.runs/impl_1/runme.log
set_property PROBES.FILE {} [get_hw_devices xc7a35t_0]
set_property FULL_PROBES.FILE {} [get_hw_devices xc7a35t_0]
set_property PROGRAM.FILE {C:/Users/Julian/Documents/Work/CSE 100/Lab 7/Lab 7.runs/impl_1/toppo.bit} [get_hw_devices xc7a35t_0]
program_hw_devices [get_hw_devices xc7a35t_0]
INFO: [Labtools 27-3164] End of startup status: HIGH
refresh_hw_device [lindex [get_hw_devices xc7a35t_0] 0]
INFO: [Labtools 27-1434] Device xc7a35t (JTAG device index = 0) is programmed with a design that has no supported debug core(s) in it.
reset_run synth_1
launch_runs impl_1 -to_step write_bitstream
[Tue Nov 26 10:29:18 2019] Launched synth_1...
Run output will be captured here: C:/Users/Julian/Documents/Work/CSE 100/Lab 7/Lab 7.runs/synth_1/runme.log
[Tue Nov 26 10:29:18 2019] Launched impl_1...
Run output will be captured here: C:/Users/Julian/Documents/Work/CSE 100/Lab 7/Lab 7.runs/impl_1/runme.log
set_property PROBES.FILE {} [get_hw_devices xc7a35t_0]
set_property FULL_PROBES.FILE {} [get_hw_devices xc7a35t_0]
set_property PROGRAM.FILE {C:/Users/Julian/Documents/Work/CSE 100/Lab 7/Lab 7.runs/impl_1/toppo.bit} [get_hw_devices xc7a35t_0]
program_hw_devices [get_hw_devices xc7a35t_0]
INFO: [Labtools 27-3164] End of startup status: HIGH
refresh_hw_device [lindex [get_hw_devices xc7a35t_0] 0]
INFO: [Labtools 27-1434] Device xc7a35t (JTAG device index = 0) is programmed with a design that has no supported debug core(s) in it.
reset_run synth_1
launch_runs impl_1 -to_step write_bitstream
[Tue Nov 26 10:33:52 2019] Launched synth_1...
Run output will be captured here: C:/Users/Julian/Documents/Work/CSE 100/Lab 7/Lab 7.runs/synth_1/runme.log
[Tue Nov 26 10:33:52 2019] Launched impl_1...
Run output will be captured here: C:/Users/Julian/Documents/Work/CSE 100/Lab 7/Lab 7.runs/impl_1/runme.log
set_property PROBES.FILE {} [get_hw_devices xc7a35t_0]
set_property FULL_PROBES.FILE {} [get_hw_devices xc7a35t_0]
set_property PROGRAM.FILE {C:/Users/Julian/Documents/Work/CSE 100/Lab 7/Lab 7.runs/impl_1/toppo.bit} [get_hw_devices xc7a35t_0]
program_hw_devices [get_hw_devices xc7a35t_0]
INFO: [Labtools 27-3164] End of startup status: HIGH
refresh_hw_device [lindex [get_hw_devices xc7a35t_0] 0]
INFO: [Labtools 27-1434] Device xc7a35t (JTAG device index = 0) is programmed with a design that has no supported debug core(s) in it.
set_property PROBES.FILE {} [get_hw_devices xc7a35t_0]
set_property FULL_PROBES.FILE {} [get_hw_devices xc7a35t_0]
set_property PROGRAM.FILE {C:/Users/Julian/Documents/Work/CSE 100/Lab 7/Lab 7.runs/impl_1/toppo.bit} [get_hw_devices xc7a35t_0]
program_hw_devices [get_hw_devices xc7a35t_0]
INFO: [Labtools 27-3164] End of startup status: HIGH
refresh_hw_device [lindex [get_hw_devices xc7a35t_0] 0]
INFO: [Labtools 27-1434] Device xc7a35t (JTAG device index = 0) is programmed with a design that has no supported debug core(s) in it.
ERROR: [Labtoolstcl 44-513] HW Target shutdown. Closing target: localhost:3121/xilinx_tcf/Digilent/210183A28379A
INFO: [Labtoolstcl 44-466] Opening hw_target localhost:3121/xilinx_tcf/Digilent/210183A28379A
INFO: [Labtools 27-1435] Device xc7a35t (JTAG device index = 0) is not programmed (DONE status = 0).
WARNING: [Labtoolstcl 44-129] No matching hw_ila_data was found.
set_property PROBES.FILE {} [get_hw_devices xc7a35t_0]
set_property FULL_PROBES.FILE {} [get_hw_devices xc7a35t_0]
set_property PROGRAM.FILE {C:/Users/Julian/Documents/Work/CSE 100/Lab 7/Lab 7.runs/impl_1/toppo.bit} [get_hw_devices xc7a35t_0]
program_hw_devices [get_hw_devices xc7a35t_0]
INFO: [Labtools 27-3164] End of startup status: HIGH
refresh_hw_device [lindex [get_hw_devices xc7a35t_0] 0]
INFO: [Labtools 27-1434] Device xc7a35t (JTAG device index = 0) is programmed with a design that has no supported debug core(s) in it.
set_property PROBES.FILE {} [get_hw_devices xc7a35t_0]
set_property FULL_PROBES.FILE {} [get_hw_devices xc7a35t_0]
set_property PROGRAM.FILE {C:/Users/Julian/Documents/Work/CSE 100/Lab 7/Lab 7.runs/impl_1/toppo.bit} [get_hw_devices xc7a35t_0]
program_hw_devices [get_hw_devices xc7a35t_0]
INFO: [Labtools 27-3164] End of startup status: HIGH
refresh_hw_device [lindex [get_hw_devices xc7a35t_0] 0]
INFO: [Labtools 27-1434] Device xc7a35t (JTAG device index = 0) is programmed with a design that has no supported debug core(s) in it.
ERROR: [Labtoolstcl 44-513] HW Target shutdown. Closing target: localhost:3121/xilinx_tcf/Digilent/210183A28379A
disconnect_hw_server localhost:3121
connect_hw_server
INFO: [Labtools 27-2285] Connecting to hw_server url TCP:localhost:3121
ERROR: [Labtoolstcl 44-494] There is no active target available for server at localhost.
 Targets(s) ", jsn-Basys3-210183A28379A" may be locked by another hw_server.
disconnect_hw_server localhost:3121
connect_hw_server
INFO: [Labtools 27-2285] Connecting to hw_server url TCP:localhost:3121
open_hw_target
INFO: [Labtoolstcl 44-466] Opening hw_target localhost:3121/xilinx_tcf/Digilent/210183A28373A
set_property PROGRAM.FILE {C:/Users/Julian/Documents/Work/CSE 100/Lab 7/Lab 7.runs/impl_1/toppo.bit} [get_hw_devices xc7a35t_0]
current_hw_device [get_hw_devices xc7a35t_0]
refresh_hw_device -update_hw_probes false [lindex [get_hw_devices xc7a35t_0] 0]
INFO: [Labtools 27-1435] Device xc7a35t (JTAG device index = 0) is not programmed (DONE status = 0).
set_property PROBES.FILE {} [get_hw_devices xc7a35t_0]
set_property FULL_PROBES.FILE {} [get_hw_devices xc7a35t_0]
set_property PROGRAM.FILE {C:/Users/Julian/Documents/Work/CSE 100/Lab 7/Lab 7.runs/impl_1/toppo.bit} [get_hw_devices xc7a35t_0]
program_hw_devices [get_hw_devices xc7a35t_0]
INFO: [Labtools 27-3164] End of startup status: HIGH
refresh_hw_device [lindex [get_hw_devices xc7a35t_0] 0]
INFO: [Labtools 27-1434] Device xc7a35t (JTAG device index = 0) is programmed with a design that has no supported debug core(s) in it.
archive_project {C:/Users/Julian/Documents/Work/CSE 100/Lab 7.xpr.zip} -temp_dir {C:/Users/Julian/Documents/Work/CSE 100/Lab 7/.Xil/Vivado-8632-JULIAN-SURFACE} -force -include_local_ip_cache -include_config_settings
INFO: [Coretcl 2-137] starting archive...
INFO: [Coretcl 2-1499] Saving project copy to temporary location 'C:/Users/Julian/Documents/Work/CSE 100/Lab 7/.Xil/Vivado-8632-JULIAN-SURFACE' for archiving project
Scanning sources...
Finished scanning sources
INFO: [Coretcl 2-1211] Creating project copy for archival...
INFO: [ProjectBase 1-495] The host OS only allows 260 characters in a normal path. The project is stored in a path with more than 80 characters. If you experience any problem with archiving the project, please consider setting environment variable $TEMP to a shorter path.
Current project path is 'C:/Users/Julian/Documents/Work/CSE 100/Lab 7/.Xil/Vivado-8632-JULIAN-SURFACE/PrjAr/_X_'.
INFO: [Coretcl 2-1213] Including run results for 'synth_1'
INFO: [Coretcl 2-1213] Including run results for 'impl_1'
INFO: [Coretcl 2-1212] Importing remotely added design sources and verilog include files (if any)...
INFO: [filemgmt 20-348] Importing the appropriate files for fileset: 'constrs_1'
INFO: [filemgmt 20-348] Importing the appropriate files for fileset: 'sim_1'
INFO: [filemgmt 20-348] Importing the appropriate files for fileset: 'sources_1'
INFO: [Coretcl 2-1209] Adding archive summary file to the project...
INFO: [Coretcl 2-1214] Preparing project files for archive...
INFO: [Coretcl 2-1210] Compressing project files and data...
INFO: [Coretcl 2-1215] Project archived (C:/Users/Julian/Documents/Work/CSE 100/Lab 7.xpr.zip)
INFO: [Coretcl 2-1216] To view the archive summary log in GUI, double click on 'Design Sources->Text->archive_project_summary.txt', or open this file from the archived project directory.
archive_project: Time (s): cpu = 00:00:04 ; elapsed = 00:00:09 . Memory (MB): peak = 1970.004 ; gain = 0.969
ERROR: [Labtoolstcl 44-513] HW Target shutdown. Closing target: localhost:3121/xilinx_tcf/Digilent/210183A28373A
