#-----------------------------------------------------------
# Vivado v2019.1 (64-bit)
# SW Build 2552052 on Fri May 24 14:49:42 MDT 2019
# IP Build 2548770 on Fri May 24 18:01:18 MDT 2019
# Start of session at: Mon Nov 25 23:12:12 2019
# Process ID: 3536
# Current directory: D:/Users/Julian/Documents/UCSC Year THREE/CSE 100/Lab 7/Lab 7
# Command line: vivado.exe -gui_launcher_event rodinguilauncherevent32940 D:\Users\Julian\Documents\UCSC Year THREE\CSE 100\Lab 7\Lab 7\Lab 7.xpr
# Log file: D:/Users/Julian/Documents/UCSC Year THREE/CSE 100/Lab 7/Lab 7/vivado.log
# Journal file: D:/Users/Julian/Documents/UCSC Year THREE/CSE 100/Lab 7/Lab 7\vivado.jou
#-----------------------------------------------------------
start_gui
open_project {D:/Users/Julian/Documents/UCSC Year THREE/CSE 100/Lab 7/Lab 7/Lab 7.xpr}
INFO: [Project 1-313] Project file moved from 'C:/Users/Julian/Documents/Work/CSE 100/Lab 7' since last save.
CRITICAL WARNING: [Project 1-311] Could not find the file 'D:/Users/Julian/Documents/UCSC Year THREE/CSE 100/Lab 7/Lab 5/Lab 5/Lab 5.srcs/sources_1/new/LFSR.v', nor could it be found using path 'C:/Users/Julian/Documents/Work/CSE 100/Lab 5/Lab 5/Lab 5.srcs/sources_1/new/LFSR.v'.
CRITICAL WARNING: [Project 1-311] Could not find the file 'D:/Users/Julian/Documents/UCSC Year THREE/CSE 100/Lab 7/Lab 3/Lab 3/Lab 3.srcs/sources_1/new/m2_1x8.v', nor could it be found using path 'C:/Users/Julian/Documents/Work/CSE 100/Lab 3/Lab 3/Lab 3.srcs/sources_1/new/m2_1x8.v'.
CRITICAL WARNING: [Project 1-311] Could not find the file 'D:/Users/Julian/Documents/UCSC Year THREE/CSE 100/Lab 7/Lab 3/Lab 3/Lab 3.srcs/sources_1/new/m8_1e.v', nor could it be found using path 'C:/Users/Julian/Documents/Work/CSE 100/Lab 3/Lab 3/Lab 3.srcs/sources_1/new/m8_1e.v'.
CRITICAL WARNING: [Project 1-311] Could not find the file 'D:/Users/Julian/Documents/UCSC Year THREE/CSE 100/Lab 7/Lab 3/Lab 3/Lab 3.srcs/sources_1/new/sevenSeg.v', nor could it be found using path 'C:/Users/Julian/Documents/Work/CSE 100/Lab 3/Lab 3/Lab 3.srcs/sources_1/new/sevenSeg.v'.
CRITICAL WARNING: [Project 1-311] Could not find the file 'D:/Users/Julian/Documents/UCSC Year THREE/CSE 100/Lab 7/Lab 5/Lab 5/Lab 5.srcs/sources_1/new/synchronizer.v', nor could it be found using path 'C:/Users/Julian/Documents/Work/CSE 100/Lab 5/Lab 5/Lab 5.srcs/sources_1/new/synchronizer.v'.
CRITICAL WARNING: [Project 1-311] Could not find the file 'D:/Users/Julian/Documents/UCSC Year THREE/CSE 100/Lab 7/Lab 5/Lab 5/Lab 5.srcs/sources_1/new/LSFR.v', nor could it be found using path 'C:/Users/Julian/Documents/Work/CSE 100/Lab 5/Lab 5/Lab 5.srcs/sources_1/new/LSFR.v'.
Scanning sources...
Finished scanning sources
INFO: [IP_Flow 19-234] Refreshing IP repositories
INFO: [IP_Flow 19-1704] No user IP repositories specified
INFO: [IP_Flow 19-2313] Loaded Vivado IP repository 'D:/Xilinx/Vivado/2019.1/data/ip'.
open_project: Time (s): cpu = 00:00:19 ; elapsed = 00:00:30 . Memory (MB): peak = 699.055 ; gain = 106.301
update_compile_order -fileset sources_1
