#-----------------------------------------------------------
# Vivado v2019.1 (64-bit)
# SW Build 2552052 on Fri May 24 14:49:42 MDT 2019
# IP Build 2548770 on Fri May 24 18:01:18 MDT 2019
# Start of session at: Fri Oct 11 06:44:41 2019
# Process ID: 18396
# Current directory: C:/Users/Julian/Documents/Work/CSE 100/Lab 2/Lab2
# Command line: vivado.exe -gui_launcher_event rodinguilauncherevent5896 C:\Users\Julian\Documents\Work\CSE 100\Lab 2\Lab2\Lab2.xpr
# Log file: C:/Users/Julian/Documents/Work/CSE 100/Lab 2/Lab2/vivado.log
# Journal file: C:/Users/Julian/Documents/Work/CSE 100/Lab 2/Lab2\vivado.jou
#-----------------------------------------------------------
start_gui
open_project {C:/Users/Julian/Documents/Work/CSE 100/Lab 2/Lab2/Lab2.xpr}
Scanning sources...
Finished scanning sources
INFO: [IP_Flow 19-234] Refreshing IP repositories
INFO: [IP_Flow 19-1704] No user IP repositories specified
INFO: [IP_Flow 19-2313] Loaded Vivado IP repository 'C:/Xilinx/Vivado/2019.1/data/ip'.
open_project: Time (s): cpu = 00:00:17 ; elapsed = 00:00:09 . Memory (MB): peak = 724.914 ; gain = 120.750
update_compile_order -fileset sources_1
archive_project {C:/Users/Julian/Documents/Work/CSE 100/Lab 2/Lab2.xpr.zip} -temp_dir {C:/Users/Julian/Documents/Work/CSE 100/Lab 2/Lab2/.Xil/Vivado-18396-JULIAN-SURFACE} -force -include_local_ip_cache
INFO: [Coretcl 2-137] starting archive...
INFO: [Coretcl 2-1499] Saving project copy to temporary location 'C:/Users/Julian/Documents/Work/CSE 100/Lab 2/Lab2/.Xil/Vivado-18396-JULIAN-SURFACE' for archiving project
Scanning sources...
Finished scanning sources
INFO: [Coretcl 2-1211] Creating project copy for archival...
INFO: [ProjectBase 1-495] The host OS only allows 260 characters in a normal path. The project is stored in a path with more than 80 characters. If you experience any problem with archiving the project, please consider setting environment variable $TEMP to a shorter path.
Current project path is 'C:/Users/Julian/Documents/Work/CSE 100/Lab 2/Lab2/.Xil/Vivado-18396-JULIAN-SURFACE/PrjAr/_X_'.
INFO: [Coretcl 2-1213] Including run results for 'synth_1'
INFO: [Coretcl 2-1213] Including run results for 'impl_1'
INFO: [Coretcl 2-1212] Importing remotely added design sources and verilog include files (if any)...
INFO: [filemgmt 20-348] Importing the appropriate files for fileset: 'constrs_1'
INFO: [filemgmt 20-348] Importing the appropriate files for fileset: 'sim_1'
INFO: [filemgmt 20-334] All file(s) are already imported in fileset: 'sources_1'
INFO: [filemgmt 20-348] Importing the appropriate files for fileset: 'sources_1'
INFO: [Coretcl 2-1209] Adding archive summary file to the project...
INFO: [Coretcl 2-1214] Preparing project files for archive...
INFO: [Coretcl 2-1210] Compressing project files and data...
INFO: [Coretcl 2-1215] Project archived (C:/Users/Julian/Documents/Work/CSE 100/Lab 2/Lab2.xpr.zip)
INFO: [Coretcl 2-1216] To view the archive summary log in GUI, double click on 'Design Sources->Text->archive_project_summary.txt', or open this file from the archived project directory.
archive_project: Time (s): cpu = 00:00:05 ; elapsed = 00:00:11 . Memory (MB): peak = 751.250 ; gain = 6.449
exit
INFO: [Common 17-206] Exiting Vivado at Fri Oct 11 08:45:24 2019...
