#-----------------------------------------------------------
# Vivado v2019.1 (64-bit)
# SW Build 2552052 on Fri May 24 14:49:42 MDT 2019
# IP Build 2548770 on Fri May 24 18:01:18 MDT 2019
# Start of session at: Thu Oct 31 12:03:48 2019
# Process ID: 25084
# Current directory: C:/Users/Julian/Documents/Work/CSE 100/Lab 4/Lab 4
# Command line: vivado.exe -gui_launcher_event rodinguilauncherevent23980 C:\Users\Julian\Documents\Work\CSE 100\Lab 4\Lab 4\Lab 4.xpr
# Log file: C:/Users/Julian/Documents/Work/CSE 100/Lab 4/Lab 4/vivado.log
# Journal file: C:/Users/Julian/Documents/Work/CSE 100/Lab 4/Lab 4\vivado.jou
#-----------------------------------------------------------
start_gui
open_project {C:/Users/Julian/Documents/Work/CSE 100/Lab 4/Lab 4/Lab 4.xpr}
Scanning sources...
Finished scanning sources
INFO: [IP_Flow 19-234] Refreshing IP repositories
INFO: [IP_Flow 19-1704] No user IP repositories specified
INFO: [IP_Flow 19-2313] Loaded Vivado IP repository 'C:/Xilinx/Vivado/2019.1/data/ip'.
open_project: Time (s): cpu = 00:00:22 ; elapsed = 00:00:10 . Memory (MB): peak = 729.875 ; gain = 97.621
update_compile_order -fileset sources_1
set_property top mainTest [get_filesets sim_1]
set_property top_lib xil_defaultlib [get_filesets sim_1]
update_compile_order -fileset sim_1
launch_simulation
INFO: [Vivado 12-5682] Launching behavioral simulation in 'C:/Users/Julian/Documents/Work/CSE 100/Lab 4/Lab 4/Lab 4.sim/sim_1/behav/xsim'
INFO: [SIM-utils-51] Simulation object is 'sim_1'
INFO: [SIM-utils-54] Inspecting design source files for 'mainTest' in fileset 'sim_1'...
INFO: [USF-XSim-97] Finding global include files...
INFO: [USF-XSim-98] Fetching design files from 'sim_1'...
INFO: [USF-XSim-2] XSim::Compile design
INFO: [USF-XSim-61] Executing 'COMPILE and ANALYZE' step in 'C:/Users/Julian/Documents/Work/CSE 100/Lab 4/Lab 4/Lab 4.sim/sim_1/behav/xsim'
"xvlog --incr --relax -prj mainTest_vlog.prj"
INFO: [USF-XSim-69] 'compile' step finished in '2' seconds
INFO: [USF-XSim-3] XSim::Elaborate design
INFO: [USF-XSim-61] Executing 'ELABORATE' step in 'C:/Users/Julian/Documents/Work/CSE 100/Lab 4/Lab 4/Lab 4.sim/sim_1/behav/xsim'
"xelab -wto d0b14c55630a441683fec08c734dd4d6 --incr --debug typical --relax --mt 2 -L xil_defaultlib -L unisims_ver -L unimacro_ver -L secureip --snapshot mainTest_behav xil_defaultlib.mainTest xil_defaultlib.glbl -log elaborate.log"
Vivado Simulator 2019.1
Copyright 1986-1999, 2001-2019 Xilinx, Inc. All Rights Reserved.
Running: C:/Xilinx/Vivado/2019.1/bin/unwrapped/win64.o/xelab.exe -wto d0b14c55630a441683fec08c734dd4d6 --incr --debug typical --relax --mt 2 -L xil_defaultlib -L unisims_ver -L unimacro_ver -L secureip --snapshot mainTest_behav xil_defaultlib.mainTest xil_defaultlib.glbl -log elaborate.log 
Using 2 slave threads.
Starting static elaboration
Completed static elaboration
INFO: [XSIM 43-4323] No Change in HDL. Linking previously generated obj files to create kernel
INFO: [USF-XSim-69] 'elaborate' step finished in '3' seconds
INFO: [USF-XSim-4] XSim::Simulate design
INFO: [USF-XSim-61] Executing 'SIMULATE' step in 'C:/Users/Julian/Documents/Work/CSE 100/Lab 4/Lab 4/Lab 4.sim/sim_1/behav/xsim'
INFO: [USF-XSim-98] *** Running xsim
   with args "mainTest_behav -key {Behavioral:sim_1:Functional:mainTest} -tclbatch {mainTest.tcl} -log {simulate.log}"
INFO: [USF-XSim-8] Loading simulator feature
Vivado Simulator 2019.1
Time resolution is 1 ps
source mainTest.tcl
# set curr_wave [current_wave_config]
# if { [string length $curr_wave] == 0 } {
#   if { [llength [get_objects]] > 0} {
#     add_wave /
#     set_property needs_save false [current_wave_config]
#   } else {
#      send_msg_id Add_Wave-1 WARNING "No top level signals found. Simulator will start without a wave window. If you want to open a wave window go to 'File->New Waveform Configuration' or type 'create_wave_config' in the TCL console."
#   }
# }
# run 1000ns
xsim: Time (s): cpu = 00:00:11 ; elapsed = 00:00:05 . Memory (MB): peak = 796.480 ; gain = 3.512
INFO: [USF-XSim-96] XSim completed. Design snapshot 'mainTest_behav' loaded.
INFO: [USF-XSim-97] XSim simulation ran for 1000ns
launch_simulation: Time (s): cpu = 00:00:14 ; elapsed = 00:00:11 . Memory (MB): peak = 796.480 ; gain = 3.512
run 1 us
run 1 us
run 1 us
relaunch_sim
INFO: [Vivado 12-5682] Launching behavioral simulation in 'C:/Users/Julian/Documents/Work/CSE 100/Lab 4/Lab 4/Lab 4.sim/sim_1/behav/xsim'
INFO: [SIM-utils-51] Simulation object is 'sim_1'
INFO: [SIM-utils-54] Inspecting design source files for 'mainTest' in fileset 'sim_1'...
INFO: [USF-XSim-97] Finding global include files...
INFO: [USF-XSim-98] Fetching design files from 'sim_1'...
INFO: [USF-XSim-2] XSim::Compile design
INFO: [USF-XSim-61] Executing 'COMPILE and ANALYZE' step in 'C:/Users/Julian/Documents/Work/CSE 100/Lab 4/Lab 4/Lab 4.sim/sim_1/behav/xsim'
"xvlog --incr --relax -prj mainTest_vlog.prj"
INFO: [USF-XSim-69] 'compile' step finished in '2' seconds
INFO: [Vivado 12-5682] Launching behavioral simulation in 'C:/Users/Julian/Documents/Work/CSE 100/Lab 4/Lab 4/Lab 4.sim/sim_1/behav/xsim'
INFO: [USF-XSim-3] XSim::Elaborate design
INFO: [USF-XSim-61] Executing 'ELABORATE' step in 'C:/Users/Julian/Documents/Work/CSE 100/Lab 4/Lab 4/Lab 4.sim/sim_1/behav/xsim'
"xelab -wto d0b14c55630a441683fec08c734dd4d6 --incr --debug typical --relax --mt 2 -L xil_defaultlib -L unisims_ver -L unimacro_ver -L secureip --snapshot mainTest_behav xil_defaultlib.mainTest xil_defaultlib.glbl -log elaborate.log"
Vivado Simulator 2019.1
Copyright 1986-1999, 2001-2019 Xilinx, Inc. All Rights Reserved.
Running: C:/Xilinx/Vivado/2019.1/bin/unwrapped/win64.o/xelab.exe -wto d0b14c55630a441683fec08c734dd4d6 --incr --debug typical --relax --mt 2 -L xil_defaultlib -L unisims_ver -L unimacro_ver -L secureip --snapshot mainTest_behav xil_defaultlib.mainTest xil_defaultlib.glbl -log elaborate.log 
Using 2 slave threads.
Starting static elaboration
Completed static elaboration
INFO: [XSIM 43-4323] No Change in HDL. Linking previously generated obj files to create kernel
INFO: [USF-XSim-69] 'elaborate' step finished in '1' seconds
Vivado Simulator 2019.1
Time resolution is 1 ps
relaunch_sim: Time (s): cpu = 00:00:04 ; elapsed = 00:00:08 . Memory (MB): peak = 814.332 ; gain = 0.000
run 1 us
run 1 us
run 1 us
relaunch_sim
INFO: [Vivado 12-5682] Launching behavioral simulation in 'C:/Users/Julian/Documents/Work/CSE 100/Lab 4/Lab 4/Lab 4.sim/sim_1/behav/xsim'
INFO: [SIM-utils-51] Simulation object is 'sim_1'
INFO: [SIM-utils-54] Inspecting design source files for 'mainTest' in fileset 'sim_1'...
INFO: [USF-XSim-97] Finding global include files...
INFO: [USF-XSim-98] Fetching design files from 'sim_1'...
INFO: [USF-XSim-2] XSim::Compile design
INFO: [USF-XSim-61] Executing 'COMPILE and ANALYZE' step in 'C:/Users/Julian/Documents/Work/CSE 100/Lab 4/Lab 4/Lab 4.sim/sim_1/behav/xsim'
"xvlog --incr --relax -prj mainTest_vlog.prj"
INFO: [VRFC 10-2263] Analyzing Verilog file "C:/Users/Julian/Documents/Work/CSE 100/Lab 4/Lab 4/Lab 4.srcs/sources_1/new/countUD16L.v" into library xil_defaultlib
INFO: [VRFC 10-311] analyzing module countUD16L
INFO: [VRFC 10-2263] Analyzing Verilog file "C:/Users/Julian/Documents/Work/CSE 100/Lab 4/Lab 4/Lab 4.srcs/sources_1/new/countUD3L.v" into library xil_defaultlib
INFO: [VRFC 10-311] analyzing module countUD3L
INFO: [VRFC 10-2263] Analyzing Verilog file "C:/Users/Julian/Documents/Work/CSE 100/Lab 4/Lab 4/Lab 4.srcs/sources_1/new/countUD5L.v" into library xil_defaultlib
INFO: [VRFC 10-311] analyzing module countUD5L
INFO: [VRFC 10-2263] Analyzing Verilog file "C:/Users/Julian/Documents/Work/CSE 100/Lab 4/Lab 4/Lab 4.srcs/sources_1/new/edgeDetector.v" into library xil_defaultlib
INFO: [VRFC 10-311] analyzing module edgeDetector
INFO: [VRFC 10-2263] Analyzing Verilog file "C:/Users/Julian/Documents/Work/CSE 100/Lab 4/Lab 4/Lab 4.srcs/sources_1/new/lab4_clks.v" into library xil_defaultlib
INFO: [VRFC 10-311] analyzing module lab4_clks
INFO: [VRFC 10-311] analyzing module clk_wiz_0
INFO: [VRFC 10-311] analyzing module clkcntrl4
INFO: [VRFC 10-311] analyzing module FTCE_MXILINX_clkcntrl4
INFO: [VRFC 10-311] analyzing module CB4CE_MXILINX_clkcntrl4
INFO: [VRFC 10-2263] Analyzing Verilog file "C:/Users/Julian/Documents/Work/CSE 100/Lab 3/Lab 3/Lab 3.srcs/sources_1/new/m8_1e.v" into library xil_defaultlib
INFO: [VRFC 10-311] analyzing module m8_1e
INFO: [VRFC 10-2263] Analyzing Verilog file "C:/Users/Julian/Documents/Work/CSE 100/Lab 4/Lab 4/Lab 4.srcs/sources_1/new/ringCount.v" into library xil_defaultlib
INFO: [VRFC 10-311] analyzing module ringCounter
INFO: [VRFC 10-2263] Analyzing Verilog file "C:/Users/Julian/Documents/Work/CSE 100/Lab 4/Lab 4/Lab 4.srcs/sources_1/new/selector.v" into library xil_defaultlib
INFO: [VRFC 10-311] analyzing module selector
INFO: [VRFC 10-2263] Analyzing Verilog file "C:/Users/Julian/Documents/Work/CSE 100/Lab 3/Lab 3/Lab 3.srcs/sources_1/new/sevenSeg.v" into library xil_defaultlib
INFO: [VRFC 10-311] analyzing module sevenSeg
INFO: [VRFC 10-2263] Analyzing Verilog file "C:/Users/Julian/Documents/Work/CSE 100/Lab 4/Lab 4/Lab 4.srcs/sources_1/new/toppo.v" into library xil_defaultlib
INFO: [VRFC 10-311] analyzing module toppo
INFO: [VRFC 10-2263] Analyzing Verilog file "C:/Users/Julian/Documents/Work/CSE 100/Lab 4/Lab 4/Lab 4.srcs/sim_1/new/mainTest.v" into library xil_defaultlib
INFO: [VRFC 10-311] analyzing module mainTest
INFO: [USF-XSim-69] 'compile' step finished in '2' seconds
INFO: [Vivado 12-5682] Launching behavioral simulation in 'C:/Users/Julian/Documents/Work/CSE 100/Lab 4/Lab 4/Lab 4.sim/sim_1/behav/xsim'
INFO: [USF-XSim-3] XSim::Elaborate design
INFO: [USF-XSim-61] Executing 'ELABORATE' step in 'C:/Users/Julian/Documents/Work/CSE 100/Lab 4/Lab 4/Lab 4.sim/sim_1/behav/xsim'
"xelab -wto d0b14c55630a441683fec08c734dd4d6 --incr --debug typical --relax --mt 2 -L xil_defaultlib -L unisims_ver -L unimacro_ver -L secureip --snapshot mainTest_behav xil_defaultlib.mainTest xil_defaultlib.glbl -log elaborate.log"
Vivado Simulator 2019.1
Copyright 1986-1999, 2001-2019 Xilinx, Inc. All Rights Reserved.
Running: C:/Xilinx/Vivado/2019.1/bin/unwrapped/win64.o/xelab.exe -wto d0b14c55630a441683fec08c734dd4d6 --incr --debug typical --relax --mt 2 -L xil_defaultlib -L unisims_ver -L unimacro_ver -L secureip --snapshot mainTest_behav xil_defaultlib.mainTest xil_defaultlib.glbl -log elaborate.log 
Using 2 slave threads.
Starting static elaboration
Completed static elaboration
Starting simulation data flow analysis
Completed simulation data flow analysis
Time Resolution for simulation is 1ps
Compiling module unisims_ver.IBUF
Compiling module unisims_ver.MMCME2_ADV(CLKFBOUT_MULT_F=9.125...
Compiling module unisims_ver.BUFG
Compiling module xil_defaultlib.clk_wiz_0
Compiling module unisims_ver.GND
Compiling module unisims_ver.x_lut2_mux4
Compiling module unisims_ver.LUT2
Compiling module unisims_ver.XOR2
Compiling module unisims_ver.FDCE_default
Compiling module xil_defaultlib.FTCE_MXILINX_clkcntrl4
Compiling module unisims_ver.LUT4
Compiling module unisims_ver.AND4
Compiling module unisims_ver.x_lut3_mux8
Compiling module unisims_ver.LUT3
Compiling module unisims_ver.AND3
Compiling module unisims_ver.AND2
Compiling module unisims_ver.VCC
Compiling module xil_defaultlib.CB4CE_MXILINX_clkcntrl4
Compiling module unisims_ver.BUF
Compiling module xil_defaultlib.clkcntrl4
Compiling module unisims_ver.STARTUPE2
Compiling module xil_defaultlib.lab4_clks
Compiling module unisims_ver.FDRE_default
Compiling module xil_defaultlib.edgeDetector
Compiling module xil_defaultlib.countUD3L
Compiling module xil_defaultlib.countUD5L
Compiling module xil_defaultlib.countUD16L
Compiling module unisims_ver.FDRE(INIT=1'b1)
Compiling module xil_defaultlib.ringCounter
Compiling module xil_defaultlib.selector
Compiling module xil_defaultlib.m8_1e
Compiling module xil_defaultlib.sevenSeg
Compiling module xil_defaultlib.toppo
Compiling module xil_defaultlib.mainTest
Compiling module xil_defaultlib.glbl
Built simulation snapshot mainTest_behav
run_program: Time (s): cpu = 00:00:00 ; elapsed = 00:00:07 . Memory (MB): peak = 1503.148 ; gain = 0.000
INFO: [USF-XSim-69] 'elaborate' step finished in '6' seconds
launch_simulation: Time (s): cpu = 00:00:00 ; elapsed = 00:00:07 . Memory (MB): peak = 1503.148 ; gain = 0.000
Vivado Simulator 2019.1
Time resolution is 1 ps
relaunch_sim: Time (s): cpu = 00:00:03 ; elapsed = 00:00:13 . Memory (MB): peak = 1503.148 ; gain = 0.000
run 1 us
run 1 us
run 1 us
relaunch_sim
INFO: [Vivado 12-5682] Launching behavioral simulation in 'C:/Users/Julian/Documents/Work/CSE 100/Lab 4/Lab 4/Lab 4.sim/sim_1/behav/xsim'
INFO: [SIM-utils-51] Simulation object is 'sim_1'
INFO: [SIM-utils-54] Inspecting design source files for 'mainTest' in fileset 'sim_1'...
INFO: [USF-XSim-97] Finding global include files...
INFO: [USF-XSim-98] Fetching design files from 'sim_1'...
INFO: [USF-XSim-2] XSim::Compile design
INFO: [USF-XSim-61] Executing 'COMPILE and ANALYZE' step in 'C:/Users/Julian/Documents/Work/CSE 100/Lab 4/Lab 4/Lab 4.sim/sim_1/behav/xsim'
"xvlog --incr --relax -prj mainTest_vlog.prj"
INFO: [VRFC 10-2263] Analyzing Verilog file "C:/Users/Julian/Documents/Work/CSE 100/Lab 4/Lab 4/Lab 4.srcs/sources_1/new/countUD16L.v" into library xil_defaultlib
INFO: [VRFC 10-311] analyzing module countUD16L
INFO: [VRFC 10-2263] Analyzing Verilog file "C:/Users/Julian/Documents/Work/CSE 100/Lab 4/Lab 4/Lab 4.srcs/sources_1/new/countUD3L.v" into library xil_defaultlib
INFO: [VRFC 10-311] analyzing module countUD3L
INFO: [VRFC 10-2263] Analyzing Verilog file "C:/Users/Julian/Documents/Work/CSE 100/Lab 4/Lab 4/Lab 4.srcs/sources_1/new/countUD5L.v" into library xil_defaultlib
INFO: [VRFC 10-311] analyzing module countUD5L
INFO: [VRFC 10-2263] Analyzing Verilog file "C:/Users/Julian/Documents/Work/CSE 100/Lab 4/Lab 4/Lab 4.srcs/sources_1/new/edgeDetector.v" into library xil_defaultlib
INFO: [VRFC 10-311] analyzing module edgeDetector
INFO: [VRFC 10-2263] Analyzing Verilog file "C:/Users/Julian/Documents/Work/CSE 100/Lab 4/Lab 4/Lab 4.srcs/sources_1/new/lab4_clks.v" into library xil_defaultlib
INFO: [VRFC 10-311] analyzing module lab4_clks
INFO: [VRFC 10-311] analyzing module clk_wiz_0
INFO: [VRFC 10-311] analyzing module clkcntrl4
INFO: [VRFC 10-311] analyzing module FTCE_MXILINX_clkcntrl4
INFO: [VRFC 10-311] analyzing module CB4CE_MXILINX_clkcntrl4
INFO: [VRFC 10-2263] Analyzing Verilog file "C:/Users/Julian/Documents/Work/CSE 100/Lab 3/Lab 3/Lab 3.srcs/sources_1/new/m8_1e.v" into library xil_defaultlib
INFO: [VRFC 10-311] analyzing module m8_1e
INFO: [VRFC 10-2263] Analyzing Verilog file "C:/Users/Julian/Documents/Work/CSE 100/Lab 4/Lab 4/Lab 4.srcs/sources_1/new/ringCount.v" into library xil_defaultlib
INFO: [VRFC 10-311] analyzing module ringCounter
INFO: [VRFC 10-2263] Analyzing Verilog file "C:/Users/Julian/Documents/Work/CSE 100/Lab 4/Lab 4/Lab 4.srcs/sources_1/new/selector.v" into library xil_defaultlib
INFO: [VRFC 10-311] analyzing module selector
INFO: [VRFC 10-2263] Analyzing Verilog file "C:/Users/Julian/Documents/Work/CSE 100/Lab 3/Lab 3/Lab 3.srcs/sources_1/new/sevenSeg.v" into library xil_defaultlib
INFO: [VRFC 10-311] analyzing module sevenSeg
INFO: [VRFC 10-2263] Analyzing Verilog file "C:/Users/Julian/Documents/Work/CSE 100/Lab 4/Lab 4/Lab 4.srcs/sources_1/new/toppo.v" into library xil_defaultlib
INFO: [VRFC 10-311] analyzing module toppo
INFO: [VRFC 10-2263] Analyzing Verilog file "C:/Users/Julian/Documents/Work/CSE 100/Lab 4/Lab 4/Lab 4.srcs/sim_1/new/mainTest.v" into library xil_defaultlib
INFO: [VRFC 10-311] analyzing module mainTest
INFO: [USF-XSim-69] 'compile' step finished in '1' seconds
INFO: [Vivado 12-5682] Launching behavioral simulation in 'C:/Users/Julian/Documents/Work/CSE 100/Lab 4/Lab 4/Lab 4.sim/sim_1/behav/xsim'
INFO: [USF-XSim-3] XSim::Elaborate design
INFO: [USF-XSim-61] Executing 'ELABORATE' step in 'C:/Users/Julian/Documents/Work/CSE 100/Lab 4/Lab 4/Lab 4.sim/sim_1/behav/xsim'
"xelab -wto d0b14c55630a441683fec08c734dd4d6 --incr --debug typical --relax --mt 2 -L xil_defaultlib -L unisims_ver -L unimacro_ver -L secureip --snapshot mainTest_behav xil_defaultlib.mainTest xil_defaultlib.glbl -log elaborate.log"
Vivado Simulator 2019.1
Copyright 1986-1999, 2001-2019 Xilinx, Inc. All Rights Reserved.
Running: C:/Xilinx/Vivado/2019.1/bin/unwrapped/win64.o/xelab.exe -wto d0b14c55630a441683fec08c734dd4d6 --incr --debug typical --relax --mt 2 -L xil_defaultlib -L unisims_ver -L unimacro_ver -L secureip --snapshot mainTest_behav xil_defaultlib.mainTest xil_defaultlib.glbl -log elaborate.log 
Using 2 slave threads.
Starting static elaboration
Completed static elaboration
Starting simulation data flow analysis
Completed simulation data flow analysis
Time Resolution for simulation is 1ps
Compiling module unisims_ver.IBUF
Compiling module unisims_ver.MMCME2_ADV(CLKFBOUT_MULT_F=9.125...
Compiling module unisims_ver.BUFG
Compiling module xil_defaultlib.clk_wiz_0
Compiling module unisims_ver.GND
Compiling module unisims_ver.x_lut2_mux4
Compiling module unisims_ver.LUT2
Compiling module unisims_ver.XOR2
Compiling module unisims_ver.FDCE_default
Compiling module xil_defaultlib.FTCE_MXILINX_clkcntrl4
Compiling module unisims_ver.LUT4
Compiling module unisims_ver.AND4
Compiling module unisims_ver.x_lut3_mux8
Compiling module unisims_ver.LUT3
Compiling module unisims_ver.AND3
Compiling module unisims_ver.AND2
Compiling module unisims_ver.VCC
Compiling module xil_defaultlib.CB4CE_MXILINX_clkcntrl4
Compiling module unisims_ver.BUF
Compiling module xil_defaultlib.clkcntrl4
Compiling module unisims_ver.STARTUPE2
Compiling module xil_defaultlib.lab4_clks
Compiling module unisims_ver.FDRE_default
Compiling module xil_defaultlib.edgeDetector
Compiling module xil_defaultlib.countUD3L
Compiling module xil_defaultlib.countUD5L
Compiling module xil_defaultlib.countUD16L
Compiling module unisims_ver.FDRE(INIT=1'b1)
Compiling module xil_defaultlib.ringCounter
Compiling module xil_defaultlib.selector
Compiling module xil_defaultlib.m8_1e
Compiling module xil_defaultlib.sevenSeg
Compiling module xil_defaultlib.toppo
Compiling module xil_defaultlib.mainTest
Compiling module xil_defaultlib.glbl
Built simulation snapshot mainTest_behav
INFO: [USF-XSim-69] 'elaborate' step finished in '5' seconds
Vivado Simulator 2019.1
Time resolution is 1 ps
relaunch_sim: Time (s): cpu = 00:00:03 ; elapsed = 00:00:13 . Memory (MB): peak = 1503.148 ; gain = 0.000
run 1 us
run 1 us
run 1 us
relaunch_sim
INFO: [Vivado 12-5682] Launching behavioral simulation in 'C:/Users/Julian/Documents/Work/CSE 100/Lab 4/Lab 4/Lab 4.sim/sim_1/behav/xsim'
INFO: [SIM-utils-51] Simulation object is 'sim_1'
INFO: [SIM-utils-54] Inspecting design source files for 'mainTest' in fileset 'sim_1'...
INFO: [USF-XSim-97] Finding global include files...
INFO: [USF-XSim-98] Fetching design files from 'sim_1'...
INFO: [USF-XSim-2] XSim::Compile design
INFO: [USF-XSim-61] Executing 'COMPILE and ANALYZE' step in 'C:/Users/Julian/Documents/Work/CSE 100/Lab 4/Lab 4/Lab 4.sim/sim_1/behav/xsim'
"xvlog --incr --relax -prj mainTest_vlog.prj"
INFO: [VRFC 10-2263] Analyzing Verilog file "C:/Users/Julian/Documents/Work/CSE 100/Lab 4/Lab 4/Lab 4.srcs/sources_1/new/countUD16L.v" into library xil_defaultlib
INFO: [VRFC 10-311] analyzing module countUD16L
INFO: [VRFC 10-2263] Analyzing Verilog file "C:/Users/Julian/Documents/Work/CSE 100/Lab 4/Lab 4/Lab 4.srcs/sources_1/new/countUD3L.v" into library xil_defaultlib
INFO: [VRFC 10-311] analyzing module countUD3L
INFO: [VRFC 10-2263] Analyzing Verilog file "C:/Users/Julian/Documents/Work/CSE 100/Lab 4/Lab 4/Lab 4.srcs/sources_1/new/countUD5L.v" into library xil_defaultlib
INFO: [VRFC 10-311] analyzing module countUD5L
INFO: [VRFC 10-2263] Analyzing Verilog file "C:/Users/Julian/Documents/Work/CSE 100/Lab 4/Lab 4/Lab 4.srcs/sources_1/new/edgeDetector.v" into library xil_defaultlib
INFO: [VRFC 10-311] analyzing module edgeDetector
INFO: [VRFC 10-2263] Analyzing Verilog file "C:/Users/Julian/Documents/Work/CSE 100/Lab 4/Lab 4/Lab 4.srcs/sources_1/new/lab4_clks.v" into library xil_defaultlib
INFO: [VRFC 10-311] analyzing module lab4_clks
INFO: [VRFC 10-311] analyzing module clk_wiz_0
INFO: [VRFC 10-311] analyzing module clkcntrl4
INFO: [VRFC 10-311] analyzing module FTCE_MXILINX_clkcntrl4
INFO: [VRFC 10-311] analyzing module CB4CE_MXILINX_clkcntrl4
INFO: [VRFC 10-2263] Analyzing Verilog file "C:/Users/Julian/Documents/Work/CSE 100/Lab 3/Lab 3/Lab 3.srcs/sources_1/new/m8_1e.v" into library xil_defaultlib
INFO: [VRFC 10-311] analyzing module m8_1e
INFO: [VRFC 10-2263] Analyzing Verilog file "C:/Users/Julian/Documents/Work/CSE 100/Lab 4/Lab 4/Lab 4.srcs/sources_1/new/ringCount.v" into library xil_defaultlib
INFO: [VRFC 10-311] analyzing module ringCounter
INFO: [VRFC 10-2263] Analyzing Verilog file "C:/Users/Julian/Documents/Work/CSE 100/Lab 4/Lab 4/Lab 4.srcs/sources_1/new/selector.v" into library xil_defaultlib
INFO: [VRFC 10-311] analyzing module selector
INFO: [VRFC 10-2263] Analyzing Verilog file "C:/Users/Julian/Documents/Work/CSE 100/Lab 3/Lab 3/Lab 3.srcs/sources_1/new/sevenSeg.v" into library xil_defaultlib
INFO: [VRFC 10-311] analyzing module sevenSeg
INFO: [VRFC 10-2263] Analyzing Verilog file "C:/Users/Julian/Documents/Work/CSE 100/Lab 4/Lab 4/Lab 4.srcs/sources_1/new/toppo.v" into library xil_defaultlib
INFO: [VRFC 10-311] analyzing module toppo
INFO: [VRFC 10-2263] Analyzing Verilog file "C:/Users/Julian/Documents/Work/CSE 100/Lab 4/Lab 4/Lab 4.srcs/sim_1/new/mainTest.v" into library xil_defaultlib
INFO: [VRFC 10-311] analyzing module mainTest
INFO: [USF-XSim-69] 'compile' step finished in '2' seconds
INFO: [Vivado 12-5682] Launching behavioral simulation in 'C:/Users/Julian/Documents/Work/CSE 100/Lab 4/Lab 4/Lab 4.sim/sim_1/behav/xsim'
INFO: [USF-XSim-3] XSim::Elaborate design
INFO: [USF-XSim-61] Executing 'ELABORATE' step in 'C:/Users/Julian/Documents/Work/CSE 100/Lab 4/Lab 4/Lab 4.sim/sim_1/behav/xsim'
"xelab -wto d0b14c55630a441683fec08c734dd4d6 --incr --debug typical --relax --mt 2 -L xil_defaultlib -L unisims_ver -L unimacro_ver -L secureip --snapshot mainTest_behav xil_defaultlib.mainTest xil_defaultlib.glbl -log elaborate.log"
Vivado Simulator 2019.1
Copyright 1986-1999, 2001-2019 Xilinx, Inc. All Rights Reserved.
Running: C:/Xilinx/Vivado/2019.1/bin/unwrapped/win64.o/xelab.exe -wto d0b14c55630a441683fec08c734dd4d6 --incr --debug typical --relax --mt 2 -L xil_defaultlib -L unisims_ver -L unimacro_ver -L secureip --snapshot mainTest_behav xil_defaultlib.mainTest xil_defaultlib.glbl -log elaborate.log 
Using 2 slave threads.
Starting static elaboration
Completed static elaboration
Starting simulation data flow analysis
Completed simulation data flow analysis
Time Resolution for simulation is 1ps
Compiling module unisims_ver.IBUF
Compiling module unisims_ver.MMCME2_ADV(CLKFBOUT_MULT_F=9.125...
Compiling module unisims_ver.BUFG
Compiling module xil_defaultlib.clk_wiz_0
Compiling module unisims_ver.GND
Compiling module unisims_ver.x_lut2_mux4
Compiling module unisims_ver.LUT2
Compiling module unisims_ver.XOR2
Compiling module unisims_ver.FDCE_default
Compiling module xil_defaultlib.FTCE_MXILINX_clkcntrl4
Compiling module unisims_ver.LUT4
Compiling module unisims_ver.AND4
Compiling module unisims_ver.x_lut3_mux8
Compiling module unisims_ver.LUT3
Compiling module unisims_ver.AND3
Compiling module unisims_ver.AND2
Compiling module unisims_ver.VCC
Compiling module xil_defaultlib.CB4CE_MXILINX_clkcntrl4
Compiling module unisims_ver.BUF
Compiling module xil_defaultlib.clkcntrl4
Compiling module unisims_ver.STARTUPE2
Compiling module xil_defaultlib.lab4_clks
Compiling module unisims_ver.FDRE_default
Compiling module xil_defaultlib.edgeDetector
Compiling module xil_defaultlib.countUD3L
Compiling module xil_defaultlib.countUD5L
Compiling module xil_defaultlib.countUD16L
Compiling module unisims_ver.FDRE(INIT=1'b1)
Compiling module xil_defaultlib.ringCounter
Compiling module xil_defaultlib.selector
Compiling module xil_defaultlib.m8_1e
Compiling module xil_defaultlib.sevenSeg
Compiling module xil_defaultlib.toppo
Compiling module xil_defaultlib.mainTest
Compiling module xil_defaultlib.glbl
Built simulation snapshot mainTest_behav
INFO: [USF-XSim-69] 'elaborate' step finished in '4' seconds
Vivado Simulator 2019.1
Time resolution is 1 ps
relaunch_sim: Time (s): cpu = 00:00:03 ; elapsed = 00:00:13 . Memory (MB): peak = 1503.148 ; gain = 0.000
run 1 us
run 1 us
run 1 us
relaunch_sim
INFO: [Vivado 12-5682] Launching behavioral simulation in 'C:/Users/Julian/Documents/Work/CSE 100/Lab 4/Lab 4/Lab 4.sim/sim_1/behav/xsim'
INFO: [SIM-utils-51] Simulation object is 'sim_1'
INFO: [SIM-utils-54] Inspecting design source files for 'mainTest' in fileset 'sim_1'...
INFO: [USF-XSim-97] Finding global include files...
INFO: [USF-XSim-98] Fetching design files from 'sim_1'...
INFO: [USF-XSim-2] XSim::Compile design
INFO: [USF-XSim-61] Executing 'COMPILE and ANALYZE' step in 'C:/Users/Julian/Documents/Work/CSE 100/Lab 4/Lab 4/Lab 4.sim/sim_1/behav/xsim'
"xvlog --incr --relax -prj mainTest_vlog.prj"
INFO: [VRFC 10-2263] Analyzing Verilog file "C:/Users/Julian/Documents/Work/CSE 100/Lab 4/Lab 4/Lab 4.srcs/sources_1/new/countUD16L.v" into library xil_defaultlib
INFO: [VRFC 10-311] analyzing module countUD16L
INFO: [VRFC 10-2263] Analyzing Verilog file "C:/Users/Julian/Documents/Work/CSE 100/Lab 4/Lab 4/Lab 4.srcs/sources_1/new/countUD3L.v" into library xil_defaultlib
INFO: [VRFC 10-311] analyzing module countUD3L
INFO: [VRFC 10-2263] Analyzing Verilog file "C:/Users/Julian/Documents/Work/CSE 100/Lab 4/Lab 4/Lab 4.srcs/sources_1/new/countUD5L.v" into library xil_defaultlib
INFO: [VRFC 10-311] analyzing module countUD5L
INFO: [VRFC 10-2263] Analyzing Verilog file "C:/Users/Julian/Documents/Work/CSE 100/Lab 4/Lab 4/Lab 4.srcs/sources_1/new/edgeDetector.v" into library xil_defaultlib
INFO: [VRFC 10-311] analyzing module edgeDetector
INFO: [VRFC 10-2263] Analyzing Verilog file "C:/Users/Julian/Documents/Work/CSE 100/Lab 4/Lab 4/Lab 4.srcs/sources_1/new/lab4_clks.v" into library xil_defaultlib
INFO: [VRFC 10-311] analyzing module lab4_clks
INFO: [VRFC 10-311] analyzing module clk_wiz_0
INFO: [VRFC 10-311] analyzing module clkcntrl4
INFO: [VRFC 10-311] analyzing module FTCE_MXILINX_clkcntrl4
INFO: [VRFC 10-311] analyzing module CB4CE_MXILINX_clkcntrl4
INFO: [VRFC 10-2263] Analyzing Verilog file "C:/Users/Julian/Documents/Work/CSE 100/Lab 3/Lab 3/Lab 3.srcs/sources_1/new/m8_1e.v" into library xil_defaultlib
INFO: [VRFC 10-311] analyzing module m8_1e
INFO: [VRFC 10-2263] Analyzing Verilog file "C:/Users/Julian/Documents/Work/CSE 100/Lab 4/Lab 4/Lab 4.srcs/sources_1/new/ringCount.v" into library xil_defaultlib
INFO: [VRFC 10-311] analyzing module ringCounter
INFO: [VRFC 10-2263] Analyzing Verilog file "C:/Users/Julian/Documents/Work/CSE 100/Lab 4/Lab 4/Lab 4.srcs/sources_1/new/selector.v" into library xil_defaultlib
INFO: [VRFC 10-311] analyzing module selector
INFO: [VRFC 10-2263] Analyzing Verilog file "C:/Users/Julian/Documents/Work/CSE 100/Lab 3/Lab 3/Lab 3.srcs/sources_1/new/sevenSeg.v" into library xil_defaultlib
INFO: [VRFC 10-311] analyzing module sevenSeg
INFO: [VRFC 10-2263] Analyzing Verilog file "C:/Users/Julian/Documents/Work/CSE 100/Lab 4/Lab 4/Lab 4.srcs/sources_1/new/toppo.v" into library xil_defaultlib
INFO: [VRFC 10-311] analyzing module toppo
INFO: [VRFC 10-2263] Analyzing Verilog file "C:/Users/Julian/Documents/Work/CSE 100/Lab 4/Lab 4/Lab 4.srcs/sim_1/new/mainTest.v" into library xil_defaultlib
INFO: [VRFC 10-311] analyzing module mainTest
INFO: [USF-XSim-69] 'compile' step finished in '2' seconds
INFO: [Vivado 12-5682] Launching behavioral simulation in 'C:/Users/Julian/Documents/Work/CSE 100/Lab 4/Lab 4/Lab 4.sim/sim_1/behav/xsim'
INFO: [USF-XSim-3] XSim::Elaborate design
INFO: [USF-XSim-61] Executing 'ELABORATE' step in 'C:/Users/Julian/Documents/Work/CSE 100/Lab 4/Lab 4/Lab 4.sim/sim_1/behav/xsim'
"xelab -wto d0b14c55630a441683fec08c734dd4d6 --incr --debug typical --relax --mt 2 -L xil_defaultlib -L unisims_ver -L unimacro_ver -L secureip --snapshot mainTest_behav xil_defaultlib.mainTest xil_defaultlib.glbl -log elaborate.log"
Vivado Simulator 2019.1
Copyright 1986-1999, 2001-2019 Xilinx, Inc. All Rights Reserved.
Running: C:/Xilinx/Vivado/2019.1/bin/unwrapped/win64.o/xelab.exe -wto d0b14c55630a441683fec08c734dd4d6 --incr --debug typical --relax --mt 2 -L xil_defaultlib -L unisims_ver -L unimacro_ver -L secureip --snapshot mainTest_behav xil_defaultlib.mainTest xil_defaultlib.glbl -log elaborate.log 
Using 2 slave threads.
Starting static elaboration
Completed static elaboration
Starting simulation data flow analysis
Completed simulation data flow analysis
Time Resolution for simulation is 1ps
Compiling module unisims_ver.IBUF
Compiling module unisims_ver.MMCME2_ADV(CLKFBOUT_MULT_F=9.125...
Compiling module unisims_ver.BUFG
Compiling module xil_defaultlib.clk_wiz_0
Compiling module unisims_ver.GND
Compiling module unisims_ver.x_lut2_mux4
Compiling module unisims_ver.LUT2
Compiling module unisims_ver.XOR2
Compiling module unisims_ver.FDCE_default
Compiling module xil_defaultlib.FTCE_MXILINX_clkcntrl4
Compiling module unisims_ver.LUT4
Compiling module unisims_ver.AND4
Compiling module unisims_ver.x_lut3_mux8
Compiling module unisims_ver.LUT3
Compiling module unisims_ver.AND3
Compiling module unisims_ver.AND2
Compiling module unisims_ver.VCC
Compiling module xil_defaultlib.CB4CE_MXILINX_clkcntrl4
Compiling module unisims_ver.BUF
Compiling module xil_defaultlib.clkcntrl4
Compiling module unisims_ver.STARTUPE2
Compiling module xil_defaultlib.lab4_clks
Compiling module unisims_ver.FDRE_default
Compiling module xil_defaultlib.edgeDetector
Compiling module xil_defaultlib.countUD3L
Compiling module xil_defaultlib.countUD5L
Compiling module xil_defaultlib.countUD16L
Compiling module unisims_ver.FDRE(INIT=1'b1)
Compiling module xil_defaultlib.ringCounter
Compiling module xil_defaultlib.selector
Compiling module xil_defaultlib.m8_1e
Compiling module xil_defaultlib.sevenSeg
Compiling module xil_defaultlib.toppo
Compiling module xil_defaultlib.mainTest
Compiling module xil_defaultlib.glbl
Built simulation snapshot mainTest_behav
INFO: [USF-XSim-69] 'elaborate' step finished in '4' seconds
Vivado Simulator 2019.1
Time resolution is 1 ps
relaunch_sim: Time (s): cpu = 00:00:03 ; elapsed = 00:00:13 . Memory (MB): peak = 1503.148 ; gain = 0.000
run 1 us
run 1 us
run 1 us
reset_run synth_1
WARNING: [Vivado 12-1017] Problems encountered:
1. Failed to delete one or more files in run directory C:/Users/Julian/Documents/Work/CSE 100/Lab 4/Lab 4/Lab 4.runs/synth_1

launch_runs impl_1 -to_step write_bitstream
[Thu Oct 31 12:21:39 2019] Launched synth_1...
Run output will be captured here: C:/Users/Julian/Documents/Work/CSE 100/Lab 4/Lab 4/Lab 4.runs/synth_1/runme.log
[Thu Oct 31 12:21:39 2019] Launched impl_1...
Run output will be captured here: C:/Users/Julian/Documents/Work/CSE 100/Lab 4/Lab 4/Lab 4.runs/impl_1/runme.log
open_hw
connect_hw_server
INFO: [Labtools 27-2285] Connecting to hw_server url TCP:localhost:3121
INFO: [Labtools 27-2222] Launching hw_server...
INFO: [Labtools 27-2221] Launch Output:

****** Xilinx hw_server v2019.1
  **** Build date : May 24 2019 at 15:13:31
    ** Copyright 1986-2019 Xilinx, Inc. All Rights Reserved.


open_hw_target
INFO: [Labtoolstcl 44-466] Opening hw_target localhost:3121/xilinx_tcf/Digilent/210183A2838AA
set_property PROGRAM.FILE {C:/Users/Julian/Documents/Work/CSE 100/Lab 4/Lab 4/Lab 4.runs/impl_1/toppo.bit} [get_hw_devices xc7a35t_0]
current_hw_device [get_hw_devices xc7a35t_0]
refresh_hw_device -update_hw_probes false [lindex [get_hw_devices xc7a35t_0] 0]
INFO: [Labtools 27-1435] Device xc7a35t (JTAG device index = 0) is not programmed (DONE status = 0).
set_property PROBES.FILE {} [get_hw_devices xc7a35t_0]
set_property FULL_PROBES.FILE {} [get_hw_devices xc7a35t_0]
set_property PROGRAM.FILE {C:/Users/Julian/Documents/Work/CSE 100/Lab 4/Lab 4/Lab 4.runs/impl_1/toppo.bit} [get_hw_devices xc7a35t_0]
program_hw_devices [get_hw_devices xc7a35t_0]
INFO: [Labtools 27-3164] End of startup status: HIGH
refresh_hw_device [lindex [get_hw_devices xc7a35t_0] 0]
INFO: [Labtools 27-1434] Device xc7a35t (JTAG device index = 0) is programmed with a design that has no supported debug core(s) in it.
relaunch_sim
