#-----------------------------------------------------------
# Vivado v2019.1 (64-bit)
# SW Build 2552052 on Fri May 24 14:49:42 MDT 2019
# IP Build 2548770 on Fri May 24 18:01:18 MDT 2019
# Start of session at: Thu Oct 31 12:41:43 2019
# Process ID: 33264
# Current directory: C:/Users/Julian/Documents/Work/CSE 100/Lab 4/Lab 4
# Command line: vivado.exe -gui_launcher_event rodinguilauncherevent29824 C:\Users\Julian\Documents\Work\CSE 100\Lab 4\Lab 4\Lab 4.xpr
# Log file: C:/Users/Julian/Documents/Work/CSE 100/Lab 4/Lab 4/vivado.log
# Journal file: C:/Users/Julian/Documents/Work/CSE 100/Lab 4/Lab 4\vivado.jou
#-----------------------------------------------------------
start_gui
open_project {C:/Users/Julian/Documents/Work/CSE 100/Lab 4/Lab 4/Lab 4.xpr}
Scanning sources...
Finished scanning sources
INFO: [IP_Flow 19-234] Refreshing IP repositories
INFO: [IP_Flow 19-1704] No user IP repositories specified
INFO: [IP_Flow 19-2313] Loaded Vivado IP repository 'C:/Xilinx/Vivado/2019.1/data/ip'.
open_project: Time (s): cpu = 00:00:16 ; elapsed = 00:00:07 . Memory (MB): peak = 756.457 ; gain = 135.438
update_compile_order -fileset sources_1
launch_simulation
INFO: [Vivado 12-5682] Launching behavioral simulation in 'C:/Users/Julian/Documents/Work/CSE 100/Lab 4/Lab 4/Lab 4.sim/sim_1/behav/xsim'
INFO: [SIM-utils-51] Simulation object is 'sim_1'
INFO: [SIM-utils-54] Inspecting design source files for 'mainTest' in fileset 'sim_1'...
INFO: [USF-XSim-97] Finding global include files...
INFO: [USF-XSim-98] Fetching design files from 'sim_1'...
INFO: [USF-XSim-2] XSim::Compile design
INFO: [USF-XSim-61] Executing 'COMPILE and ANALYZE' step in 'C:/Users/Julian/Documents/Work/CSE 100/Lab 4/Lab 4/Lab 4.sim/sim_1/behav/xsim'
"xvlog --incr --relax -prj mainTest_vlog.prj"
INFO: [VRFC 10-2263] Analyzing Verilog file "C:/Users/Julian/Documents/Work/CSE 100/Lab 4/Lab 4/Lab 4.srcs/sources_1/new/countUD16L.v" into library xil_defaultlib
INFO: [VRFC 10-311] analyzing module countUD16L
INFO: [VRFC 10-2263] Analyzing Verilog file "C:/Users/Julian/Documents/Work/CSE 100/Lab 4/Lab 4/Lab 4.srcs/sources_1/new/countUD3L.v" into library xil_defaultlib
INFO: [VRFC 10-311] analyzing module countUD3L
INFO: [VRFC 10-2263] Analyzing Verilog file "C:/Users/Julian/Documents/Work/CSE 100/Lab 4/Lab 4/Lab 4.srcs/sources_1/new/countUD5L.v" into library xil_defaultlib
INFO: [VRFC 10-311] analyzing module countUD5L
INFO: [VRFC 10-2263] Analyzing Verilog file "C:/Users/Julian/Documents/Work/CSE 100/Lab 4/Lab 4/Lab 4.srcs/sources_1/new/edgeDetector.v" into library xil_defaultlib
INFO: [VRFC 10-311] analyzing module edgeDetector
INFO: [VRFC 10-2263] Analyzing Verilog file "C:/Users/Julian/Documents/Work/CSE 100/Lab 4/Lab 4/Lab 4.srcs/sources_1/new/lab4_clks.v" into library xil_defaultlib
INFO: [VRFC 10-311] analyzing module lab4_clks
INFO: [VRFC 10-311] analyzing module clk_wiz_0
INFO: [VRFC 10-311] analyzing module clkcntrl4
INFO: [VRFC 10-311] analyzing module FTCE_MXILINX_clkcntrl4
INFO: [VRFC 10-311] analyzing module CB4CE_MXILINX_clkcntrl4
INFO: [VRFC 10-2263] Analyzing Verilog file "C:/Users/Julian/Documents/Work/CSE 100/Lab 3/Lab 3/Lab 3.srcs/sources_1/new/m8_1e.v" into library xil_defaultlib
INFO: [VRFC 10-311] analyzing module m8_1e
INFO: [VRFC 10-2263] Analyzing Verilog file "C:/Users/Julian/Documents/Work/CSE 100/Lab 4/Lab 4/Lab 4.srcs/sources_1/new/ringCount.v" into library xil_defaultlib
INFO: [VRFC 10-311] analyzing module ringCounter
INFO: [VRFC 10-2263] Analyzing Verilog file "C:/Users/Julian/Documents/Work/CSE 100/Lab 4/Lab 4/Lab 4.srcs/sources_1/new/selector.v" into library xil_defaultlib
INFO: [VRFC 10-311] analyzing module selector
INFO: [VRFC 10-2263] Analyzing Verilog file "C:/Users/Julian/Documents/Work/CSE 100/Lab 3/Lab 3/Lab 3.srcs/sources_1/new/sevenSeg.v" into library xil_defaultlib
INFO: [VRFC 10-311] analyzing module sevenSeg
INFO: [VRFC 10-2263] Analyzing Verilog file "C:/Users/Julian/Documents/Work/CSE 100/Lab 4/Lab 4/Lab 4.srcs/sources_1/new/toppo.v" into library xil_defaultlib
INFO: [VRFC 10-311] analyzing module toppo
INFO: [VRFC 10-2263] Analyzing Verilog file "C:/Users/Julian/Documents/Work/CSE 100/Lab 4/Lab 4/Lab 4.srcs/sim_1/new/mainTest.v" into library xil_defaultlib
INFO: [VRFC 10-311] analyzing module mainTest
INFO: [USF-XSim-69] 'compile' step finished in '2' seconds
INFO: [USF-XSim-3] XSim::Elaborate design
INFO: [USF-XSim-61] Executing 'ELABORATE' step in 'C:/Users/Julian/Documents/Work/CSE 100/Lab 4/Lab 4/Lab 4.sim/sim_1/behav/xsim'
"xelab -wto d0b14c55630a441683fec08c734dd4d6 --incr --debug typical --relax --mt 2 -L xil_defaultlib -L unisims_ver -L unimacro_ver -L secureip --snapshot mainTest_behav xil_defaultlib.mainTest xil_defaultlib.glbl -log elaborate.log"
Vivado Simulator 2019.1
Copyright 1986-1999, 2001-2019 Xilinx, Inc. All Rights Reserved.
Running: C:/Xilinx/Vivado/2019.1/bin/unwrapped/win64.o/xelab.exe -wto d0b14c55630a441683fec08c734dd4d6 --incr --debug typical --relax --mt 2 -L xil_defaultlib -L unisims_ver -L unimacro_ver -L secureip --snapshot mainTest_behav xil_defaultlib.mainTest xil_defaultlib.glbl -log elaborate.log 
Using 2 slave threads.
Starting static elaboration
Completed static elaboration
Starting simulation data flow analysis
Completed simulation data flow analysis
Time Resolution for simulation is 1ps
Compiling module unisims_ver.IBUF
Compiling module unisims_ver.MMCME2_ADV(CLKFBOUT_MULT_F=9.125...
Compiling module unisims_ver.BUFG
Compiling module xil_defaultlib.clk_wiz_0
Compiling module unisims_ver.GND
Compiling module unisims_ver.x_lut2_mux4
Compiling module unisims_ver.LUT2
Compiling module unisims_ver.XOR2
Compiling module unisims_ver.FDCE_default
Compiling module xil_defaultlib.FTCE_MXILINX_clkcntrl4
Compiling module unisims_ver.LUT4
Compiling module unisims_ver.AND4
Compiling module unisims_ver.x_lut3_mux8
Compiling module unisims_ver.LUT3
Compiling module unisims_ver.AND3
Compiling module unisims_ver.AND2
Compiling module unisims_ver.VCC
Compiling module xil_defaultlib.CB4CE_MXILINX_clkcntrl4
Compiling module unisims_ver.BUF
Compiling module xil_defaultlib.clkcntrl4
Compiling module unisims_ver.STARTUPE2
Compiling module xil_defaultlib.lab4_clks
Compiling module unisims_ver.FDRE_default
Compiling module xil_defaultlib.edgeDetector
Compiling module xil_defaultlib.countUD3L
Compiling module xil_defaultlib.countUD5L
Compiling module xil_defaultlib.countUD16L
Compiling module unisims_ver.FDRE(INIT=1'b1)
Compiling module xil_defaultlib.ringCounter
Compiling module xil_defaultlib.selector
Compiling module xil_defaultlib.m8_1e
Compiling module xil_defaultlib.sevenSeg
Compiling module xil_defaultlib.toppo
Compiling module xil_defaultlib.mainTest
Compiling module xil_defaultlib.glbl
Built simulation snapshot mainTest_behav
INFO: [USF-XSim-69] 'elaborate' step finished in '5' seconds
INFO: [USF-XSim-4] XSim::Simulate design
INFO: [USF-XSim-61] Executing 'SIMULATE' step in 'C:/Users/Julian/Documents/Work/CSE 100/Lab 4/Lab 4/Lab 4.sim/sim_1/behav/xsim'
INFO: [USF-XSim-98] *** Running xsim
   with args "mainTest_behav -key {Behavioral:sim_1:Functional:mainTest} -tclbatch {mainTest.tcl} -log {simulate.log}"
INFO: [USF-XSim-8] Loading simulator feature
Vivado Simulator 2019.1
Time resolution is 1 ps
source mainTest.tcl
# set curr_wave [current_wave_config]
# if { [string length $curr_wave] == 0 } {
#   if { [llength [get_objects]] > 0} {
#     add_wave /
#     set_property needs_save false [current_wave_config]
#   } else {
#      send_msg_id Add_Wave-1 WARNING "No top level signals found. Simulator will start without a wave window. If you want to open a wave window go to 'File->New Waveform Configuration' or type 'create_wave_config' in the TCL console."
#   }
# }
# run 1000ns
INFO: [USF-XSim-96] XSim completed. Design snapshot 'mainTest_behav' loaded.
INFO: [USF-XSim-97] XSim simulation ran for 1000ns
launch_simulation: Time (s): cpu = 00:00:15 ; elapsed = 00:00:12 . Memory (MB): peak = 805.172 ; gain = 30.027
run 1 us
run 1 us
run 1 us
relaunch_sim
INFO: [Vivado 12-5682] Launching behavioral simulation in 'C:/Users/Julian/Documents/Work/CSE 100/Lab 4/Lab 4/Lab 4.sim/sim_1/behav/xsim'
INFO: [SIM-utils-51] Simulation object is 'sim_1'
INFO: [SIM-utils-54] Inspecting design source files for 'mainTest' in fileset 'sim_1'...
INFO: [USF-XSim-97] Finding global include files...
INFO: [USF-XSim-98] Fetching design files from 'sim_1'...
INFO: [USF-XSim-2] XSim::Compile design
INFO: [USF-XSim-61] Executing 'COMPILE and ANALYZE' step in 'C:/Users/Julian/Documents/Work/CSE 100/Lab 4/Lab 4/Lab 4.sim/sim_1/behav/xsim'
"xvlog --incr --relax -prj mainTest_vlog.prj"
INFO: [USF-XSim-69] 'compile' step finished in '1' seconds
INFO: [Vivado 12-5682] Launching behavioral simulation in 'C:/Users/Julian/Documents/Work/CSE 100/Lab 4/Lab 4/Lab 4.sim/sim_1/behav/xsim'
INFO: [USF-XSim-3] XSim::Elaborate design
INFO: [USF-XSim-61] Executing 'ELABORATE' step in 'C:/Users/Julian/Documents/Work/CSE 100/Lab 4/Lab 4/Lab 4.sim/sim_1/behav/xsim'
"xelab -wto d0b14c55630a441683fec08c734dd4d6 --incr --debug typical --relax --mt 2 -L xil_defaultlib -L unisims_ver -L unimacro_ver -L secureip --snapshot mainTest_behav xil_defaultlib.mainTest xil_defaultlib.glbl -log elaborate.log"
Vivado Simulator 2019.1
Copyright 1986-1999, 2001-2019 Xilinx, Inc. All Rights Reserved.
Running: C:/Xilinx/Vivado/2019.1/bin/unwrapped/win64.o/xelab.exe -wto d0b14c55630a441683fec08c734dd4d6 --incr --debug typical --relax --mt 2 -L xil_defaultlib -L unisims_ver -L unimacro_ver -L secureip --snapshot mainTest_behav xil_defaultlib.mainTest xil_defaultlib.glbl -log elaborate.log 
Using 2 slave threads.
Starting static elaboration
Completed static elaboration
INFO: [XSIM 43-4323] No Change in HDL. Linking previously generated obj files to create kernel
INFO: [USF-XSim-69] 'elaborate' step finished in '2' seconds
Vivado Simulator 2019.1
Time resolution is 1 ps
relaunch_sim: Time (s): cpu = 00:00:03 ; elapsed = 00:00:08 . Memory (MB): peak = 807.512 ; gain = 0.000
run 1 us
run 1 us
run 1 us
reset_run synth_1
WARNING: [Vivado 12-1017] Problems encountered:
1. Failed to delete one or more files in run directory C:/Users/Julian/Documents/Work/CSE 100/Lab 4/Lab 4/Lab 4.runs/synth_1

launch_runs impl_1 -to_step write_bitstream
[Thu Oct 31 12:44:05 2019] Launched synth_1...
Run output will be captured here: C:/Users/Julian/Documents/Work/CSE 100/Lab 4/Lab 4/Lab 4.runs/synth_1/runme.log
[Thu Oct 31 12:44:05 2019] Launched impl_1...
Run output will be captured here: C:/Users/Julian/Documents/Work/CSE 100/Lab 4/Lab 4/Lab 4.runs/impl_1/runme.log
open_hw
connect_hw_server
INFO: [Labtools 27-2285] Connecting to hw_server url TCP:localhost:3121
INFO: [Labtools 27-2222] Launching hw_server...
INFO: [Labtools 27-2221] Launch Output:

****** Xilinx hw_server v2019.1
  **** Build date : May 24 2019 at 15:13:31
    ** Copyright 1986-2019 Xilinx, Inc. All Rights Reserved.


open_hw_target
INFO: [Labtoolstcl 44-466] Opening hw_target localhost:3121/xilinx_tcf/Digilent/210183A2838AA
set_property PROGRAM.FILE {C:/Users/Julian/Documents/Work/CSE 100/Lab 4/Lab 4/Lab 4.runs/impl_1/toppo.bit} [get_hw_devices xc7a35t_0]
current_hw_device [get_hw_devices xc7a35t_0]
refresh_hw_device -update_hw_probes false [lindex [get_hw_devices xc7a35t_0] 0]
INFO: [Labtools 27-1434] Device xc7a35t (JTAG device index = 0) is programmed with a design that has no supported debug core(s) in it.
set_property PROBES.FILE {} [get_hw_devices xc7a35t_0]
set_property FULL_PROBES.FILE {} [get_hw_devices xc7a35t_0]
set_property PROGRAM.FILE {C:/Users/Julian/Documents/Work/CSE 100/Lab 4/Lab 4/Lab 4.runs/impl_1/toppo.bit} [get_hw_devices xc7a35t_0]
program_hw_devices [get_hw_devices xc7a35t_0]
INFO: [Labtools 27-3164] End of startup status: HIGH
refresh_hw_device [lindex [get_hw_devices xc7a35t_0] 0]
INFO: [Labtools 27-1434] Device xc7a35t (JTAG device index = 0) is programmed with a design that has no supported debug core(s) in it.
reset_run synth_1
WARNING: [Vivado 12-1017] Problems encountered:
1. Failed to delete one or more files in run directory C:/Users/Julian/Documents/Work/CSE 100/Lab 4/Lab 4/Lab 4.runs/synth_1

launch_runs impl_1 -to_step write_bitstream
[Thu Oct 31 12:48:42 2019] Launched synth_1...
Run output will be captured here: C:/Users/Julian/Documents/Work/CSE 100/Lab 4/Lab 4/Lab 4.runs/synth_1/runme.log
[Thu Oct 31 12:48:42 2019] Launched impl_1...
Run output will be captured here: C:/Users/Julian/Documents/Work/CSE 100/Lab 4/Lab 4/Lab 4.runs/impl_1/runme.log
set_property PROBES.FILE {} [get_hw_devices xc7a35t_0]
set_property FULL_PROBES.FILE {} [get_hw_devices xc7a35t_0]
set_property PROGRAM.FILE {C:/Users/Julian/Documents/Work/CSE 100/Lab 4/Lab 4/Lab 4.runs/impl_1/toppo.bit} [get_hw_devices xc7a35t_0]
program_hw_devices [get_hw_devices xc7a35t_0]
INFO: [Labtools 27-3164] End of startup status: HIGH
refresh_hw_device [lindex [get_hw_devices xc7a35t_0] 0]
INFO: [Labtools 27-1434] Device xc7a35t (JTAG device index = 0) is programmed with a design that has no supported debug core(s) in it.
reset_run impl_1 -prev_step 
launch_runs impl_1 -to_step write_bitstream
WARNING: [Vivado 12-872] Run step 'Design Initialization' is out-of-date.
[Thu Oct 31 12:53:01 2019] Launched impl_1...
Run output will be captured here: C:/Users/Julian/Documents/Work/CSE 100/Lab 4/Lab 4/Lab 4.runs/impl_1/runme.log
set_property PROBES.FILE {} [get_hw_devices xc7a35t_0]
set_property FULL_PROBES.FILE {} [get_hw_devices xc7a35t_0]
set_property PROGRAM.FILE {C:/Users/Julian/Documents/Work/CSE 100/Lab 4/Lab 4/Lab 4.runs/impl_1/toppo.bit} [get_hw_devices xc7a35t_0]
program_hw_devices [get_hw_devices xc7a35t_0]
INFO: [Labtools 27-3164] End of startup status: HIGH
refresh_hw_device [lindex [get_hw_devices xc7a35t_0] 0]
INFO: [Labtools 27-1434] Device xc7a35t (JTAG device index = 0) is programmed with a design that has no supported debug core(s) in it.
ERROR: [Labtoolstcl 44-513] HW Target shutdown. Closing target: localhost:3121/xilinx_tcf/Digilent/210183A2838AA
reset_run synth_1
WARNING: [Vivado 12-1017] Problems encountered:
1. Failed to delete one or more files in run directory C:/Users/Julian/Documents/Work/CSE 100/Lab 4/Lab 4/Lab 4.runs/synth_1

launch_runs impl_1 -to_step write_bitstream
[Thu Oct 31 12:58:21 2019] Launched synth_1...
Run output will be captured here: C:/Users/Julian/Documents/Work/CSE 100/Lab 4/Lab 4/Lab 4.runs/synth_1/runme.log
[Thu Oct 31 12:58:21 2019] Launched impl_1...
Run output will be captured here: C:/Users/Julian/Documents/Work/CSE 100/Lab 4/Lab 4/Lab 4.runs/impl_1/runme.log
disconnect_hw_server localhost:3121
connect_hw_server
INFO: [Labtools 27-2285] Connecting to hw_server url TCP:localhost:3121
ERROR: [Labtoolstcl 44-494] There is no active target available for server at localhost.
 Targets(s) ", jsn-Basys3-210183A2838AA" may be locked by another hw_server.
disconnect_hw_server localhost:3121
connect_hw_server
INFO: [Labtools 27-2285] Connecting to hw_server url TCP:localhost:3121
open_hw_target
INFO: [Labtoolstcl 44-466] Opening hw_target localhost:3121/xilinx_tcf/Digilent/210183A2837CA
set_property PROGRAM.FILE {C:/Users/Julian/Documents/Work/CSE 100/Lab 4/Lab 4/Lab 4.runs/impl_1/toppo.bit} [get_hw_devices xc7a35t_0]
current_hw_device [get_hw_devices xc7a35t_0]
refresh_hw_device -update_hw_probes false [lindex [get_hw_devices xc7a35t_0] 0]
INFO: [Labtools 27-1435] Device xc7a35t (JTAG device index = 0) is not programmed (DONE status = 0).
set_property PROBES.FILE {} [get_hw_devices xc7a35t_0]
set_property FULL_PROBES.FILE {} [get_hw_devices xc7a35t_0]
set_property PROGRAM.FILE {C:/Users/Julian/Documents/Work/CSE 100/Lab 4/Lab 4/Lab 4.runs/impl_1/toppo.bit} [get_hw_devices xc7a35t_0]
program_hw_devices [get_hw_devices xc7a35t_0]
INFO: [Labtools 27-3164] End of startup status: HIGH
refresh_hw_device [lindex [get_hw_devices xc7a35t_0] 0]
INFO: [Labtools 27-1434] Device xc7a35t (JTAG device index = 0) is programmed with a design that has no supported debug core(s) in it.
archive_project {C:/Users/Julian/Documents/Work/CSE 100/Lab 4/Lab 4.xpr.zip} -temp_dir {C:/Users/Julian/Documents/Work/CSE 100/Lab 4/Lab 4/.Xil/Vivado-33264-JULIAN-SURFACE} -force -include_local_ip_cache
INFO: [Coretcl 2-137] starting archive...
INFO: [Coretcl 2-1499] Saving project copy to temporary location 'C:/Users/Julian/Documents/Work/CSE 100/Lab 4/Lab 4/.Xil/Vivado-33264-JULIAN-SURFACE' for archiving project
Scanning sources...
Finished scanning sources
INFO: [Coretcl 2-1211] Creating project copy for archival...
INFO: [ProjectBase 1-495] The host OS only allows 260 characters in a normal path. The project is stored in a path with more than 80 characters. If you experience any problem with archiving the project, please consider setting environment variable $TEMP to a shorter path.
Current project path is 'C:/Users/Julian/Documents/Work/CSE 100/Lab 4/Lab 4/.Xil/Vivado-33264-JULIAN-SURFACE/PrjAr/_X_'.
INFO: [Coretcl 2-1213] Including run results for 'synth_1'
INFO: [Coretcl 2-1213] Including run results for 'impl_1'
INFO: [Coretcl 2-1212] Importing remotely added design sources and verilog include files (if any)...
INFO: [filemgmt 20-348] Importing the appropriate files for fileset: 'constrs_1'
INFO: [filemgmt 20-348] Importing the appropriate files for fileset: 'sim_1'
INFO: [filemgmt 20-348] Importing the appropriate files for fileset: 'sources_1'
INFO: [Coretcl 2-1209] Adding archive summary file to the project...
INFO: [Coretcl 2-1214] Preparing project files for archive...
INFO: [Coretcl 2-1210] Compressing project files and data...
INFO: [Coretcl 2-1215] Project archived (C:/Users/Julian/Documents/Work/CSE 100/Lab 4/Lab 4.xpr.zip)
INFO: [Coretcl 2-1216] To view the archive summary log in GUI, double click on 'Design Sources->Text->archive_project_summary.txt', or open this file from the archived project directory.
archive_project: Time (s): cpu = 00:00:10 ; elapsed = 00:00:31 . Memory (MB): peak = 2019.637 ; gain = 2.527
ERROR: [Labtoolstcl 44-513] HW Target shutdown. Closing target: localhost:3121/xilinx_tcf/Digilent/210183A2837CA
close_sim
INFO: [Simtcl 6-16] Simulation closed
close_sim: Time (s): cpu = 00:00:01 ; elapsed = 00:00:06 . Memory (MB): peak = 2019.637 ; gain = 0.000
exit
INFO: [Common 17-206] Exiting Vivado at Fri Nov  1 09:14:49 2019...
