INFO: [VRFC 10-2263] Analyzing Verilog file "C:/Users/Julian/Documents/Work/CSE 100/Lab 3/Lab 3/Lab 3.srcs/sources_1/new/carryAdder.v" into library xil_defaultlib
INFO: [VRFC 10-311] analyzing module carryAdder
INFO: [VRFC 10-2263] Analyzing Verilog file "C:/Users/Julian/Documents/Work/CSE 100/Lab 3/Lab 3/Lab 3.srcs/sources_1/new/fullAdder.v" into library xil_defaultlib
INFO: [VRFC 10-311] analyzing module fullAdder
INFO: [VRFC 10-2263] Analyzing Verilog file "C:/Users/Julian/Documents/Work/CSE 100/Lab 3/Lab 3/lab3_digsel.v" into library xil_defaultlib
INFO: [VRFC 10-311] analyzing module clk_wiz_0
INFO: [VRFC 10-311] analyzing module clkcntrl4
INFO: [VRFC 10-311] analyzing module lab3_digsel
INFO: [VRFC 10-2458] undeclared symbol clk, assumed default net type wire [C:/Users/Julian/Documents/Work/CSE 100/Lab 3/Lab 3/lab3_digsel.v:237]
INFO: [VRFC 10-311] analyzing module FTCE_MXILINX_clkcntrl4
INFO: [VRFC 10-311] analyzing module CB4CE_MXILINX_clkcntrl4
INFO: [VRFC 10-2263] Analyzing Verilog file "C:/Users/Julian/Documents/Work/CSE 100/Lab 3/Lab 3/Lab 3.srcs/sources_1/new/m2_1x8.v" into library xil_defaultlib
INFO: [VRFC 10-311] analyzing module m2_1x8
INFO: [VRFC 10-2263] Analyzing Verilog file "C:/Users/Julian/Documents/Work/CSE 100/Lab 3/Lab 3/Lab 3.srcs/sources_1/new/m4_1e.v" into library xil_defaultlib
INFO: [VRFC 10-311] analyzing module m4_1e
INFO: [VRFC 10-2263] Analyzing Verilog file "C:/Users/Julian/Documents/Work/CSE 100/Lab 3/Lab 3/Lab 3.srcs/sources_1/new/m8_1e.v" into library xil_defaultlib
INFO: [VRFC 10-311] analyzing module m8_1e
INFO: [VRFC 10-2263] Analyzing Verilog file "C:/Users/Julian/Documents/Work/CSE 100/Lab 3/Lab 3/Lab 3.srcs/sources_1/new/main.v" into library xil_defaultlib
INFO: [VRFC 10-311] analyzing module main
INFO: [VRFC 10-2263] Analyzing Verilog file "C:/Users/Julian/Documents/Work/CSE 100/Lab 3/Lab 3/Lab 3.srcs/sources_1/new/sevenSeg.v" into library xil_defaultlib
INFO: [VRFC 10-311] analyzing module hex7seg
INFO: [VRFC 10-2263] Analyzing Verilog file "C:/Users/Julian/Documents/Work/CSE 100/Lab 3/Lab 3/Lab 3.srcs/sources_1/new/signChanger.v" into library xil_defaultlib
INFO: [VRFC 10-311] analyzing module signChanger
WARNING: [VRFC 10-965] invalid size of integer constant literal [C:/Users/Julian/Documents/Work/CSE 100/Lab 3/Lab 3/Lab 3.srcs/sources_1/new/signChanger.v:46]
INFO: [VRFC 10-2263] Analyzing Verilog file "C:/Users/Julian/Documents/Work/CSE 100/Lab 3/Lab 3/Lab 3.srcs/sim_1/new/simulator.v" into library xil_defaultlib
INFO: [VRFC 10-311] analyzing module simulator
