#-----------------------------------------------------------
# Vivado v2019.1 (64-bit)
# SW Build 2552052 on Fri May 24 14:49:42 MDT 2019
# IP Build 2548770 on Fri May 24 18:01:18 MDT 2019
# Start of session at: Tue Nov 19 17:15:41 2019
# Process ID: 424
# Current directory: C:/Users/Julian/Documents/Work/CSE 100/Lab 7
# Command line: vivado.exe -gui_launcher_event rodinguilauncherevent2396 C:\Users\Julian\Documents\Work\CSE 100\Lab 7\Lab 7.xpr
# Log file: C:/Users/Julian/Documents/Work/CSE 100/Lab 7/vivado.log
# Journal file: C:/Users/Julian/Documents/Work/CSE 100/Lab 7\vivado.jou
#-----------------------------------------------------------
start_gui
open_project {C:/Users/Julian/Documents/Work/CSE 100/Lab 7/Lab 7.xpr}
Scanning sources...
Finished scanning sources
INFO: [IP_Flow 19-234] Refreshing IP repositories
INFO: [IP_Flow 19-1704] No user IP repositories specified
INFO: [IP_Flow 19-2313] Loaded Vivado IP repository 'C:/Xilinx/Vivado/2019.1/data/ip'.
open_project: Time (s): cpu = 00:00:19 ; elapsed = 00:00:08 . Memory (MB): peak = 731.168 ; gain = 99.988
update_compile_order -fileset sources_1
launch_simulation
boost::filesystem::remove: The process cannot access the file because it is being used by another process: "C:/Users/Julian/Documents/Work/CSE 100/Lab 7/Lab 7.sim/sim_1/behav/xsim/simulate.log"
launch_simulation
boost::filesystem::remove: The process cannot access the file because it is being used by another process: "C:/Users/Julian/Documents/Work/CSE 100/Lab 7/Lab 7.sim/sim_1/behav/xsim/simulate.log"
