Copyright 1986-2019 Xilinx, Inc. All Rights Reserved.
------------------------------------------------------------------------------------
| Tool Version : Vivado v.2019.1 (win64) Build 2552052 Fri May 24 14:49:42 MDT 2019
| Date         : Tue Nov 26 10:35:31 2019
| Host         : JULIAN-SURFACE running 64-bit major release  (build 9200)
| Command      : report_control_sets -verbose -file toppo_control_sets_placed.rpt
| Design       : toppo
| Device       : xc7a35t
------------------------------------------------------------------------------------

Control Set Information

Table of Contents
-----------------
1. Summary
2. Histogram
3. Flip-Flop Distribution
4. Detailed Control Set Information

1. Summary
----------

+----------------------------------------------------------+-------+
|                          Status                          | Count |
+----------------------------------------------------------+-------+
| Total control sets                                       |    74 |
|    Minimum number of control sets                        |    74 |
|    Addition due to synthesis replication                 |     0 |
|    Addition due to physical synthesis replication        |     0 |
| Unused register locations in slices containing registers |   311 |
+----------------------------------------------------------+-------+
* Control sets can be merged at opt_design using control_set_merge or merge_equivalent_drivers
** Run report_qor_suggestions for automated merging and remapping suggestions


2. Histogram
------------

+--------------------+-------+
|       Fanout       | Count |
+--------------------+-------+
| Total control sets |    74 |
| >= 0 to < 4        |    43 |
| >= 4 to < 6        |    30 |
| >= 6 to < 8        |     0 |
| >= 8 to < 10       |     0 |
| >= 10 to < 12      |     0 |
| >= 12 to < 14      |     0 |
| >= 14 to < 16      |     0 |
| >= 16              |     1 |
+--------------------+-------+
* Control sets can be remapped at either synth_design or opt_design


3. Flip-Flop Distribution
-------------------------

+--------------+-----------------------+------------------------+-----------------+--------------+
| Clock Enable | Synchronous Set/Reset | Asynchronous Set/Reset | Total Registers | Total Slices |
+--------------+-----------------------+------------------------+-----------------+--------------+
| No           | No                    | No                     |              87 |           53 |
| No           | No                    | Yes                    |               0 |            0 |
| No           | Yes                   | No                     |               0 |            0 |
| Yes          | No                    | No                     |             274 |          136 |
| Yes          | No                    | Yes                    |               0 |            0 |
| Yes          | Yes                   | No                     |               0 |            0 |
+--------------+-----------------------+------------------------+-----------------+--------------+


4. Detailed Control Set Information
-----------------------------------

+------------------------------+-----------------------------------------+------------------+------------------+----------------+
|         Clock Signal         |              Enable Signal              | Set/Reset Signal | Slice Load Count | Bel Load Count |
+------------------------------+-----------------------------------------+------------------+------------------+----------------+
|  not_so_slow/slowclk/clk_out | timer/count8to12/ce                     |                  |                1 |              3 |
|  not_so_slow/slowclk/clk_out | bird5/Horizontal/count3to7/ce           |                  |                1 |              3 |
|  not_so_slow/slowclk/clk_out | catcher/Horizontal/count3to7/ce         |                  |                1 |              3 |
|  not_so_slow/slowclk/clk_out | bird5/Vertical/count0to2/ce_1           |                  |                1 |              3 |
|  not_so_slow/slowclk/clk_out | bird5/Vertical/count3to7/ce             |                  |                2 |              3 |
|  not_so_slow/slowclk/clk_out | bird6/Horizontal/count0to2/ce_0         |                  |                1 |              3 |
|  not_so_slow/slowclk/clk_out | bird7/Vertical/count3to7/ce             |                  |                2 |              3 |
|  not_so_slow/slowclk/clk_out | bird6/Horizontal/count3to7/ce           |                  |                1 |              3 |
|  not_so_slow/slowclk/clk_out | bird6/Vertical/count0to2/ce_1           |                  |                1 |              3 |
|  not_so_slow/slowclk/clk_out | stuffISee/Hori/count0to2/flip0_11       |                  |                2 |              3 |
|  not_so_slow/slowclk/clk_out | bird6/Vertical/count3to7/ce             |                  |                1 |              3 |
|  not_so_slow/slowclk/clk_out | catcher/Vertical/count3to7/ce           |                  |                1 |              3 |
|  not_so_slow/slowclk/clk_out | bird2/Vertical/count0to2/ce_0           |                  |                1 |              3 |
|  not_so_slow/slowclk/clk_out | catcher/Vertical/count8to12/ce          |                  |                1 |              3 |
|  not_so_slow/slowclk/clk_out | bird2/Vertical/count3to7/ce             |                  |                1 |              3 |
|  not_so_slow/slowclk/clk_out | bird7/Horizontal/count0to2/ce_1         |                  |                1 |              3 |
|  not_so_slow/slowclk/clk_out | bird1/Vertical/count0to2/ce_0           |                  |                1 |              3 |
|  not_so_slow/slowclk/clk_out | bird1/Vertical/count3to7/ce             |                  |                1 |              3 |
|  not_so_slow/slowclk/clk_out | bird7/Horizontal/count3to7/ce           |                  |                1 |              3 |
|  not_so_slow/slowclk/clk_out | bird7/Vertical/count0to2/ce_1           |                  |                1 |              3 |
|  not_so_slow/slowclk/clk_out | bird3/Horizontal/count0to2/ce_1         |                  |                1 |              3 |
|  not_so_slow/slowclk/clk_out | bird2/Horizontal/count0to2/ce_1         |                  |                1 |              3 |
|  not_so_slow/slowclk/clk_out | bird2/Horizontal/count3to7/ce           |                  |                1 |              3 |
|  not_so_slow/slowclk/clk_out | bird4/Horizontal/count0to2/ce_1         |                  |                1 |              3 |
|  not_so_slow/slowclk/clk_out | bird8/Horizontal/count0to2/ce_0         |                  |                2 |              3 |
|  not_so_slow/slowclk/clk_out | bird4/Horizontal/count3to7/ce           |                  |                2 |              3 |
|  not_so_slow/slowclk/clk_out | bird4/Vertical/count0to2/ce_1           |                  |                2 |              3 |
|  not_so_slow/slowclk/clk_out | bird8/Horizontal/count3to7/ce           |                  |                1 |              3 |
|  not_so_slow/slowclk/clk_out | bird4/Vertical/count3to7/ce             |                  |                1 |              3 |
|  not_so_slow/slowclk/clk_out | bird3/Horizontal/count3to7/ce           |                  |                2 |              3 |
|  not_so_slow/slowclk/clk_out | bird3/Vertical/count0to2/ce_0           |                  |                1 |              3 |
|  not_so_slow/slowclk/clk_out | bird8/Vertical/count0to2/ce_1           |                  |                2 |              3 |
|  not_so_slow/slowclk/clk_out | bird3/Vertical/count3to7/ce             |                  |                1 |              3 |
|  not_so_slow/slowclk/clk_out | bird8/Vertical/count3to7/ce             |                  |                1 |              3 |
|  not_so_slow/slowclk/clk_out | seconds/count3to7/ce                    |                  |                1 |              3 |
|  not_so_slow/slowclk/clk_out | stuffISee/Vert/count0to2/ce_1           |                  |                1 |              3 |
|  not_so_slow/slowclk/clk_out | seconds/count3to7/ce_0                  |                  |                1 |              3 |
|  not_so_slow/slowclk/clk_out | seconds/count3to7/ce_1                  |                  |                1 |              3 |
|  not_so_slow/slowclk/clk_out | stuffISee/Hori/count8to12/ce            |                  |                2 |              3 |
|  not_so_slow/slowclk/clk_out | bird1/Horizontal/count0to2/ce_0         |                  |                1 |              3 |
|  not_so_slow/slowclk/clk_out | bird1/Horizontal/count3to7/ce           |                  |                1 |              3 |
|  not_so_slow/slowclk/clk_out | bird5/Horizontal/count0to2/ce_0         |                  |                1 |              3 |
|  not_so_slow/slowclk/clk_out | catcher/Horizontal/count8to12/ce        |                  |                1 |              3 |
|  not_so_slow/slowclk/clk_out | seconds/count3to7/flip0_1[0]            |                  |                1 |              4 |
|  not_so_slow/slowclk/clk_out | not_so_slow/slowclk/XLXI_38/I_36_31_n_0 |                  |                2 |              4 |
|  not_so_slow/slowclk/clk_out | not_so_slow/slowclk/XLXI_39/CEO         |                  |                2 |              4 |
|  not_so_slow/slowclk/clk_out | not_so_slow/slowclk/XLXI_40/CEO         |                  |                2 |              4 |
|  not_so_slow/slowclk/clk_out | not_so_slow/slowclk/XLXI_45/CEO         |                  |                1 |              4 |
|  not_so_slow/slowclk/clk_out | bird6/Vertical/count0to2/ce             |                  |                4 |              5 |
|  not_so_slow/slowclk/clk_out | bird5/Vertical/count0to2/ce             |                  |                3 |              5 |
|  not_so_slow/slowclk/clk_out | bird6/Horizontal/count0to2/ce           |                  |                3 |              5 |
|  not_so_slow/slowclk/clk_out | bird7/position/ce                       |                  |                2 |              5 |
|  not_so_slow/slowclk/clk_out | bird2/Vertical/count0to2/ce             |                  |                3 |              5 |
|  not_so_slow/slowclk/clk_out | bird1/Vertical/count0to2/ce             |                  |                4 |              5 |
|  not_so_slow/slowclk/clk_out | bird2/Horizontal/count0to2/ce           |                  |                4 |              5 |
|  not_so_slow/slowclk/clk_out | bird4/Horizontal/count0to2/ce           |                  |                3 |              5 |
|  not_so_slow/slowclk/clk_out | bird4/Vertical/count0to2/ce             |                  |                3 |              5 |
|  not_so_slow/slowclk/clk_out | bird3/Vertical/count0to2/ce             |                  |                4 |              5 |
|  not_so_slow/slowclk/clk_out | stuffISee/Vert/count0to2/ce_0           |                  |                2 |              5 |
|  not_so_slow/slowclk/clk_out | stuffISee/Vert/count0to2/ce             |                  |                2 |              5 |
|  not_so_slow/slowclk/clk_out | stuffISee/Hori/count0to2/ce             |                  |                2 |              5 |
|  not_so_slow/slowclk/clk_out | timer/count0to2/ce_0                    |                  |                3 |              5 |
|  not_so_slow/slowclk/clk_out | bird7/Horizontal/count0to2/ce           |                  |                4 |              5 |
|  not_so_slow/slowclk/clk_out | bird5/Horizontal/count0to2/ce           |                  |                3 |              5 |
|  not_so_slow/slowclk/clk_out | bird7/Vertical/count0to2/ce             |                  |                3 |              5 |
|  not_so_slow/slowclk/clk_out | bird3/Horizontal/count0to2/ce           |                  |                3 |              5 |
|  not_so_slow/slowclk/clk_out | bird8/Horizontal/count0to2/ce           |                  |                5 |              5 |
|  not_so_slow/slowclk/clk_out | bird8/Vertical/count0to2/ce             |                  |                3 |              5 |
|  not_so_slow/slowclk/clk_out | catcher/Horizontal/count0to2/ce         |                  |                2 |              5 |
|  not_so_slow/slowclk/clk_out | stuffISee/Hori/count3to7/ce             |                  |                2 |              5 |
|  not_so_slow/slowclk/clk_out | bird1/Horizontal/count0to2/ce           |                  |                4 |              5 |
|  not_so_slow/slowclk/clk_out | timer/count0to2/ce_1                    |                  |                2 |              5 |
|  not_so_slow/slowclk/clk_out | catcher/Vertical/count0to2/ce           |                  |                3 |              5 |
|  not_so_slow/slowclk/clk_out |                                         |                  |               53 |             87 |
+------------------------------+-----------------------------------------+------------------+------------------+----------------+


