#-----------------------------------------------------------
# Vivado v2019.1 (64-bit)
# SW Build 2552052 on Fri May 24 14:49:42 MDT 2019
# IP Build 2548770 on Fri May 24 18:01:18 MDT 2019
# Start of session at: Tue Nov 12 11:58:53 2019
# Process ID: 6316
# Current directory: C:/Users/Julian/Documents/Work/CSE 100/Lab 6/Lab6
# Command line: vivado.exe -gui_launcher_event rodinguilauncherevent6280 C:\Users\Julian\Documents\Work\CSE 100\Lab 6\Lab6\Lab6.xpr
# Log file: C:/Users/Julian/Documents/Work/CSE 100/Lab 6/Lab6/vivado.log
# Journal file: C:/Users/Julian/Documents/Work/CSE 100/Lab 6/Lab6\vivado.jou
#-----------------------------------------------------------
start_gui
open_project {C:/Users/Julian/Documents/Work/CSE 100/Lab 6/Lab6/Lab6.xpr}
INFO: [Project 1-313] Project file moved from 'D:/Users/Julian/Documents/UCSC Year THREE/CSE 100/Lab 6/Lab6' since last save.
Scanning sources...
Finished scanning sources
INFO: [IP_Flow 19-234] Refreshing IP repositories
INFO: [IP_Flow 19-1704] No user IP repositories specified
INFO: [IP_Flow 19-2313] Loaded Vivado IP repository 'C:/Xilinx/Vivado/2019.1/data/ip'.
open_project: Time (s): cpu = 00:00:28 ; elapsed = 00:00:14 . Memory (MB): peak = 707.113 ; gain = 101.367
update_compile_order -fileset sources_1
update_compile_order -fileset sources_1
update_compile_order -fileset sources_1
add_files -fileset constrs_1 -norecurse {{C:/Users/Julian/Documents/Work/CSE 100/Lab 5/Lab 5/Basys3_Master.xdc}}
add_files -norecurse {{C:/Users/Julian/Documents/Work/CSE 100/Lab 4/Lab 4/Lab 4.srcs/sources_1/new/selector.v} {C:/Users/Julian/Documents/Work/CSE 100/Lab 4/Lab 4/Lab 4.srcs/sources_1/new/ringCount.v}}
update_compile_order -fileset sources_1
add_files -norecurse {{C:/Users/Julian/Documents/Work/CSE 100/Lab 3/Lab 3/Lab 3.srcs/sources_1/new/sevenSeg.v} {C:/Users/Julian/Documents/Work/CSE 100/Lab 3/Lab 3/Lab 3.srcs/sources_1/new/m8_1e.v}}
update_compile_order -fileset sources_1
update_compile_order -fileset sources_1
update_compile_order -fileset sources_1
update_compile_order -fileset sources_1
close [ open {C:/Users/Julian/Documents/Work/CSE 100/Lab 6/Lab6/Lab6.srcs/sources_1/new/negativeSign.v} w ]
add_files {{C:/Users/Julian/Documents/Work/CSE 100/Lab 6/Lab6/Lab6.srcs/sources_1/new/negativeSign.v}}
update_compile_order -fileset sources_1
launch_runs impl_1 -to_step write_bitstream
[Tue Nov 12 16:11:39 2019] Launched synth_1...
Run output will be captured here: C:/Users/Julian/Documents/Work/CSE 100/Lab 6/Lab6/Lab6.runs/synth_1/runme.log
[Tue Nov 12 16:11:39 2019] Launched impl_1...
Run output will be captured here: C:/Users/Julian/Documents/Work/CSE 100/Lab 6/Lab6/Lab6.runs/impl_1/runme.log
add_files -norecurse {{C:/Users/Julian/Documents/Work/CSE 100/Lab 3/Lab 3/Lab 3.srcs/sources_1/new/m4_1e.v}}
update_compile_order -fileset sources_1
reset_run synth_1
launch_runs impl_1 -to_step write_bitstream
[Tue Nov 12 16:12:49 2019] Launched synth_1...
Run output will be captured here: C:/Users/Julian/Documents/Work/CSE 100/Lab 6/Lab6/Lab6.runs/synth_1/runme.log
[Tue Nov 12 16:12:49 2019] Launched impl_1...
Run output will be captured here: C:/Users/Julian/Documents/Work/CSE 100/Lab 6/Lab6/Lab6.runs/impl_1/runme.log
open_hw
connect_hw_server
INFO: [Labtools 27-2285] Connecting to hw_server url TCP:localhost:3121
INFO: [Labtools 27-2222] Launching hw_server...
INFO: [Labtools 27-2221] Launch Output:

****** Xilinx hw_server v2019.1
  **** Build date : May 24 2019 at 15:13:31
    ** Copyright 1986-2019 Xilinx, Inc. All Rights Reserved.


connect_hw_server: Time (s): cpu = 00:00:01 ; elapsed = 00:00:06 . Memory (MB): peak = 798.922 ; gain = 4.023
open_hw_target
INFO: [Labtoolstcl 44-466] Opening hw_target localhost:3121/xilinx_tcf/Digilent/210183A2838AA
open_hw_target: Time (s): cpu = 00:00:06 ; elapsed = 00:00:05 . Memory (MB): peak = 1925.914 ; gain = 1126.992
set_property PROGRAM.FILE {C:/Users/Julian/Documents/Work/CSE 100/Lab 6/Lab6/Lab6.runs/impl_1/toppo.bit} [get_hw_devices xc7a35t_0]
current_hw_device [get_hw_devices xc7a35t_0]
refresh_hw_device -update_hw_probes false [lindex [get_hw_devices xc7a35t_0] 0]
INFO: [Labtools 27-1435] Device xc7a35t (JTAG device index = 0) is not programmed (DONE status = 0).
set_property PROBES.FILE {} [get_hw_devices xc7a35t_0]
set_property FULL_PROBES.FILE {} [get_hw_devices xc7a35t_0]
set_property PROGRAM.FILE {C:/Users/Julian/Documents/Work/CSE 100/Lab 6/Lab6/Lab6.runs/impl_1/toppo.bit} [get_hw_devices xc7a35t_0]
program_hw_devices [get_hw_devices xc7a35t_0]
INFO: [Labtools 27-3164] End of startup status: HIGH
refresh_hw_device [lindex [get_hw_devices xc7a35t_0] 0]
INFO: [Labtools 27-1434] Device xc7a35t (JTAG device index = 0) is programmed with a design that has no supported debug core(s) in it.
reset_run impl_1 -prev_step 
launch_runs impl_1 -to_step write_bitstream
WARNING: [Vivado 12-872] Run step 'Design Initialization' is out-of-date.
[Tue Nov 12 16:16:54 2019] Launched impl_1...
Run output will be captured here: C:/Users/Julian/Documents/Work/CSE 100/Lab 6/Lab6/Lab6.runs/impl_1/runme.log
set_property PROBES.FILE {} [get_hw_devices xc7a35t_0]
set_property FULL_PROBES.FILE {} [get_hw_devices xc7a35t_0]
set_property PROGRAM.FILE {C:/Users/Julian/Documents/Work/CSE 100/Lab 6/Lab6/Lab6.runs/impl_1/toppo.bit} [get_hw_devices xc7a35t_0]
program_hw_devices [get_hw_devices xc7a35t_0]
INFO: [Labtools 27-3164] End of startup status: HIGH
refresh_hw_device [lindex [get_hw_devices xc7a35t_0] 0]
INFO: [Labtools 27-1434] Device xc7a35t (JTAG device index = 0) is programmed with a design that has no supported debug core(s) in it.
set_property PROBES.FILE {} [get_hw_devices xc7a35t_0]
set_property FULL_PROBES.FILE {} [get_hw_devices xc7a35t_0]
set_property PROGRAM.FILE {C:/Users/Julian/Documents/Work/CSE 100/Lab 6/Lab6/Lab6.runs/impl_1/toppo.bit} [get_hw_devices xc7a35t_0]
program_hw_devices [get_hw_devices xc7a35t_0]
INFO: [Labtools 27-3164] End of startup status: HIGH
refresh_hw_device [lindex [get_hw_devices xc7a35t_0] 0]
INFO: [Labtools 27-1434] Device xc7a35t (JTAG device index = 0) is programmed with a design that has no supported debug core(s) in it.
reset_run synth_1
launch_runs impl_1 -to_step write_bitstream
[Tue Nov 12 16:19:29 2019] Launched synth_1...
Run output will be captured here: C:/Users/Julian/Documents/Work/CSE 100/Lab 6/Lab6/Lab6.runs/synth_1/runme.log
[Tue Nov 12 16:19:29 2019] Launched impl_1...
Run output will be captured here: C:/Users/Julian/Documents/Work/CSE 100/Lab 6/Lab6/Lab6.runs/impl_1/runme.log
reset_run synth_1
launch_runs impl_1 -to_step write_bitstream
[Tue Nov 12 16:25:08 2019] Launched synth_1...
Run output will be captured here: C:/Users/Julian/Documents/Work/CSE 100/Lab 6/Lab6/Lab6.runs/synth_1/runme.log
[Tue Nov 12 16:25:08 2019] Launched impl_1...
Run output will be captured here: C:/Users/Julian/Documents/Work/CSE 100/Lab 6/Lab6/Lab6.runs/impl_1/runme.log
reset_run synth_1
launch_runs impl_1 -to_step write_bitstream
[Tue Nov 12 16:29:44 2019] Launched synth_1...
Run output will be captured here: C:/Users/Julian/Documents/Work/CSE 100/Lab 6/Lab6/Lab6.runs/synth_1/runme.log
[Tue Nov 12 16:29:44 2019] Launched impl_1...
Run output will be captured here: C:/Users/Julian/Documents/Work/CSE 100/Lab 6/Lab6/Lab6.runs/impl_1/runme.log
set_property PROBES.FILE {} [get_hw_devices xc7a35t_0]
set_property FULL_PROBES.FILE {} [get_hw_devices xc7a35t_0]
set_property PROGRAM.FILE {C:/Users/Julian/Documents/Work/CSE 100/Lab 6/Lab6/Lab6.runs/impl_1/toppo.bit} [get_hw_devices xc7a35t_0]
program_hw_devices [get_hw_devices xc7a35t_0]
INFO: [Labtools 27-3164] End of startup status: HIGH
refresh_hw_device [lindex [get_hw_devices xc7a35t_0] 0]
INFO: [Labtools 27-1434] Device xc7a35t (JTAG device index = 0) is programmed with a design that has no supported debug core(s) in it.
reset_run synth_1
launch_runs impl_1 -to_step write_bitstream
[Tue Nov 12 16:35:38 2019] Launched synth_1...
Run output will be captured here: C:/Users/Julian/Documents/Work/CSE 100/Lab 6/Lab6/Lab6.runs/synth_1/runme.log
[Tue Nov 12 16:35:38 2019] Launched impl_1...
Run output will be captured here: C:/Users/Julian/Documents/Work/CSE 100/Lab 6/Lab6/Lab6.runs/impl_1/runme.log
set_property PROBES.FILE {} [get_hw_devices xc7a35t_0]
set_property FULL_PROBES.FILE {} [get_hw_devices xc7a35t_0]
set_property PROGRAM.FILE {C:/Users/Julian/Documents/Work/CSE 100/Lab 6/Lab6/Lab6.runs/impl_1/toppo.bit} [get_hw_devices xc7a35t_0]
program_hw_devices [get_hw_devices xc7a35t_0]
INFO: [Labtools 27-3164] End of startup status: HIGH
refresh_hw_device [lindex [get_hw_devices xc7a35t_0] 0]
INFO: [Labtools 27-1434] Device xc7a35t (JTAG device index = 0) is programmed with a design that has no supported debug core(s) in it.
reset_run synth_1
launch_runs impl_1 -to_step write_bitstream
[Tue Nov 12 16:41:49 2019] Launched synth_1...
Run output will be captured here: C:/Users/Julian/Documents/Work/CSE 100/Lab 6/Lab6/Lab6.runs/synth_1/runme.log
[Tue Nov 12 16:41:49 2019] Launched impl_1...
Run output will be captured here: C:/Users/Julian/Documents/Work/CSE 100/Lab 6/Lab6/Lab6.runs/impl_1/runme.log
set_property PROBES.FILE {} [get_hw_devices xc7a35t_0]
set_property FULL_PROBES.FILE {} [get_hw_devices xc7a35t_0]
set_property PROGRAM.FILE {C:/Users/Julian/Documents/Work/CSE 100/Lab 6/Lab6/Lab6.runs/impl_1/toppo.bit} [get_hw_devices xc7a35t_0]
program_hw_devices [get_hw_devices xc7a35t_0]
INFO: [Labtools 27-3164] End of startup status: HIGH
refresh_hw_device [lindex [get_hw_devices xc7a35t_0] 0]
INFO: [Labtools 27-1434] Device xc7a35t (JTAG device index = 0) is programmed with a design that has no supported debug core(s) in it.
reset_run synth_1
launch_runs impl_1 -to_step write_bitstream
[Tue Nov 12 16:53:53 2019] Launched synth_1...
Run output will be captured here: C:/Users/Julian/Documents/Work/CSE 100/Lab 6/Lab6/Lab6.runs/synth_1/runme.log
[Tue Nov 12 16:53:53 2019] Launched impl_1...
Run output will be captured here: C:/Users/Julian/Documents/Work/CSE 100/Lab 6/Lab6/Lab6.runs/impl_1/runme.log
set_property PROBES.FILE {} [get_hw_devices xc7a35t_0]
set_property FULL_PROBES.FILE {} [get_hw_devices xc7a35t_0]
set_property PROGRAM.FILE {C:/Users/Julian/Documents/Work/CSE 100/Lab 6/Lab6/Lab6.runs/impl_1/toppo.bit} [get_hw_devices xc7a35t_0]
program_hw_devices [get_hw_devices xc7a35t_0]
INFO: [Labtools 27-3164] End of startup status: HIGH
refresh_hw_device [lindex [get_hw_devices xc7a35t_0] 0]
INFO: [Labtools 27-1434] Device xc7a35t (JTAG device index = 0) is programmed with a design that has no supported debug core(s) in it.
reset_run synth_1
launch_runs impl_1 -to_step write_bitstream
[Tue Nov 12 17:21:45 2019] Launched synth_1...
Run output will be captured here: C:/Users/Julian/Documents/Work/CSE 100/Lab 6/Lab6/Lab6.runs/synth_1/runme.log
[Tue Nov 12 17:21:45 2019] Launched impl_1...
Run output will be captured here: C:/Users/Julian/Documents/Work/CSE 100/Lab 6/Lab6/Lab6.runs/impl_1/runme.log
reset_run impl_1
launch_runs impl_1 -to_step write_bitstream
[Tue Nov 12 17:27:21 2019] Launched impl_1...
Run output will be captured here: C:/Users/Julian/Documents/Work/CSE 100/Lab 6/Lab6/Lab6.runs/impl_1/runme.log
reset_run synth_1
launch_runs impl_1 -to_step write_bitstream
[Tue Nov 12 17:33:33 2019] Launched synth_1...
Run output will be captured here: C:/Users/Julian/Documents/Work/CSE 100/Lab 6/Lab6/Lab6.runs/synth_1/runme.log
[Tue Nov 12 17:33:33 2019] Launched impl_1...
Run output will be captured here: C:/Users/Julian/Documents/Work/CSE 100/Lab 6/Lab6/Lab6.runs/impl_1/runme.log
set_property PROBES.FILE {} [get_hw_devices xc7a35t_0]
set_property FULL_PROBES.FILE {} [get_hw_devices xc7a35t_0]
set_property PROGRAM.FILE {C:/Users/Julian/Documents/Work/CSE 100/Lab 6/Lab6/Lab6.runs/impl_1/toppo.bit} [get_hw_devices xc7a35t_0]
program_hw_devices [get_hw_devices xc7a35t_0]
INFO: [Labtools 27-3164] End of startup status: HIGH
refresh_hw_device [lindex [get_hw_devices xc7a35t_0] 0]
INFO: [Labtools 27-1434] Device xc7a35t (JTAG device index = 0) is programmed with a design that has no supported debug core(s) in it.
ERROR: [Labtoolstcl 44-513] HW Target shutdown. Closing target: localhost:3121/xilinx_tcf/Digilent/210183A2838AA
