#-----------------------------------------------------------
# Vivado v2019.1 (64-bit)
# SW Build 2552052 on Fri May 24 14:49:42 MDT 2019
# IP Build 2548770 on Fri May 24 18:01:18 MDT 2019
# Start of session at: Tue Nov 12 21:11:39 2019
# Process ID: 10780
# Current directory: D:/Users/Julian/Documents/UCSC Year THREE/CSE 100/Lab 6/Lab6
# Command line: vivado.exe -gui_launcher_event rodinguilauncherevent18696 D:\Users\Julian\Documents\UCSC Year THREE\CSE 100\Lab 6\Lab6\Lab6.xpr
# Log file: D:/Users/Julian/Documents/UCSC Year THREE/CSE 100/Lab 6/Lab6/vivado.log
# Journal file: D:/Users/Julian/Documents/UCSC Year THREE/CSE 100/Lab 6/Lab6\vivado.jou
#-----------------------------------------------------------
start_gui
open_project {D:/Users/Julian/Documents/UCSC Year THREE/CSE 100/Lab 6/Lab6/Lab6.xpr}
INFO: [Project 1-313] Project file moved from 'C:/Users/Julian/Documents/Work/CSE 100/Lab 6/Lab6' since last save.
Scanning sources...
Finished scanning sources
INFO: [IP_Flow 19-234] Refreshing IP repositories
INFO: [IP_Flow 19-1704] No user IP repositories specified
INFO: [IP_Flow 19-2313] Loaded Vivado IP repository 'D:/Xilinx/Vivado/2019.1/data/ip'.
open_project: Time (s): cpu = 00:00:18 ; elapsed = 00:00:07 . Memory (MB): peak = 794.320 ; gain = 124.191
update_compile_order -fileset sources_1
